2025-12-04 14:25:49,501 - MainThread - INFO - GPU memory growth setting failed: Physical devices cannot be modified after being initialized
2025-12-04 14:25:49,501 - MainThread - INFO - 
=== Experiment 1/1: 200_2 ===
2025-12-04 14:25:49,715 - MainThread - INFO - Loaded data shape: X=(9799368, 4), y=(9799368, 1)
2025-12-04 14:25:49,768 - MainThread - INFO - [200_2] Mean initial temperature at t0 = 298.150 K
2025-12-04 14:25:52,311 - MainThread - INFO - Input scaler for 200_2 - mins: [0.         0.0149951  0.16491048 0.004     ], scales: [1.0038600e+03 2.0000981e-01 5.1790476e-03 3.2060756e-03]
2025-12-04 14:25:52,312 - MainThread - INFO - Physics parameters loaded - V: 10.1V, I: 70A, Efficiency: 0.7
2025-12-04 14:25:53,994 - MainThread - INFO - [200_2] Starting Stage 1 (data-only) training for 100 epochs...
2025-12-04 14:37:38,102 - MainThread - INFO - [200_2] Stage 1 (data-only) training complete.
2025-12-04 14:37:38,104 - MainThread - INFO - Model parameters: {'input_dim': 4, 'output_dim': 1, 'layer_sizes': [128, 128, 64, 64, 32, 16, 1], 'activation': 'relu', 'w_data': 0.001, 'w_pde': 1e-10, 'w_bc': 1e-08, 'w_ic': 0.0001}
2025-12-04 14:37:38,104 - MainThread - INFO - Training parameters (PINN stage): {'epochs_data_only': 100, 'epochs_pinn': 250, 'batch_size': 8192, 'learning_rate': 5e-05, 'early_stopping_patience': 40, 'lr_reduce_patience': 20, 'lr_reduce_factor': 0.5, 'min_lr': 1e-06, 'pde_warmup_epochs': 20, 'max_grad_norm': 1.0, 'bc_batch_size': 2048, 'ic_batch_size': 2048, 'max_batches_per_epoch': 60, 'physics_batch_size': 2048}
2025-12-04 14:37:38,104 - MainThread - INFO - Starting PINN training for experiment: 200_2
2025-12-04 14:37:38,104 - MainThread - INFO - Configuration - Epochs: 250, Data Batch Size: 8192, Physics Batch Size: 2048
2025-12-04 14:37:38,106 - MainThread - INFO - Dataset sizes - Train: 7055544, Validation: 1763887, Test: 979937
2025-12-04 14:37:38,107 - MainThread - INFO - PDE domain size (X_all): 9799368 points
2025-12-04 14:38:06,437 - MainThread - INFO - [200_2] Epoch 1/250 | Avg Total Loss: 8.9436e+01 | Val Data Loss: 6.0209e+01 | (Data=5.919e+01, PDE=2.320e+25, BC=5.236e+10, IC=1.384e-04) | w_data=1.0e+00, w_pde=0.0e+00, w_bc=0.0e+00, w_ic=5.0e-02
2025-12-04 14:41:50,076 - MainThread - INFO - [200_2] Epoch 10/250 | Avg Total Loss: 6.9076e+01 | Val Data Loss: 5.5866e+01 | (Data=4.285e+01, PDE=2.326e+25, BC=7.477e+10, IC=8.630e-05) | w_data=1.0e+00, w_pde=0.0e+00, w_bc=0.0e+00, w_ic=4.9e-02
2025-12-04 14:45:57,865 - MainThread - INFO - [200_2] Epoch 20/250 | Avg Total Loss: 6.5176e+01 | Val Data Loss: 6.1326e+01 | (Data=6.598e+01, PDE=1.939e+25, BC=4.462e+10, IC=1.093e-04) | w_data=1.0e+00, w_pde=0.0e+00, w_bc=0.0e+00, w_ic=4.8e-02
2025-12-04 14:45:57,866 - MainThread - INFO - [200_2] Reducing learning rate from 5.00e-05 to 2.50e-05 after 20 epochs without sufficient improvement.
2025-12-04 14:50:06,437 - MainThread - INFO - [200_2] Epoch 30/250 | Avg Total Loss: 5.3076e+13 | Val Data Loss: 7.2430e+04 | (Data=8.037e+04, PDE=3.164e+23, BC=2.257e+09, IC=3.729e-02) | w_data=1.0e+00, w_pde=1.6e-10, w_bc=1.4e-08, w_ic=4.7e-02
2025-12-04 14:54:14,647 - MainThread - INFO - [200_2] Epoch 40/250 | Avg Total Loss: 2.5149e+13 | Val Data Loss: 9.5758e+04 | (Data=1.178e+05, PDE=9.585e+22, BC=2.198e+09, IC=2.491e-01) | w_data=1.0e+00, w_pde=3.8e-10, w_bc=2.5e-08, w_ic=4.6e-02
2025-12-04 14:54:14,648 - MainThread - INFO - [200_2] Reducing learning rate from 2.50e-05 to 1.25e-05 after 20 epochs without sufficient improvement.
2025-12-04 14:58:22,557 - MainThread - INFO - [200_2] Epoch 50/250 | Avg Total Loss: 2.9989e+13 | Val Data Loss: 1.3023e+05 | (Data=1.470e+05, PDE=2.470e+22, BC=8.805e+08, IC=1.560e-01) | w_data=1.0e+00, w_pde=7.6e-10, w_bc=3.9e-08, w_ic=4.5e-02
2025-12-04 15:01:39,212 - MainThread - INFO - [200_2] Early stopping in PINN stage at epoch 58. Best validation data loss: 5.4787e+01
2025-12-04 15:01:39,216 - MainThread - WARNING - You are saving your model as an HDF5 file via `model.save()` or `keras.saving.save_model(model)`. This file format is considered legacy. We recommend using instead the native Keras format, e.g. `model.save('my_model.keras')` or `keras.saving.save_model(model, 'my_model.keras')`. 
2025-12-04 15:01:39,241 - MainThread - INFO - Model saved: model_200_2.h5
2025-12-04 15:01:39,241 - MainThread - INFO - Input scaler saved: input_scaler_200_2.npz
2025-12-04 15:01:39,963 - MainThread - INFO - PINN training plot saved for 200_2
2025-12-04 15:01:39,964 - MainThread - INFO - Starting final evaluation for 200_2
