2025-11-16 00:03:48,338 - MainThread - INFO - ✓ GPU memory growth enabled for 1 device(s)
2025-11-16 00:03:48,339 - MainThread - INFO - 
=== Experiment 1/1: 200_2 ===
2025-11-16 00:03:48,592 - MainThread - INFO - Loaded data shape: X=(9799368, 4), y=(9799368, 1)
2025-11-16 00:03:49,367 - MainThread - INFO - Final splits - Train: 2808323, Val: 702081, Test: 6288964
2025-11-16 00:03:49,550 - MainThread - INFO - Input scaler for 200_2 - mins: [0.         0.0149951  0.16491048 0.004     ], scales: [1.0038600e+03 2.0000981e-01 5.1790476e-03 3.2060756e-03]
2025-11-16 00:03:50,773 - MainThread - INFO - [200_2] Starting Stage 1 (data-only) training for 100 epochs...
2025-11-16 00:07:15,058 - MainThread - INFO - [200_2] Stage 1 (data-only) training complete.
2025-11-16 00:07:15,058 - MainThread - INFO - Model parameters: {'input_dim': 4, 'output_dim': 1, 'layer_sizes': [256, 256, 128, 128, 64, 32, 1], 'activation': 'relu', 'w_data': 1.0, 'w_pde': 1e-10, 'w_bc': 1e-08, 'w_ic': 0.0001}
2025-11-16 00:07:15,059 - MainThread - INFO - Training parameters (PINN stage): {'epochs_data_only': 100, 'epochs_pinn': 250, 'batch_size': 8192, 'learning_rate': 5e-05, 'early_stopping_patience': 40, 'lr_reduce_patience': 20, 'lr_reduce_factor': 0.5, 'min_lr': 1e-06, 'pde_warmup_epochs': 80, 'max_grad_norm': 1.0, 'bc_batch_size': 2048, 'ic_batch_size': 2048, 'max_batches_per_epoch': 60, 'physics_batch_size': 2048}
2025-11-16 00:07:15,059 - MainThread - INFO - Starting PINN training for experiment: 200_2
2025-11-16 00:07:15,059 - MainThread - INFO - Configuration - Epochs: 250, Data Batch Size: 8192, Physics Batch Size: 2048
2025-11-16 00:07:15,060 - MainThread - INFO - Physics parameters loaded - V: 10.1V, I: 70A, Efficiency: 0.7
2025-11-16 00:07:15,480 - MainThread - INFO - Dataset sizes - Train: 2808323, Validation: 702081, Test: 6288964
2025-11-16 00:07:15,481 - MainThread - INFO - PDE domain size (X_all): 9799368 points
2025-11-16 00:07:19,885 - MainThread - INFO - [200_2] Epoch 1/250 | Avg Total Loss: 5.4253e+01 | Val Data Loss: 2.4570e+01 | (Data=2.405e+01, PDE=0.000e+00, BC=0.000e+00, IC=0.000e+00) | w_data=1.0e+00, w_pde=0.0e+00, w_bc=0.0e+00, w_ic=0.0e+00
2025-11-16 00:07:44,707 - MainThread - INFO - [200_2] Epoch 10/250 | Avg Total Loss: 2.8288e+01 | Val Data Loss: 2.5894e+01 | (Data=2.312e+01, PDE=0.000e+00, BC=0.000e+00, IC=0.000e+00) | w_data=1.0e+00, w_pde=0.0e+00, w_bc=0.0e+00, w_ic=0.0e+00
2025-11-16 00:08:12,258 - MainThread - INFO - [200_2] Epoch 20/250 | Avg Total Loss: 2.7189e+01 | Val Data Loss: 2.4660e+01 | (Data=2.775e+01, PDE=0.000e+00, BC=0.000e+00, IC=0.000e+00) | w_data=1.0e+00, w_pde=0.0e+00, w_bc=0.0e+00, w_ic=0.0e+00
2025-11-16 00:08:12,259 - MainThread - INFO - [200_2] Reducing learning rate from 5.00e-05 to 2.50e-05 after 20 epochs without sufficient improvement.
2025-11-16 00:08:39,934 - MainThread - INFO - [200_2] Epoch 30/250 | Avg Total Loss: 2.1403e+01 | Val Data Loss: 1.9982e+01 | (Data=1.981e+01, PDE=0.000e+00, BC=0.000e+00, IC=0.000e+00) | w_data=1.0e+00, w_pde=0.0e+00, w_bc=0.0e+00, w_ic=0.0e+00
2025-11-16 00:09:07,101 - MainThread - INFO - [200_2] Epoch 40/250 | Avg Total Loss: 2.0985e+01 | Val Data Loss: 2.1095e+01 | (Data=1.933e+01, PDE=0.000e+00, BC=0.000e+00, IC=0.000e+00) | w_data=1.0e+00, w_pde=0.0e+00, w_bc=0.0e+00, w_ic=0.0e+00
2025-11-16 00:09:07,102 - MainThread - INFO - [200_2] Reducing learning rate from 2.50e-05 to 1.25e-05 after 20 epochs without sufficient improvement.
2025-11-16 00:09:34,368 - MainThread - INFO - [200_2] Epoch 50/250 | Avg Total Loss: 1.9707e+01 | Val Data Loss: 1.9744e+01 | (Data=2.068e+01, PDE=0.000e+00, BC=0.000e+00, IC=0.000e+00) | w_data=1.0e+00, w_pde=0.0e+00, w_bc=0.0e+00, w_ic=0.0e+00
2025-11-16 00:10:02,112 - MainThread - INFO - [200_2] Epoch 60/250 | Avg Total Loss: 1.9109e+01 | Val Data Loss: 1.9924e+01 | (Data=1.271e+01, PDE=0.000e+00, BC=0.000e+00, IC=0.000e+00) | w_data=1.0e+00, w_pde=0.0e+00, w_bc=0.0e+00, w_ic=0.0e+00
2025-11-16 00:10:02,113 - MainThread - INFO - [200_2] Reducing learning rate from 1.25e-05 to 6.25e-06 after 20 epochs without sufficient improvement.
2025-11-16 00:10:29,715 - MainThread - INFO - [200_2] Epoch 70/250 | Avg Total Loss: 1.8660e+01 | Val Data Loss: 1.8286e+01 | (Data=1.483e+01, PDE=0.000e+00, BC=0.000e+00, IC=0.000e+00) | w_data=1.0e+00, w_pde=0.0e+00, w_bc=0.0e+00, w_ic=0.0e+00
2025-11-16 00:10:56,799 - MainThread - INFO - [200_2] Epoch 80/250 | Avg Total Loss: 1.7839e+01 | Val Data Loss: 1.8500e+01 | (Data=1.707e+01, PDE=0.000e+00, BC=0.000e+00, IC=0.000e+00) | w_data=1.0e+00, w_pde=0.0e+00, w_bc=0.0e+00, w_ic=0.0e+00
2025-11-16 00:10:56,800 - MainThread - INFO - [200_2] Reducing learning rate from 6.25e-06 to 3.12e-06 after 20 epochs without sufficient improvement.
