2025-11-15 00:12:07,240 - MainThread - INFO - ✓ GPU memory growth enabled for 1 device(s)
2025-11-15 00:12:07,240 - MainThread - INFO - 
=== Experiment 1/1: 200_2 ===
2025-11-15 00:12:07,454 - MainThread - INFO - Loaded data shape: X=(9799368, 4), y=(9799368, 1)
2025-11-15 00:12:08,282 - MainThread - INFO - Final splits - Train: 2808323, Val: 702081, Test: 6288964
2025-11-15 00:12:09,315 - MainThread - INFO - Model parameters: {'input_dim': 4, 'output_dim': 1, 'layer_sizes': [256, 256, 128, 128, 64, 64, 1], 'activation': 'relu', 'w_data': 0.001, 'w_pde': 1e-17, 'w_bc': 1e-06, 'w_ic': 1e-07}
2025-11-15 00:12:09,315 - MainThread - INFO - Training parameters: {'epochs': 300, 'batch_size': 4096, 'learning_rate': 0.0001, 'early_stopping_patience': 40, 'lr_reduce_patience': 20, 'lr_reduce_factor': 0.5, 'min_lr': 1e-06, 'pde_warmup_epochs': 40, 'max_grad_norm': 1.0, 'bc_batch_size': 2048, 'ic_batch_size': 2048, 'max_batches_per_epoch': 200}
2025-11-15 00:12:09,315 - MainThread - INFO - Starting training for experiment: 200_2
2025-11-15 00:12:09,315 - MainThread - INFO - Configuration - Epochs: 300, Data Batch Size: 4096, Physics Batch Size: 4096
2025-11-15 00:12:09,316 - MainThread - INFO - Physics parameters loaded - V: 10.1V, I: 70A, Efficiency: 0.7
2025-11-15 00:12:09,316 - MainThread - INFO - Goldak params (m): a_f=0.0018363499999999998, a_r=0.007345399999999999, b=0.0018727, c=0.0039014600000000003
2025-11-15 00:12:09,317 - MainThread - INFO - BC params: h_c=20, emissivity=0.6
2025-11-15 00:12:09,486 - MainThread - INFO - Dataset sizes - Train: 2808323, Validation: 702081, Test: 6288964
2025-11-15 00:12:10,105 - MainThread - WARNING - Calling GradientTape.gradient on a persistent tape inside its context is significantly less efficient than calling it outside the context (it causes the gradient ops to be recorded on the tape, leading to increased CPU and memory usage). Only call GradientTape.gradient inside the context if you actually want to trace the gradient in order to compute higher order derivatives.
2025-11-15 00:12:39,317 - MainThread - INFO - [200_2] Epoch 1/300 | Avg Total Loss: 3.1738e+05 | Val Data Loss: 3.0989e+05 | (Data=3.022e+05, PDE=5.452e+12, BC=2.940e+07, IC=8.767e+04) | w_data=1.0e+00, w_pde=0.0e+00, w_bc=0.0e+00, w_ic=0.0e+00
2025-11-15 00:16:43,938 - MainThread - INFO - [200_2] Epoch 10/300 | Avg Total Loss: 2.8039e+04 | Val Data Loss: 2.5708e+04 | (Data=2.503e+04, PDE=7.090e+14, BC=3.040e+09, IC=1.539e+03) | w_data=1.0e+00, w_pde=0.0e+00, w_bc=0.0e+00, w_ic=0.0e+00
2025-11-15 00:21:13,558 - MainThread - INFO - [200_2] Epoch 20/300 | Avg Total Loss: 2.2823e+04 | Val Data Loss: 2.1964e+04 | (Data=2.453e+04, PDE=2.359e+16, BC=4.537e+09, IC=2.636e+02) | w_data=1.0e+00, w_pde=0.0e+00, w_bc=0.0e+00, w_ic=0.0e+00
2025-11-15 00:21:13,559 - MainThread - INFO - [200_2] Reducing learning rate from 1.00e-04 to 5.00e-05 after 20 epochs without sufficient improvement.
2025-11-15 00:25:45,668 - MainThread - INFO - [200_2] Epoch 30/300 | Avg Total Loss: 1.9393e+04 | Val Data Loss: 1.9179e+04 | (Data=1.825e+04, PDE=4.118e+16, BC=6.406e+09, IC=2.647e+02) | w_data=1.0e+00, w_pde=0.0e+00, w_bc=0.0e+00, w_ic=0.0e+00
2025-11-15 00:30:14,872 - MainThread - INFO - [200_2] Epoch 40/300 | Avg Total Loss: 1.7333e+04 | Val Data Loss: 1.6564e+04 | (Data=1.602e+04, PDE=6.093e+16, BC=9.460e+09, IC=7.908e+01) | w_data=1.0e+00, w_pde=0.0e+00, w_bc=0.0e+00, w_ic=0.0e+00
2025-11-15 00:30:14,872 - MainThread - INFO - [200_2] Reducing learning rate from 5.00e-05 to 2.50e-05 after 20 epochs without sufficient improvement.
2025-11-15 00:34:43,440 - MainThread - INFO - [200_2] Epoch 50/300 | Avg Total Loss: 1.6229e+04 | Val Data Loss: 1.4907e+04 | (Data=1.604e+04, PDE=8.145e+16, BC=9.982e+09, IC=2.505e+00) | w_data=1.0e+00, w_pde=2.8e-21, w_bc=1.7e-07, w_ic=9.2e-05
