2025-11-14 15:48:43,066 - MainThread - INFO - ✓ GPU memory growth enabled for 1 device(s)
2025-11-14 15:48:43,066 - MainThread - INFO - 
=== Experiment 1/1: 200_2 ===
2025-11-14 15:48:43,301 - MainThread - INFO - Loaded data shape: X=(9799368, 4), y=(9799368, 1)
2025-11-14 15:48:44,168 - MainThread - INFO - Final splits - Train: 2808323, Val: 702081, Test: 6288964
2025-11-14 15:48:45,239 - MainThread - INFO - Model parameters: {'input_dim': 4, 'output_dim': 1, 'layer_sizes': [128, 128, 64, 64, 32, 32, 1], 'activation': 'tanh', 'learning_rate': 0.0001, 'w_data': 0.001, 'w_pde': 1e-17, 'w_bc': 1e-06, 'w_ic': 1e-07}
2025-11-14 15:48:45,239 - MainThread - INFO - Training parameters: {'epochs': 300, 'batch_size': 4096, 'learning_rate': 0.0001, 'early_stopping_patience': 40, 'lr_reduce_patience': 20, 'lr_reduce_factor': 0.5, 'min_lr': 1e-06, 'pde_warmup_epochs': 40, 'max_grad_norm': 1.0, 'bc_batch_size': 2048, 'ic_batch_size': 2048, 'max_batches_per_epoch': 200}
2025-11-14 15:48:45,239 - MainThread - INFO - Starting training for experiment: 200_2
2025-11-14 15:48:45,239 - MainThread - INFO - Configuration - Epochs: 300, Data Batch Size: 4096, Physics Batch Size: 4096
2025-11-14 15:48:45,241 - MainThread - INFO - Physics parameters loaded - V: 10.1V, I: 70A, Efficiency: 0.7
2025-11-14 15:48:45,445 - MainThread - INFO - Dataset sizes - Train: 2808323, Validation: 702081, Test: 6288964
2025-11-14 15:49:19,940 - MainThread - INFO - [200_2] Epoch 1/300 | Avg Total Loss: 3.4042e-01 | Val Data Loss: 3.3948e-01 | (Data=3.419e-01, PDE=1.226e-17, BC=3.603e+03, IC=8.691e+00) | w_data=1.0e+00, w_pde=0.0e+00, w_bc=0.0e+00, w_ic=0.0e+00
2025-11-14 15:53:55,917 - MainThread - INFO - [200_2] Epoch 10/300 | Avg Total Loss: 3.3091e-01 | Val Data Loss: 3.3118e-01 | (Data=3.277e-01, PDE=1.273e-17, BC=3.421e+03, IC=8.116e+00) | w_data=1.0e+00, w_pde=0.0e+00, w_bc=0.0e+00, w_ic=0.0e+00
2025-11-14 15:59:03,014 - MainThread - INFO - [200_2] Epoch 20/300 | Avg Total Loss: 3.2392e-01 | Val Data Loss: 3.2420e-01 | (Data=3.328e-01, PDE=1.229e-17, BC=3.267e+03, IC=7.740e+00) | w_data=1.0e+00, w_pde=0.0e+00, w_bc=0.0e+00, w_ic=0.0e+00
2025-11-14 15:59:03,015 - MainThread - INFO - [200_2] Reducing learning rate from 1.00e-04 to 5.00e-05 after 20 epochs without sufficient improvement.
2025-11-14 16:04:10,139 - MainThread - INFO - [200_2] Epoch 30/300 | Avg Total Loss: 3.2048e-01 | Val Data Loss: 3.2079e-01 | (Data=3.114e-01, PDE=1.365e-17, BC=3.192e+03, IC=7.558e+00) | w_data=1.0e+00, w_pde=0.0e+00, w_bc=0.0e+00, w_ic=0.0e+00
2025-11-14 16:09:16,520 - MainThread - INFO - [200_2] Epoch 40/300 | Avg Total Loss: 3.1767e-01 | Val Data Loss: 3.1740e-01 | (Data=3.177e-01, PDE=1.290e-17, BC=3.118e+03, IC=7.378e+00) | w_data=1.0e+00, w_pde=0.0e+00, w_bc=0.0e+00, w_ic=0.0e+00
2025-11-14 16:09:16,521 - MainThread - INFO - [200_2] Reducing learning rate from 5.00e-05 to 2.50e-05 after 20 epochs without sufficient improvement.
2025-11-14 16:14:24,374 - MainThread - INFO - [200_2] Epoch 50/300 | Avg Total Loss: 3.4467e-01 | Val Data Loss: 3.1559e-01 | (Data=3.072e-01, PDE=1.268e-17, BC=3.078e+03, IC=7.282e+00) | w_data=1.0e+00, w_pde=9.0e-18, w_bc=8.6e-06, w_ic=4.6e-04
2025-11-14 16:19:31,858 - MainThread - INFO - [200_2] Epoch 60/300 | Avg Total Loss: 3.4830e-01 | Val Data Loss: 3.1387e-01 | (Data=3.108e-01, PDE=1.295e-17, BC=3.041e+03, IC=7.191e+00) | w_data=1.0e+00, w_pde=1.3e-17, w_bc=1.0e-05, w_ic=4.5e-04
2025-11-14 16:19:31,858 - MainThread - INFO - [200_2] Reducing learning rate from 2.50e-05 to 1.25e-05 after 20 epochs without sufficient improvement.
2025-11-14 16:24:41,508 - MainThread - INFO - [200_2] Epoch 70/300 | Avg Total Loss: 3.5190e-01 | Val Data Loss: 3.1302e-01 | (Data=3.098e-01, PDE=1.361e-17, BC=3.022e+03, IC=7.146e+00) | w_data=1.0e+00, w_pde=1.7e-17, w_bc=1.2e-05, w_ic=4.4e-04
2025-11-14 16:29:49,712 - MainThread - INFO - [200_2] Epoch 80/300 | Avg Total Loss: 3.5601e-01 | Val Data Loss: 3.1217e-01 | (Data=3.094e-01, PDE=1.422e-17, BC=3.004e+03, IC=7.102e+00) | w_data=1.0e+00, w_pde=2.2e-17, w_bc=1.4e-05, w_ic=4.3e-04
2025-11-14 16:29:49,713 - MainThread - INFO - [200_2] Reducing learning rate from 1.25e-05 to 6.25e-06 after 20 epochs without sufficient improvement.
2025-11-14 16:34:54,515 - MainThread - INFO - [200_2] Epoch 90/300 | Avg Total Loss: 3.6011e-01 | Val Data Loss: 3.1175e-01 | (Data=3.067e-01, PDE=1.206e-17, BC=2.995e+03, IC=7.080e+00) | w_data=1.0e+00, w_pde=2.7e-17, w_bc=1.5e-05, w_ic=4.3e-04
2025-11-14 16:40:00,146 - MainThread - INFO - [200_2] Epoch 100/300 | Avg Total Loss: 3.6420e-01 | Val Data Loss: 3.1132e-01 | (Data=3.096e-01, PDE=1.396e-17, BC=2.986e+03, IC=7.057e+00) | w_data=1.0e+00, w_pde=3.4e-17, w_bc=1.7e-05, w_ic=4.2e-04
2025-11-14 16:40:00,146 - MainThread - INFO - [200_2] Reducing learning rate from 6.25e-06 to 3.12e-06 after 20 epochs without sufficient improvement.
