2025-12-03 19:22:23,645 - MainThread - INFO - GPU memory growth setting failed: Physical devices cannot be modified after being initialized
2025-12-03 19:22:23,645 - MainThread - INFO - 
=== Experiment 1/1: 200_2 ===
2025-12-03 19:22:23,827 - MainThread - INFO - Loaded data shape: X=(9799368, 4), y=(9799368, 1)
2025-12-03 19:22:23,870 - MainThread - INFO - [200_2] Data-derived initial temperature T_initial = 298.150 K
2025-12-03 19:22:26,017 - MainThread - INFO - Input scaler for 200_2 - mins: [0.         0.0149951  0.16491048 0.004     ], scales: [1.0038600e+03 2.0000981e-01 5.1790476e-03 3.2060756e-03]
2025-12-03 19:22:26,017 - MainThread - INFO - Physics parameters loaded - V: 10.1V, I: 70A, Efficiency: 0.7
2025-12-03 19:22:27,555 - MainThread - INFO - [200_2] Starting Stage 1 (data-only) training for 100 epochs...
2025-12-03 19:34:12,447 - MainThread - INFO - [200_2] Stage 1 (data-only) training complete.
2025-12-03 19:34:12,449 - MainThread - INFO - Model parameters: {'input_dim': 4, 'output_dim': 1, 'layer_sizes': [128, 128, 64, 64, 32, 16, 1], 'activation': 'relu', 'w_data': 0.001, 'w_pde': 1e-10, 'w_bc': 1e-08, 'w_ic': 0.0001}
2025-12-03 19:34:12,449 - MainThread - INFO - Training parameters (PINN stage): {'epochs_data_only': 100, 'epochs_pinn': 250, 'batch_size': 8192, 'learning_rate': 5e-05, 'early_stopping_patience': 40, 'lr_reduce_patience': 20, 'lr_reduce_factor': 0.5, 'min_lr': 1e-06, 'pde_warmup_epochs': 20, 'max_grad_norm': 1.0, 'bc_batch_size': 2048, 'ic_batch_size': 2048, 'max_batches_per_epoch': 60, 'physics_batch_size': 2048}
2025-12-03 19:34:12,449 - MainThread - INFO - Starting PINN training for experiment: 200_2
2025-12-03 19:34:12,449 - MainThread - INFO - Configuration - Epochs: 250, Data Batch Size: 8192, Physics Batch Size: 2048
2025-12-03 19:34:12,451 - MainThread - INFO - Dataset sizes - Train: 7055544, Validation: 1763887, Test: 979937
2025-12-03 19:34:12,451 - MainThread - INFO - PDE domain size (X_all): 9799368 points
2025-12-03 19:34:15,210 - MainThread - INFO - [200_2] Physics normalization factors - PDE: 2.159e+17, BC: 1.728e+12, IC: 1.520e+01
2025-12-03 19:34:42,104 - MainThread - INFO - [200_2] Epoch 1/250 | Avg Total Loss: 2.1371e+02 | Val Data Loss: 4.9770e+01 | (Data=6.234e+01, PDE=1.883e+17, BC=1.562e+12, IC=1.868e+01) | w_data=1.0e+00, w_pde=0.0e+00, w_bc=0.0e+00, w_ic=0.0e+00
2025-12-03 19:38:24,882 - MainThread - INFO - [200_2] Epoch 10/250 | Avg Total Loss: 8.0417e+01 | Val Data Loss: 5.0946e+01 | (Data=5.413e+01, PDE=3.467e+17, BC=1.821e+12, IC=1.848e+01) | w_data=1.0e+00, w_pde=0.0e+00, w_bc=0.0e+00, w_ic=0.0e+00
2025-12-03 19:42:32,987 - MainThread - INFO - [200_2] Epoch 20/250 | Avg Total Loss: 7.0875e+01 | Val Data Loss: 4.9032e+01 | (Data=5.725e+01, PDE=2.393e+17, BC=2.075e+12, IC=1.433e+01) | w_data=1.0e+00, w_pde=0.0e+00, w_bc=0.0e+00, w_ic=0.0e+00
2025-12-03 19:42:32,987 - MainThread - INFO - [200_2] Reducing learning rate from 5.00e-05 to 2.50e-05 after 20 epochs without sufficient improvement.
2025-12-03 19:46:40,050 - MainThread - INFO - [200_2] Epoch 30/250 | Avg Total Loss: 6.4583e+01 | Val Data Loss: 4.6938e+01 | (Data=5.995e+01, PDE=1.913e+17, BC=1.609e+12, IC=1.093e+01) | w_data=1.0e+00, w_pde=1.1e-07, w_bc=2.0e-06, w_ic=1.0e-02
2025-12-03 19:50:46,896 - MainThread - INFO - [200_2] Epoch 40/250 | Avg Total Loss: 6.5988e+01 | Val Data Loss: 4.9275e+01 | (Data=5.577e+01, PDE=2.009e+17, BC=1.509e+12, IC=1.238e+01) | w_data=1.0e+00, w_pde=1.2e-07, w_bc=2.4e-06, w_ic=1.0e-02
2025-12-03 19:50:46,896 - MainThread - INFO - [200_2] Reducing learning rate from 2.50e-05 to 1.25e-05 after 20 epochs without sufficient improvement.
2025-12-03 19:54:51,658 - MainThread - INFO - [200_2] Epoch 50/250 | Avg Total Loss: 5.9705e+01 | Val Data Loss: 4.4523e+01 | (Data=4.148e+01, PDE=2.076e+17, BC=1.814e+12, IC=2.772e+01) | w_data=1.0e+00, w_pde=1.3e-07, w_bc=2.8e-06, w_ic=1.0e-02
2025-12-03 19:58:57,982 - MainThread - INFO - [200_2] Epoch 60/250 | Avg Total Loss: 5.9224e+01 | Val Data Loss: 4.3730e+01 | (Data=5.790e+01, PDE=1.627e+17, BC=2.023e+12, IC=8.829e+00) | w_data=1.0e+00, w_pde=1.5e-07, w_bc=3.1e-06, w_ic=1.0e-02
2025-12-03 19:58:57,983 - MainThread - INFO - [200_2] Reducing learning rate from 1.25e-05 to 6.25e-06 after 20 epochs without sufficient improvement.
2025-12-03 20:03:12,124 - MainThread - INFO - [200_2] Epoch 70/250 | Avg Total Loss: 5.8216e+01 | Val Data Loss: 4.3889e+01 | (Data=4.637e+01, PDE=2.167e+17, BC=1.964e+12, IC=9.523e+00) | w_data=1.0e+00, w_pde=1.7e-07, w_bc=3.5e-06, w_ic=1.0e-02
2025-12-03 20:07:24,501 - MainThread - INFO - [200_2] Epoch 80/250 | Avg Total Loss: 5.8006e+01 | Val Data Loss: 4.3515e+01 | (Data=4.454e+01, PDE=2.988e+17, BC=1.798e+12, IC=1.273e+01) | w_data=1.0e+00, w_pde=1.9e-07, w_bc=3.9e-06, w_ic=1.0e-02
2025-12-03 20:07:24,501 - MainThread - INFO - [200_2] Reducing learning rate from 6.25e-06 to 3.12e-06 after 20 epochs without sufficient improvement.
2025-12-03 20:11:32,691 - MainThread - INFO - [200_2] Epoch 90/250 | Avg Total Loss: 5.6229e+01 | Val Data Loss: 4.3661e+01 | (Data=3.574e+01, PDE=2.322e+17, BC=2.112e+12, IC=2.872e+01) | w_data=1.0e+00, w_pde=2.1e-07, w_bc=4.2e-06, w_ic=1.0e-02
2025-12-03 20:15:41,899 - MainThread - INFO - [200_2] Epoch 100/250 | Avg Total Loss: 5.6099e+01 | Val Data Loss: 4.3466e+01 | (Data=3.759e+01, PDE=2.550e+17, BC=1.751e+12, IC=1.327e+01) | w_data=1.0e+00, w_pde=2.4e-07, w_bc=4.6e-06, w_ic=1.0e-02
2025-12-03 20:15:41,900 - MainThread - INFO - [200_2] Reducing learning rate from 3.12e-06 to 1.56e-06 after 20 epochs without sufficient improvement.
2025-12-03 20:19:47,118 - MainThread - INFO - [200_2] Epoch 110/250 | Avg Total Loss: 5.4349e+01 | Val Data Loss: 4.2996e+01 | (Data=3.403e+01, PDE=2.266e+17, BC=1.797e+12, IC=9.010e+00) | w_data=1.0e+00, w_pde=2.7e-07, w_bc=4.9e-06, w_ic=1.0e-02
2025-12-03 20:23:52,008 - MainThread - INFO - [200_2] Epoch 120/250 | Avg Total Loss: 5.4660e+01 | Val Data Loss: 4.3034e+01 | (Data=3.747e+01, PDE=2.284e+17, BC=1.722e+12, IC=1.325e+01) | w_data=1.0e+00, w_pde=3.1e-07, w_bc=5.3e-06, w_ic=1.0e-02
2025-12-03 20:23:52,009 - MainThread - INFO - [200_2] Reducing learning rate from 1.56e-06 to 1.00e-06 after 20 epochs without sufficient improvement.
2025-12-03 20:27:57,920 - MainThread - INFO - [200_2] Epoch 130/250 | Avg Total Loss: 5.6128e+01 | Val Data Loss: 4.3387e+01 | (Data=4.543e+01, PDE=2.278e+17, BC=1.743e+12, IC=9.613e+00) | w_data=1.0e+00, w_pde=3.4e-07, w_bc=5.7e-06, w_ic=1.0e-02
2025-12-03 20:32:07,847 - MainThread - INFO - [200_2] Epoch 140/250 | Avg Total Loss: 5.3157e+01 | Val Data Loss: 4.3141e+01 | (Data=5.807e+01, PDE=2.977e+17, BC=1.445e+12, IC=8.262e+00) | w_data=1.0e+00, w_pde=3.8e-07, w_bc=6.0e-06, w_ic=1.0e-02
2025-12-03 20:36:14,833 - MainThread - INFO - [200_2] Epoch 150/250 | Avg Total Loss: 5.3314e+01 | Val Data Loss: 4.2975e+01 | (Data=7.299e+01, PDE=2.008e+17, BC=2.090e+12, IC=1.328e+01) | w_data=1.0e+00, w_pde=4.2e-07, w_bc=6.4e-06, w_ic=1.0e-02
2025-12-03 20:40:22,069 - MainThread - INFO - [200_2] Epoch 160/250 | Avg Total Loss: 5.5939e+01 | Val Data Loss: 4.2914e+01 | (Data=3.059e+01, PDE=2.296e+17, BC=1.727e+12, IC=1.876e+01) | w_data=1.0e+00, w_pde=4.7e-07, w_bc=6.7e-06, w_ic=1.0e-02
2025-12-03 20:44:29,323 - MainThread - INFO - [200_2] Epoch 170/250 | Avg Total Loss: 5.3706e+01 | Val Data Loss: 4.2692e+01 | (Data=3.983e+01, PDE=2.635e+17, BC=1.919e+12, IC=1.712e+01) | w_data=1.0e+00, w_pde=5.1e-07, w_bc=7.1e-06, w_ic=1.0e-02
2025-12-03 20:48:35,498 - MainThread - INFO - [200_2] Epoch 180/250 | Avg Total Loss: 5.6166e+01 | Val Data Loss: 4.2709e+01 | (Data=4.221e+01, PDE=1.863e+17, BC=1.883e+12, IC=7.327e+00) | w_data=1.0e+00, w_pde=5.7e-07, w_bc=7.5e-06, w_ic=1.0e-02
2025-12-03 20:52:42,673 - MainThread - INFO - [200_2] Epoch 190/250 | Avg Total Loss: 5.4298e+01 | Val Data Loss: 4.2989e+01 | (Data=4.097e+01, PDE=1.549e+17, BC=1.761e+12, IC=6.652e+00) | w_data=1.0e+00, w_pde=6.2e-07, w_bc=7.8e-06, w_ic=1.0e-02
2025-12-03 20:56:50,098 - MainThread - INFO - [200_2] Epoch 200/250 | Avg Total Loss: 5.2513e+01 | Val Data Loss: 4.2602e+01 | (Data=5.481e+01, PDE=2.518e+17, BC=1.651e+12, IC=7.469e+00) | w_data=1.0e+00, w_pde=6.7e-07, w_bc=8.2e-06, w_ic=1.0e-02
2025-12-03 21:01:05,773 - MainThread - INFO - [200_2] Epoch 210/250 | Avg Total Loss: 5.4779e+01 | Val Data Loss: 4.2637e+01 | (Data=5.674e+01, PDE=2.408e+17, BC=1.641e+12, IC=1.251e+01) | w_data=1.0e+00, w_pde=7.3e-07, w_bc=8.6e-06, w_ic=1.0e-02
2025-12-03 21:05:15,988 - MainThread - INFO - [200_2] Epoch 220/250 | Avg Total Loss: 5.2900e+01 | Val Data Loss: 4.2550e+01 | (Data=4.441e+01, PDE=2.983e+17, BC=1.593e+12, IC=3.316e+01) | w_data=1.0e+00, w_pde=8.0e-07, w_bc=8.9e-06, w_ic=1.0e-02
2025-12-03 21:09:22,981 - MainThread - INFO - [200_2] Epoch 230/250 | Avg Total Loss: 5.4831e+01 | Val Data Loss: 4.2619e+01 | (Data=1.227e+02, PDE=3.040e+17, BC=1.747e+12, IC=9.642e+00) | w_data=1.0e+00, w_pde=8.6e-07, w_bc=9.3e-06, w_ic=1.0e-02
2025-12-03 21:13:31,965 - MainThread - INFO - [200_2] Epoch 240/250 | Avg Total Loss: 5.3242e+01 | Val Data Loss: 4.2507e+01 | (Data=3.699e+01, PDE=1.161e+17, BC=1.918e+12, IC=1.061e+01) | w_data=1.0e+00, w_pde=9.3e-07, w_bc=9.6e-06, w_ic=1.0e-02
2025-12-03 21:17:39,800 - MainThread - INFO - [200_2] Epoch 250/250 | Avg Total Loss: 5.5759e+01 | Val Data Loss: 4.2633e+01 | (Data=3.939e+01, PDE=2.588e+17, BC=1.662e+12, IC=1.410e+01) | w_data=1.0e+00, w_pde=1.0e-06, w_bc=1.0e-05, w_ic=1.0e-02
2025-12-03 21:17:39,804 - MainThread - WARNING - You are saving your model as an HDF5 file via `model.save()` or `keras.saving.save_model(model)`. This file format is considered legacy. We recommend using instead the native Keras format, e.g. `model.save('my_model.keras')` or `keras.saving.save_model(model, 'my_model.keras')`. 
2025-12-03 21:17:39,829 - MainThread - INFO - Model saved: model_200_2.h5
2025-12-03 21:17:39,829 - MainThread - INFO - Input scaler saved: input_scaler_200_2.npz
2025-12-03 21:17:40,547 - MainThread - INFO - PINN training plot saved for 200_2
2025-12-03 21:17:40,548 - MainThread - INFO - Starting final evaluation for 200_2
2025-12-03 21:31:19,359 - MainThread - INFO - 
=== Training Evaluation Metrics for experiment 200_2 ===
2025-12-03 21:31:19,359 - MainThread - INFO - RMSE: 6.4989
2025-12-03 21:31:19,359 - MainThread - INFO - MAE: 2.3917
2025-12-03 21:31:19,359 - MainThread - INFO - R²: 0.9992
2025-12-03 21:31:19,359 - MainThread - INFO - Pearson Correlation: 0.9996
2025-12-03 21:36:00,891 - MainThread - INFO - 
=== Validation Evaluation Metrics for experiment 200_2 ===
2025-12-03 21:36:00,891 - MainThread - INFO - RMSE: 6.5135
2025-12-03 21:36:00,891 - MainThread - INFO - MAE: 2.3907
2025-12-03 21:36:00,891 - MainThread - INFO - R²: 0.9992
2025-12-03 21:36:00,891 - MainThread - INFO - Pearson Correlation: 0.9996
2025-12-03 21:38:12,390 - MainThread - INFO - 
=== Test Evaluation Metrics for experiment 200_2 ===
2025-12-03 21:38:12,390 - MainThread - INFO - RMSE: 6.4345
2025-12-03 21:38:12,390 - MainThread - INFO - MAE: 2.3912
2025-12-03 21:38:12,390 - MainThread - INFO - R²: 0.9992
2025-12-03 21:38:12,390 - MainThread - INFO - Pearson Correlation: 0.9996
2025-12-03 21:38:24,302 - MainThread - INFO - Completed training and evaluation for 200_2
2025-12-03 21:38:24,303 - MainThread - INFO - Test Metrics - RMSE: 6.4345, R²: 0.9992
2025-12-03 21:38:24,304 - MainThread - INFO - Completed experiment 200_2
------------------------------------------------------------
2025-12-03 21:38:24,304 - MainThread - INFO - 
=== Training Complete ===
2025-12-03 21:38:24,304 - MainThread - INFO - Trained 1 models successfully!
2025-12-03 21:38:24,304 - MainThread - INFO - All models saved in 'trained_models_PINNS/' directory
2025-12-03 21:38:24,304 - MainThread - INFO - Evaluation metrics saved in 'evaluation_results_PINNS/' directory
2025-12-03 21:38:24,304 - MainThread - INFO - Training plots saved in 'training_plots_PINNS/' directory
2025-12-03 21:38:24,305 - MainThread - INFO - === Summary of Test Results Across All Experiments ===
2025-12-03 21:38:24,305 - MainThread - INFO - Average RMSE: 6.4345 ± nan
2025-12-03 21:38:24,305 - MainThread - INFO - Average MAE: 2.3912 ± nan
2025-12-03 21:38:24,306 - MainThread - INFO - Average R²: 0.9992 ± nan
2025-12-03 21:38:24,306 - MainThread - INFO - Average Pearson Correlation: 0.9996 ± nan
2025-12-03 21:38:24,306 - MainThread - INFO - 
Best performing experiment (highest R²): 200_2 (R² = 0.9992)
2025-12-03 21:38:24,306 - MainThread - INFO - Worst performing experiment (lowest R²): 200_2 (R² = 0.9992)
2025-12-03 21:38:24,308 - MainThread - INFO - Summary results saved to 'evaluation_results_PINNS/all_experiments_test_summary.csv'
2025-12-03 21:38:25,007 - MainThread - INFO - Metrics distribution plots saved to 'evaluation_results_PINNS/metrics_distribution_summary.png'
