2025-12-03 22:03:37,883 - MainThread - INFO - GPU memory growth setting failed: Physical devices cannot be modified after being initialized
2025-12-03 22:03:37,883 - MainThread - INFO - 
=== Experiment 1/1: 200_2 ===
2025-12-03 22:03:38,160 - MainThread - INFO - Loaded data shape: X=(9799368, 4), y=(9799368, 1)
2025-12-03 22:03:38,220 - MainThread - INFO - [200_2] Data-derived initial temperature T_initial = 298.150 K
2025-12-03 22:03:40,826 - MainThread - INFO - Input scaler for 200_2 - mins: [0.         0.0149951  0.16491048 0.004     ], scales: [1.0038600e+03 2.0000981e-01 5.1790476e-03 3.2060756e-03]
2025-12-03 22:03:40,827 - MainThread - INFO - Physics parameters loaded - V: 10.1V, I: 70A, Efficiency: 0.7
2025-12-03 22:03:42,485 - MainThread - INFO - [200_2] Starting Stage 1 (data-only) training for 100 epochs...
2025-12-03 22:15:25,764 - MainThread - INFO - [200_2] Stage 1 (data-only) training complete.
2025-12-03 22:15:25,765 - MainThread - INFO - Model parameters: {'input_dim': 4, 'output_dim': 1, 'layer_sizes': [128, 128, 64, 64, 32, 16, 1], 'activation': 'relu', 'w_data': 0.001, 'w_pde': 1e-10, 'w_bc': 1e-08, 'w_ic': 0.0001}
2025-12-03 22:15:25,765 - MainThread - INFO - Training parameters (PINN stage): {'epochs_data_only': 100, 'epochs_pinn': 600, 'batch_size': 8192, 'learning_rate': 5e-05, 'early_stopping_patience': 80, 'lr_reduce_patience': 30, 'lr_reduce_factor': 0.5, 'min_lr': 1e-06, 'pde_warmup_epochs': 50, 'max_grad_norm': 1.0, 'bc_batch_size': 2048, 'ic_batch_size': 2048, 'max_batches_per_epoch': 60, 'physics_batch_size': 2048}
2025-12-03 22:15:25,765 - MainThread - INFO - Starting PINN training for experiment: 200_2
2025-12-03 22:15:25,765 - MainThread - INFO - Configuration - Epochs: 600, Data Batch Size: 8192, Physics Batch Size: 2048
2025-12-03 22:15:25,768 - MainThread - INFO - Dataset sizes - Train: 7055544, Validation: 1763887, Test: 979937
2025-12-03 22:15:25,768 - MainThread - INFO - PDE domain size (X_all): 9799368 points
2025-12-03 22:15:28,632 - MainThread - INFO - [200_2] Physics normalization factors - PDE: 2.037e+17, BC: 1.968e+12, IC: 8.060e+01
2025-12-03 22:15:55,004 - MainThread - INFO - [200_2] Epoch 1/600 | Avg Total Loss: 1.4722e+02 | Val Data Loss: 1.0709e+02 | (Data=1.755e+02, PDE=1.662e+17, BC=2.246e+12, IC=1.763e+01) | w_data=1.0e+00, w_pde=0.0e+00, w_bc=0.0e+00, w_ic=0.0e+00
2025-12-03 22:19:38,580 - MainThread - INFO - [200_2] Epoch 10/600 | Avg Total Loss: 1.0670e+02 | Val Data Loss: 1.1266e+02 | (Data=1.849e+02, PDE=1.718e+17, BC=1.851e+12, IC=1.120e+01) | w_data=9.9e-01, w_pde=0.0e+00, w_bc=0.0e+00, w_ic=0.0e+00
2025-12-03 22:23:45,331 - MainThread - INFO - [200_2] Epoch 20/600 | Avg Total Loss: 1.0927e+02 | Val Data Loss: 9.8139e+01 | (Data=1.008e+02, PDE=2.104e+17, BC=2.166e+12, IC=1.536e+01) | w_data=9.8e-01, w_pde=0.0e+00, w_bc=0.0e+00, w_ic=0.0e+00
2025-12-03 22:27:53,770 - MainThread - INFO - [200_2] Epoch 30/600 | Avg Total Loss: 1.0830e+02 | Val Data Loss: 1.0868e+02 | (Data=1.363e+02, PDE=1.945e+17, BC=2.058e+12, IC=1.060e+02) | w_data=9.8e-01, w_pde=0.0e+00, w_bc=0.0e+00, w_ic=0.0e+00
2025-12-03 22:27:53,771 - MainThread - INFO - [200_2] Reducing learning rate from 5.00e-05 to 2.50e-05 after 30 epochs without sufficient improvement.
2025-12-03 22:32:01,701 - MainThread - INFO - [200_2] Epoch 40/600 | Avg Total Loss: 9.7976e+01 | Val Data Loss: 9.5033e+01 | (Data=1.711e+02, PDE=1.753e+17, BC=1.933e+12, IC=1.886e+01) | w_data=9.7e-01, w_pde=0.0e+00, w_bc=0.0e+00, w_ic=0.0e+00
