2025-12-04 16:13:07,490 - MainThread - INFO - GPU memory growth setting failed: Physical devices cannot be modified after being initialized
2025-12-04 16:13:07,490 - MainThread - INFO - 
=== Experiment 1/1: 200_2 ===
2025-12-04 16:13:07,755 - MainThread - INFO - Loaded data shape: X=(9799368, 4), y=(9799368, 1)
2025-12-04 16:13:07,878 - MainThread - INFO - [200_2] Data-derived mean initial temperature T_initial ≈ 298.150 K
2025-12-04 16:13:10,383 - MainThread - INFO - Input scaler for 200_2 - mins: [0.         0.0149951  0.16491048 0.004     ], scales: [1.0038600e+03 2.0000981e-01 5.1790476e-03 3.2060756e-03]
2025-12-04 16:13:10,383 - MainThread - INFO - Physics parameters loaded - V: 10.1V, I: 70A, Efficiency: 0.7
2025-12-04 16:13:11,905 - MainThread - INFO - [200_2] Starting Stage 1 (data-only) training for 100 epochs...
2025-12-04 16:24:56,809 - MainThread - INFO - [200_2] Stage 1 (data-only) training complete.
2025-12-04 16:24:56,810 - MainThread - INFO - Model parameters: {'input_dim': 4, 'output_dim': 1, 'layer_sizes': [128, 128, 64, 64, 32, 16, 1], 'activation': 'relu', 'w_data': 0.001, 'w_pde': 1e-10, 'w_bc': 1e-08, 'w_ic': 0.0001}
2025-12-04 16:24:56,810 - MainThread - INFO - Training parameters (PINN stage): {'epochs_data_only': 100, 'epochs_pinn': 250, 'batch_size': 8192, 'learning_rate': 5e-05, 'early_stopping_patience': 40, 'lr_reduce_patience': 20, 'lr_reduce_factor': 0.5, 'min_lr': 1e-06, 'pde_warmup_epochs': 20, 'max_grad_norm': 1.0, 'bc_batch_size': 2048, 'ic_batch_size': 2048, 'max_batches_per_epoch': 60, 'physics_batch_size': 2048}
2025-12-04 16:24:56,810 - MainThread - INFO - Starting PINN training for experiment: 200_2
2025-12-04 16:24:56,810 - MainThread - INFO - Configuration - Epochs: 250, Data Batch Size: 8192, Physics Batch Size: 2048
2025-12-04 16:24:56,813 - MainThread - INFO - Dataset sizes - Train: 7055544, Validation: 1763887, Test: 979937
2025-12-04 16:24:56,813 - MainThread - INFO - PDE domain size (X_all): 9799368 points
2025-12-04 16:25:26,361 - MainThread - INFO - [200_2] Epoch 1/250 | Avg Total Loss: 1.7585e+02 | Val Data Loss: 1.0392e+02 | (Data=2.272e+02, PDE=1.773e+17, BC=2.569e+12, IC=7.387e+01) | w_data=1.0e+00, w_pde=0.0e+00, w_bc=0.0e+00, w_ic=0.0e+00
2025-12-04 16:29:07,687 - MainThread - INFO - [200_2] Epoch 10/250 | Avg Total Loss: 1.3006e+02 | Val Data Loss: 1.0877e+02 | (Data=2.919e+02, PDE=2.329e+17, BC=2.539e+12, IC=8.812e+01) | w_data=1.0e+00, w_pde=0.0e+00, w_bc=0.0e+00, w_ic=0.0e+00
2025-12-04 16:33:13,890 - MainThread - INFO - [200_2] Epoch 20/250 | Avg Total Loss: 1.3364e+02 | Val Data Loss: 1.0655e+02 | (Data=1.176e+02, PDE=2.008e+17, BC=2.188e+12, IC=6.362e+01) | w_data=1.0e+00, w_pde=0.0e+00, w_bc=0.0e+00, w_ic=0.0e+00
2025-12-04 16:33:13,891 - MainThread - INFO - [200_2] Reducing learning rate from 5.00e-05 to 2.50e-05 after 20 epochs without sufficient improvement.
2025-12-04 16:37:20,902 - MainThread - INFO - [200_2] Epoch 30/250 | Avg Total Loss: 2.9498e+05 | Val Data Loss: 6.8343e+04 | (Data=7.528e+04, PDE=4.461e+15, BC=8.666e+10, IC=3.902e+03) | w_data=1.0e+00, w_pde=1.1e-11, w_bc=2.0e-06, w_ic=1.0e-02
2025-12-04 16:41:33,809 - MainThread - INFO - [200_2] Epoch 40/250 | Avg Total Loss: 1.3944e+05 | Val Data Loss: 3.1549e+04 | (Data=3.075e+04, PDE=5.922e+15, BC=1.407e+10, IC=1.251e+04) | w_data=1.0e+00, w_pde=1.2e-11, w_bc=2.4e-06, w_ic=1.0e-02
2025-12-04 16:41:33,810 - MainThread - INFO - [200_2] Reducing learning rate from 2.50e-05 to 1.25e-05 after 20 epochs without sufficient improvement.
2025-12-04 16:45:44,473 - MainThread - INFO - [200_2] Epoch 50/250 | Avg Total Loss: 1.4788e+05 | Val Data Loss: 2.8093e+04 | (Data=3.128e+04, PDE=6.104e+15, BC=1.011e+10, IC=1.321e+04) | w_data=1.0e+00, w_pde=1.3e-11, w_bc=2.8e-06, w_ic=1.0e-02
2025-12-04 16:49:25,879 - MainThread - INFO - [200_2] Early stopping in PINN stage at epoch 59. Best validation data loss: 1.0143e+02
2025-12-04 16:49:25,882 - MainThread - WARNING - You are saving your model as an HDF5 file via `model.save()` or `keras.saving.save_model(model)`. This file format is considered legacy. We recommend using instead the native Keras format, e.g. `model.save('my_model.keras')` or `keras.saving.save_model(model, 'my_model.keras')`. 
2025-12-04 16:49:25,908 - MainThread - INFO - Model saved: model_200_2.h5
2025-12-04 16:49:25,908 - MainThread - INFO - Input scaler saved: input_scaler_200_2.npz
2025-12-04 16:49:26,839 - MainThread - INFO - PINN training plot saved for 200_2
2025-12-04 16:49:26,839 - MainThread - INFO - Starting final evaluation for 200_2
2025-12-04 17:03:05,112 - MainThread - INFO - 
=== Training Evaluation Metrics for experiment 200_2 ===
2025-12-04 17:03:05,112 - MainThread - INFO - RMSE: 10.1188
2025-12-04 17:03:05,112 - MainThread - INFO - MAE: 3.0376
2025-12-04 17:03:05,112 - MainThread - INFO - R²: 0.9981
2025-12-04 17:03:05,112 - MainThread - INFO - Pearson Correlation: 0.9990
2025-12-04 17:07:47,909 - MainThread - INFO - 
=== Validation Evaluation Metrics for experiment 200_2 ===
2025-12-04 17:07:47,909 - MainThread - INFO - RMSE: 10.0712
2025-12-04 17:07:47,909 - MainThread - INFO - MAE: 3.0358
2025-12-04 17:07:47,909 - MainThread - INFO - R²: 0.9981
2025-12-04 17:07:47,909 - MainThread - INFO - Pearson Correlation: 0.9991
2025-12-04 17:10:02,536 - MainThread - INFO - 
=== Test Evaluation Metrics for experiment 200_2 ===
2025-12-04 17:10:02,536 - MainThread - INFO - RMSE: 10.0759
2025-12-04 17:10:02,536 - MainThread - INFO - MAE: 3.0406
2025-12-04 17:10:02,536 - MainThread - INFO - R²: 0.9981
2025-12-04 17:10:02,536 - MainThread - INFO - Pearson Correlation: 0.9991
2025-12-04 17:10:14,443 - MainThread - INFO - Completed training and evaluation for 200_2
2025-12-04 17:10:14,443 - MainThread - INFO - Test Metrics - RMSE: 10.0759, R²: 0.9981
2025-12-04 17:10:14,444 - MainThread - INFO - Completed experiment 200_2
------------------------------------------------------------
2025-12-04 17:10:14,445 - MainThread - INFO - 
=== Training Complete ===
2025-12-04 17:10:14,445 - MainThread - INFO - Trained 1 models successfully!
2025-12-04 17:10:14,445 - MainThread - INFO - All models saved in 'trained_models_PINNS/' directory
2025-12-04 17:10:14,445 - MainThread - INFO - Evaluation metrics saved in 'evaluation_results_PINNS/' directory
2025-12-04 17:10:14,445 - MainThread - INFO - Training plots saved in 'training_plots_PINNS/' directory
2025-12-04 17:10:14,445 - MainThread - INFO - === Summary of Test Results Across All Experiments ===
2025-12-04 17:10:14,446 - MainThread - INFO - Average RMSE: 10.0759 ± nan
2025-12-04 17:10:14,446 - MainThread - INFO - Average MAE: 3.0406 ± nan
2025-12-04 17:10:14,446 - MainThread - INFO - Average R²: 0.9981 ± nan
2025-12-04 17:10:14,446 - MainThread - INFO - Average Pearson Correlation: 0.9991 ± nan
2025-12-04 17:10:14,446 - MainThread - INFO - 
Best performing experiment (highest R²): 200_2 (R² = 0.9981)
2025-12-04 17:10:14,446 - MainThread - INFO - Worst performing experiment (lowest R²): 200_2 (R² = 0.9981)
2025-12-04 17:10:14,448 - MainThread - INFO - Summary results saved to 'evaluation_results_PINNS/all_experiments_test_summary.csv'
2025-12-04 17:10:15,140 - MainThread - INFO - Metrics distribution plots saved to 'evaluation_results_PINNS/metrics_distribution_summary.png'
