2025-12-03 17:20:38,121 - MainThread - INFO - GPU memory growth setting failed: Physical devices cannot be modified after being initialized
2025-12-03 17:20:38,122 - MainThread - INFO - 
=== Experiment 1/1: 200_2 ===
2025-12-03 17:20:38,363 - MainThread - INFO - Loaded data shape: X=(9799368, 4), y=(9799368, 1)
2025-12-03 17:20:38,420 - MainThread - INFO - [200_2] Data-derived initial temperature T_initial = 298.150 K
2025-12-03 17:20:40,999 - MainThread - INFO - Input scaler for 200_2 - mins: [0.         0.0149951  0.16491048 0.004     ], scales: [1.0038600e+03 2.0000981e-01 5.1790476e-03 3.2060756e-03]
2025-12-03 17:20:41,000 - MainThread - INFO - Physics parameters loaded - V: 10.1V, I: 70A, Efficiency: 0.7
2025-12-03 17:20:42,446 - MainThread - INFO - [200_2] Starting Stage 1 (data-only) training for 100 epochs...
2025-12-03 17:32:24,995 - MainThread - INFO - [200_2] Stage 1 (data-only) training complete.
2025-12-03 17:32:24,996 - MainThread - INFO - Model parameters: {'input_dim': 4, 'output_dim': 1, 'layer_sizes': [128, 128, 64, 64, 32, 16, 1], 'activation': 'relu', 'w_data': 0.001, 'w_pde': 1e-10, 'w_bc': 1e-08, 'w_ic': 0.0001}
2025-12-03 17:32:24,996 - MainThread - INFO - Training parameters (PINN stage): {'epochs_data_only': 100, 'epochs_pinn': 250, 'batch_size': 8192, 'learning_rate': 5e-05, 'early_stopping_patience': 40, 'lr_reduce_patience': 20, 'lr_reduce_factor': 0.5, 'min_lr': 1e-06, 'pde_warmup_epochs': 0, 'max_grad_norm': 1.0, 'bc_batch_size': 2048, 'ic_batch_size': 2048, 'max_batches_per_epoch': 60, 'physics_batch_size': 2048}
2025-12-03 17:32:24,996 - MainThread - INFO - Starting PINN training for experiment: 200_2
2025-12-03 17:32:24,996 - MainThread - INFO - Configuration - Epochs: 250, Data Batch Size: 8192, Physics Batch Size: 2048
2025-12-03 17:32:24,999 - MainThread - INFO - Dataset sizes - Train: 7055544, Validation: 1763887, Test: 979937
2025-12-03 17:32:24,999 - MainThread - INFO - PDE domain size (X_all): 9799368 points
2025-12-03 17:32:54,412 - MainThread - INFO - [200_2] Epoch 1/250 | Avg Total Loss: 8.5300e+06 | Val Data Loss: 3.0135e+04 | (Data=4.120e+04, PDE=5.953e+15, BC=6.859e+10, IC=1.682e+04) | w_data=1.0e+00, w_pde=1.0e-10, w_bc=1.0e-08, w_ic=1.0e-03
2025-12-03 17:36:36,549 - MainThread - INFO - [200_2] Epoch 10/250 | Avg Total Loss: 4.4300e+05 | Val Data Loss: 2.0501e+04 | (Data=2.326e+04, PDE=1.167e+15, BC=2.988e+11, IC=6.212e+03) | w_data=1.0e+00, w_pde=1.0e-10, w_bc=1.3e-08, w_ic=1.0e-03
2025-12-03 17:40:44,658 - MainThread - INFO - [200_2] Epoch 20/250 | Avg Total Loss: 2.4465e+05 | Val Data Loss: 2.1063e+04 | (Data=2.112e+04, PDE=2.323e+15, BC=4.533e+11, IC=1.597e+03) | w_data=1.0e+00, w_pde=1.1e-10, w_bc=1.7e-08, w_ic=1.0e-03
2025-12-03 17:40:44,658 - MainThread - INFO - [200_2] Reducing learning rate from 5.00e-05 to 2.50e-05 after 20 epochs without sufficient improvement.
2025-12-03 17:44:51,549 - MainThread - INFO - [200_2] Epoch 30/250 | Avg Total Loss: 2.5890e+05 | Val Data Loss: 2.1082e+04 | (Data=1.983e+04, PDE=2.167e+15, BC=4.183e+11, IC=1.939e+03) | w_data=1.0e+00, w_pde=1.1e-10, w_bc=2.0e-08, w_ic=1.0e-03
2025-12-03 17:48:58,106 - MainThread - INFO - [200_2] Epoch 40/250 | Avg Total Loss: 2.9887e+05 | Val Data Loss: 2.2558e+04 | (Data=2.678e+04, PDE=2.036e+15, BC=6.089e+11, IC=2.110e+03) | w_data=1.0e+00, w_pde=1.2e-10, w_bc=2.4e-08, w_ic=1.0e-03
2025-12-03 17:48:58,107 - MainThread - INFO - [200_2] Reducing learning rate from 2.50e-05 to 1.25e-05 after 20 epochs without sufficient improvement.
2025-12-03 17:50:12,328 - MainThread - INFO - [200_2] Early stopping in PINN stage at epoch 43. Best validation data loss: 1.9009e+04
2025-12-03 17:50:12,331 - MainThread - WARNING - You are saving your model as an HDF5 file via `model.save()` or `keras.saving.save_model(model)`. This file format is considered legacy. We recommend using instead the native Keras format, e.g. `model.save('my_model.keras')` or `keras.saving.save_model(model, 'my_model.keras')`. 
2025-12-03 17:50:12,356 - MainThread - INFO - Model saved: model_200_2.h5
2025-12-03 17:50:12,357 - MainThread - INFO - Input scaler saved: input_scaler_200_2.npz
2025-12-03 17:50:13,067 - MainThread - INFO - PINN training plot saved for 200_2
2025-12-03 17:50:13,067 - MainThread - INFO - Starting final evaluation for 200_2
2025-12-03 18:04:01,454 - MainThread - INFO - 
=== Training Evaluation Metrics for experiment 200_2 ===
2025-12-03 18:04:01,455 - MainThread - INFO - RMSE: 137.8749
2025-12-03 18:04:01,455 - MainThread - INFO - MAE: 59.3057
2025-12-03 18:04:01,455 - MainThread - INFO - R²: 0.6442
2025-12-03 18:04:01,455 - MainThread - INFO - Pearson Correlation: 0.8988
2025-12-03 18:08:44,751 - MainThread - INFO - 
=== Validation Evaluation Metrics for experiment 200_2 ===
2025-12-03 18:08:44,752 - MainThread - INFO - RMSE: 137.8726
2025-12-03 18:08:44,752 - MainThread - INFO - MAE: 59.3006
2025-12-03 18:08:44,752 - MainThread - INFO - R²: 0.6443
2025-12-03 18:08:44,752 - MainThread - INFO - Pearson Correlation: 0.8990
2025-12-03 18:10:57,475 - MainThread - INFO - 
=== Test Evaluation Metrics for experiment 200_2 ===
2025-12-03 18:10:57,475 - MainThread - INFO - RMSE: 138.0828
2025-12-03 18:10:57,475 - MainThread - INFO - MAE: 59.3561
2025-12-03 18:10:57,475 - MainThread - INFO - R²: 0.6437
2025-12-03 18:10:57,475 - MainThread - INFO - Pearson Correlation: 0.8986
2025-12-03 18:11:09,181 - MainThread - INFO - Completed training and evaluation for 200_2
2025-12-03 18:11:09,181 - MainThread - INFO - Test Metrics - RMSE: 138.0828, R²: 0.6437
2025-12-03 18:11:09,183 - MainThread - INFO - Completed experiment 200_2
------------------------------------------------------------
2025-12-03 18:11:09,183 - MainThread - INFO - 
=== Training Complete ===
2025-12-03 18:11:09,183 - MainThread - INFO - Trained 1 models successfully!
2025-12-03 18:11:09,183 - MainThread - INFO - All models saved in 'trained_models_PINNS/' directory
2025-12-03 18:11:09,183 - MainThread - INFO - Evaluation metrics saved in 'evaluation_results_PINNS/' directory
2025-12-03 18:11:09,183 - MainThread - INFO - Training plots saved in 'training_plots_PINNS/' directory
2025-12-03 18:11:09,183 - MainThread - INFO - === Summary of Test Results Across All Experiments ===
2025-12-03 18:11:09,184 - MainThread - INFO - Average RMSE: 138.0828 ± nan
2025-12-03 18:11:09,184 - MainThread - INFO - Average MAE: 59.3561 ± nan
2025-12-03 18:11:09,184 - MainThread - INFO - Average R²: 0.6437 ± nan
2025-12-03 18:11:09,184 - MainThread - INFO - Average Pearson Correlation: 0.8986 ± nan
2025-12-03 18:11:09,185 - MainThread - INFO - 
Best performing experiment (highest R²): 200_2 (R² = 0.6437)
2025-12-03 18:11:09,185 - MainThread - INFO - Worst performing experiment (lowest R²): 200_2 (R² = 0.6437)
2025-12-03 18:11:09,186 - MainThread - INFO - Summary results saved to 'evaluation_results_PINNS/all_experiments_test_summary.csv'
2025-12-03 18:11:09,885 - MainThread - INFO - Metrics distribution plots saved to 'evaluation_results_PINNS/metrics_distribution_summary.png'
