2025-11-13 23:10:59,656 - MainThread - INFO - ✓ GPU memory growth enabled for 1 device(s)
2025-11-13 23:10:59,656 - MainThread - INFO - 
=== Experiment 1/1: 200_2 ===
2025-11-13 23:10:59,904 - MainThread - INFO - Loaded data shape: X=(9799368, 4), y=(9799368, 1)
2025-11-13 23:11:00,741 - MainThread - INFO - Final splits - Train: 2808323, Val: 702081, Test: 6288964
2025-11-13 23:11:01,808 - MainThread - INFO - Model parameters: {'input_dim': 4, 'output_dim': 1, 'layer_sizes': [256, 256, 128, 128, 64, 64, 1], 'activation': 'tanh', 'learning_rate': 0.0001, 'w_data': 0.001, 'w_pde': 1e-17, 'w_bc': 1e-06, 'w_ic': 1e-07}
2025-11-13 23:11:01,808 - MainThread - INFO - Training parameters: {'epochs': 500, 'batch_size': 4096, 'learning_rate': 5e-05, 'early_stopping_patience': 50, 'lr_reduce_patience': 25, 'lr_reduce_factor': 0.5, 'min_lr': 1e-06, 'pde_warmup_epochs': 50, 'max_grad_norm': 1.0, 'bc_batch_size': 2048, 'ic_batch_size': 2048}
2025-11-13 23:11:01,808 - MainThread - INFO - Starting training for experiment: 200_2
2025-11-13 23:11:01,808 - MainThread - INFO - Configuration - Epochs: 500, Data Batch Size: 4096, Physics Batch Size: 4096
2025-11-13 23:11:01,810 - MainThread - INFO - Physics parameters loaded - V: 10.1V, I: 70A, Efficiency: 0.7
2025-11-13 23:11:02,018 - MainThread - INFO - Dataset sizes - Train: 2808323, Validation: 702081, Test: 6288964
2025-11-13 23:11:02,478 - MainThread - WARNING - Calling GradientTape.gradient on a persistent tape inside its context is significantly less efficient than calling it outside the context (it causes the gradient ops to be recorded on the tape, leading to increased CPU and memory usage). Only call GradientTape.gradient inside the context if you actually want to trace the gradient in order to compute higher order derivatives.
2025-11-13 23:12:52,181 - MainThread - INFO - [200_2] Epoch 1/500 | Avg Total Loss: 3.3496e+05 | Val Data Loss: 3.3253e+05 | (Data=3.249e+05, PDE=1.334e+19, BC=3.450e+07, IC=8.202e+04) | w_data=1.0e+00, w_pde=0.0e+00, w_bc=0.0e+00, w_ic=0.0e+00
2025-11-13 23:28:36,352 - MainThread - INFO - [200_2] Epoch 10/500 | Avg Total Loss: 3.1192e+05 | Val Data Loss: 3.1119e+05 | (Data=3.080e+05, PDE=1.382e+19, BC=2.983e+07, IC=7.051e+04) | w_data=1.0e+00, w_pde=0.0e+00, w_bc=0.0e+00, w_ic=0.0e+00
2025-11-13 23:46:06,594 - MainThread - INFO - [200_2] Epoch 20/500 | Avg Total Loss: 2.8977e+05 | Val Data Loss: 2.8908e+05 | (Data=2.944e+05, PDE=1.167e+19, BC=2.515e+07, IC=5.916e+04) | w_data=1.0e+00, w_pde=0.0e+00, w_bc=0.0e+00, w_ic=0.0e+00
2025-11-13 23:54:51,996 - MainThread - INFO - [200_2] Reducing learning rate from 5.00e-05 to 2.50e-05 after 25 epochs without sufficient improvement.
2025-11-14 00:03:37,846 - MainThread - INFO - [200_2] Epoch 30/500 | Avg Total Loss: 2.7329e+05 | Val Data Loss: 2.7315e+05 | (Data=2.689e+05, PDE=1.339e+19, BC=2.191e+07, IC=5.130e+04) | w_data=1.0e+00, w_pde=0.0e+00, w_bc=0.0e+00, w_ic=0.0e+00
2025-11-14 00:21:02,909 - MainThread - INFO - [200_2] Epoch 40/500 | Avg Total Loss: 2.6297e+05 | Val Data Loss: 2.6283e+05 | (Data=2.664e+05, PDE=1.378e+19, BC=1.986e+07, IC=4.637e+04) | w_data=1.0e+00, w_pde=0.0e+00, w_bc=0.0e+00, w_ic=0.0e+00
2025-11-14 00:38:36,548 - MainThread - INFO - [200_2] Epoch 50/500 | Avg Total Loss: 2.5289e+05 | Val Data Loss: 2.5276e+05 | (Data=2.554e+05, PDE=1.356e+19, BC=1.791e+07, IC=4.169e+04) | w_data=1.0e+00, w_pde=0.0e+00, w_bc=0.0e+00, w_ic=0.0e+00
2025-11-14 00:38:36,548 - MainThread - INFO - [200_2] Reducing learning rate from 2.50e-05 to 1.25e-05 after 25 epochs without sufficient improvement.
2025-11-14 00:56:20,174 - MainThread - INFO - [200_2] Epoch 60/500 | Avg Total Loss: 2.5462e+05 | Val Data Loss: 2.4782e+05 | (Data=2.465e+05, PDE=1.312e+19, BC=1.697e+07, IC=3.944e+04) | w_data=1.0e+00, w_pde=5.2e-16, w_bc=1.3e-05, w_ic=9.4e-04
2025-11-14 01:13:54,827 - MainThread - INFO - [200_2] Epoch 70/500 | Avg Total Loss: 2.5173e+05 | Val Data Loss: 2.4294e+05 | (Data=2.466e+05, PDE=1.290e+19, BC=1.606e+07, IC=3.725e+04) | w_data=1.0e+00, w_pde=6.7e-16, w_bc=1.5e-05, w_ic=9.3e-04
2025-11-14 01:22:40,240 - MainThread - INFO - [200_2] Reducing learning rate from 1.25e-05 to 6.25e-06 after 25 epochs without sufficient improvement.
2025-11-14 01:31:22,584 - MainThread - INFO - [200_2] Epoch 80/500 | Avg Total Loss: 2.5030e+05 | Val Data Loss: 2.3933e+05 | (Data=2.357e+05, PDE=1.251e+19, BC=1.539e+07, IC=3.566e+04) | w_data=1.0e+00, w_pde=8.5e-16, w_bc=1.7e-05, w_ic=9.2e-04
2025-11-14 01:48:55,508 - MainThread - INFO - [200_2] Epoch 90/500 | Avg Total Loss: 2.5055e+05 | Val Data Loss: 2.3696e+05 | (Data=2.256e+05, PDE=1.396e+19, BC=1.496e+07, IC=3.463e+04) | w_data=1.0e+00, w_pde=1.1e-15, w_bc=1.9e-05, w_ic=9.1e-04
2025-11-14 02:06:38,257 - MainThread - INFO - [200_2] Epoch 100/500 | Avg Total Loss: 2.5112e+05 | Val Data Loss: 2.3461e+05 | (Data=2.378e+05, PDE=1.131e+19, BC=1.453e+07, IC=3.360e+04) | w_data=1.0e+00, w_pde=1.3e-15, w_bc=2.1e-05, w_ic=9.0e-04
2025-11-14 02:06:38,257 - MainThread - INFO - [200_2] Reducing learning rate from 6.25e-06 to 3.12e-06 after 25 epochs without sufficient improvement.
2025-11-14 02:24:04,350 - MainThread - INFO - [200_2] Epoch 110/500 | Avg Total Loss: 2.5312e+05 | Val Data Loss: 2.3344e+05 | (Data=2.323e+05, PDE=1.224e+19, BC=1.432e+07, IC=3.310e+04) | w_data=1.0e+00, w_pde=1.5e-15, w_bc=2.3e-05, w_ic=8.9e-04
2025-11-14 02:41:28,994 - MainThread - INFO - [200_2] Epoch 120/500 | Avg Total Loss: 2.5551e+05 | Val Data Loss: 2.3227e+05 | (Data=2.319e+05, PDE=1.281e+19, BC=1.411e+07, IC=3.260e+04) | w_data=1.0e+00, w_pde=1.8e-15, w_bc=2.5e-05, w_ic=8.8e-04
2025-11-14 02:50:13,980 - MainThread - INFO - [200_2] Reducing learning rate from 3.12e-06 to 1.56e-06 after 25 epochs without sufficient improvement.
2025-11-14 02:58:56,964 - MainThread - INFO - [200_2] Epoch 130/500 | Avg Total Loss: 2.5846e+05 | Val Data Loss: 2.3139e+05 | (Data=2.323e+05, PDE=1.435e+19, BC=1.395e+07, IC=3.223e+04) | w_data=1.0e+00, w_pde=2.1e-15, w_bc=2.7e-05, w_ic=8.7e-04
2025-11-14 03:16:23,065 - MainThread - INFO - [200_2] Epoch 140/500 | Avg Total Loss: 2.6204e+05 | Val Data Loss: 2.3081e+05 | (Data=2.361e+05, PDE=1.343e+19, BC=1.384e+07, IC=3.198e+04) | w_data=1.0e+00, w_pde=2.4e-15, w_bc=2.9e-05, w_ic=8.6e-04
2025-11-14 03:33:59,775 - MainThread - INFO - [200_2] Epoch 150/500 | Avg Total Loss: 2.6593e+05 | Val Data Loss: 2.3023e+05 | (Data=2.291e+05, PDE=1.391e+19, BC=1.374e+07, IC=3.173e+04) | w_data=1.0e+00, w_pde=2.8e-15, w_bc=3.1e-05, w_ic=8.5e-04
2025-11-14 03:33:59,776 - MainThread - INFO - [200_2] Reducing learning rate from 1.56e-06 to 1.00e-06 after 25 epochs without sufficient improvement.
2025-11-14 03:51:30,320 - MainThread - INFO - [200_2] Epoch 160/500 | Avg Total Loss: 2.7034e+05 | Val Data Loss: 2.2988e+05 | (Data=2.272e+05, PDE=1.334e+19, BC=1.368e+07, IC=3.158e+04) | w_data=1.0e+00, w_pde=3.1e-15, w_bc=3.3e-05, w_ic=8.4e-04
2025-11-14 04:08:54,836 - MainThread - INFO - [200_2] Epoch 170/500 | Avg Total Loss: 2.7508e+05 | Val Data Loss: 2.2952e+05 | (Data=2.248e+05, PDE=1.325e+19, BC=1.361e+07, IC=3.143e+04) | w_data=1.0e+00, w_pde=3.5e-15, w_bc=3.5e-05, w_ic=8.3e-04
2025-11-14 04:26:26,374 - MainThread - INFO - [200_2] Epoch 180/500 | Avg Total Loss: 2.8012e+05 | Val Data Loss: 2.2916e+05 | (Data=2.344e+05, PDE=1.250e+19, BC=1.355e+07, IC=3.128e+04) | w_data=1.0e+00, w_pde=3.9e-15, w_bc=3.7e-05, w_ic=8.2e-04
2025-11-14 04:44:00,920 - MainThread - INFO - [200_2] Epoch 190/500 | Avg Total Loss: 2.8547e+05 | Val Data Loss: 2.2881e+05 | (Data=2.267e+05, PDE=1.228e+19, BC=1.349e+07, IC=3.113e+04) | w_data=1.0e+00, w_pde=4.4e-15, w_bc=3.8e-05, w_ic=8.1e-04
2025-11-14 05:01:42,605 - MainThread - INFO - [200_2] Epoch 200/500 | Avg Total Loss: 2.9114e+05 | Val Data Loss: 2.2845e+05 | (Data=2.310e+05, PDE=1.316e+19, BC=1.342e+07, IC=3.098e+04) | w_data=1.0e+00, w_pde=4.9e-15, w_bc=4.0e-05, w_ic=8.0e-04
2025-11-14 05:19:15,951 - MainThread - INFO - [200_2] Epoch 210/500 | Avg Total Loss: 2.9710e+05 | Val Data Loss: 2.2810e+05 | (Data=2.314e+05, PDE=1.255e+19, BC=1.336e+07, IC=3.083e+04) | w_data=1.0e+00, w_pde=5.3e-15, w_bc=4.2e-05, w_ic=7.9e-04
2025-11-14 05:36:45,662 - MainThread - INFO - [200_2] Epoch 220/500 | Avg Total Loss: 3.0338e+05 | Val Data Loss: 2.2774e+05 | (Data=2.289e+05, PDE=1.435e+19, BC=1.330e+07, IC=3.068e+04) | w_data=1.0e+00, w_pde=5.9e-15, w_bc=4.4e-05, w_ic=7.8e-04
2025-11-14 05:54:24,278 - MainThread - INFO - [200_2] Epoch 230/500 | Avg Total Loss: 3.0998e+05 | Val Data Loss: 2.2739e+05 | (Data=2.251e+05, PDE=1.277e+19, BC=1.323e+07, IC=3.053e+04) | w_data=1.0e+00, w_pde=6.4e-15, w_bc=4.6e-05, w_ic=7.7e-04
2025-11-14 06:11:55,915 - MainThread - INFO - [200_2] Epoch 240/500 | Avg Total Loss: 3.1688e+05 | Val Data Loss: 2.2704e+05 | (Data=2.270e+05, PDE=1.202e+19, BC=1.317e+07, IC=3.038e+04) | w_data=1.0e+00, w_pde=7.0e-15, w_bc=4.8e-05, w_ic=7.6e-04
2025-11-14 06:29:30,661 - MainThread - INFO - [200_2] Epoch 250/500 | Avg Total Loss: 3.2408e+05 | Val Data Loss: 2.2668e+05 | (Data=2.330e+05, PDE=1.228e+19, BC=1.311e+07, IC=3.023e+04) | w_data=1.0e+00, w_pde=7.5e-15, w_bc=5.0e-05, w_ic=7.5e-04
2025-11-14 06:47:05,601 - MainThread - INFO - [200_2] Epoch 260/500 | Avg Total Loss: 3.3160e+05 | Val Data Loss: 2.2633e+05 | (Data=2.281e+05, PDE=1.193e+19, BC=1.305e+07, IC=3.009e+04) | w_data=1.0e+00, w_pde=8.2e-15, w_bc=5.2e-05, w_ic=7.4e-04
2025-11-14 07:04:36,776 - MainThread - INFO - [200_2] Epoch 270/500 | Avg Total Loss: 3.3942e+05 | Val Data Loss: 2.2598e+05 | (Data=2.226e+05, PDE=1.286e+19, BC=1.299e+07, IC=2.994e+04) | w_data=1.0e+00, w_pde=8.8e-15, w_bc=5.4e-05, w_ic=7.3e-04
2025-11-14 07:22:02,554 - MainThread - INFO - [200_2] Epoch 280/500 | Avg Total Loss: 3.4754e+05 | Val Data Loss: 2.2563e+05 | (Data=2.292e+05, PDE=1.361e+19, BC=1.292e+07, IC=2.979e+04) | w_data=1.0e+00, w_pde=9.4e-15, w_bc=5.6e-05, w_ic=7.2e-04
2025-11-14 07:39:36,592 - MainThread - INFO - [200_2] Epoch 290/500 | Avg Total Loss: 3.5600e+05 | Val Data Loss: 2.2527e+05 | (Data=2.314e+05, PDE=1.264e+19, BC=1.286e+07, IC=2.965e+04) | w_data=1.0e+00, w_pde=1.0e-14, w_bc=5.8e-05, w_ic=7.1e-04
2025-11-14 07:57:13,904 - MainThread - INFO - [200_2] Epoch 300/500 | Avg Total Loss: 3.6475e+05 | Val Data Loss: 2.2492e+05 | (Data=2.272e+05, PDE=1.338e+19, BC=1.280e+07, IC=2.950e+04) | w_data=1.0e+00, w_pde=1.1e-14, w_bc=6.0e-05, w_ic=7.0e-04
2025-11-14 08:14:53,865 - MainThread - INFO - [200_2] Epoch 310/500 | Avg Total Loss: 3.7380e+05 | Val Data Loss: 2.2457e+05 | (Data=2.314e+05, PDE=1.264e+19, BC=1.274e+07, IC=2.935e+04) | w_data=1.0e+00, w_pde=1.2e-14, w_bc=6.2e-05, w_ic=6.9e-04
2025-11-14 08:32:25,695 - MainThread - INFO - [200_2] Epoch 320/500 | Avg Total Loss: 3.8316e+05 | Val Data Loss: 2.2422e+05 | (Data=2.211e+05, PDE=1.290e+19, BC=1.268e+07, IC=2.921e+04) | w_data=1.0e+00, w_pde=1.2e-14, w_bc=6.4e-05, w_ic=6.8e-04
2025-11-14 08:50:03,025 - MainThread - INFO - [200_2] Epoch 330/500 | Avg Total Loss: 3.9286e+05 | Val Data Loss: 2.2387e+05 | (Data=2.293e+05, PDE=1.360e+19, BC=1.261e+07, IC=2.906e+04) | w_data=1.0e+00, w_pde=1.3e-14, w_bc=6.6e-05, w_ic=6.7e-04
2025-11-14 09:07:39,992 - MainThread - INFO - [200_2] Epoch 340/500 | Avg Total Loss: 4.0286e+05 | Val Data Loss: 2.2352e+05 | (Data=2.264e+05, PDE=1.229e+19, BC=1.255e+07, IC=2.892e+04) | w_data=1.0e+00, w_pde=1.4e-14, w_bc=6.8e-05, w_ic=6.6e-04
2025-11-14 09:25:35,406 - MainThread - INFO - [200_2] Epoch 350/500 | Avg Total Loss: 4.1314e+05 | Val Data Loss: 2.2317e+05 | (Data=2.266e+05, PDE=1.171e+19, BC=1.249e+07, IC=2.877e+04) | w_data=1.0e+00, w_pde=1.5e-14, w_bc=7.0e-05, w_ic=6.5e-04
2025-11-14 09:43:14,959 - MainThread - INFO - [200_2] Epoch 360/500 | Avg Total Loss: 4.2375e+05 | Val Data Loss: 2.2282e+05 | (Data=2.219e+05, PDE=1.273e+19, BC=1.243e+07, IC=2.863e+04) | w_data=1.0e+00, w_pde=1.6e-14, w_bc=7.2e-05, w_ic=6.4e-04
2025-11-14 10:00:59,459 - MainThread - INFO - [200_2] Epoch 370/500 | Avg Total Loss: 4.3466e+05 | Val Data Loss: 2.2247e+05 | (Data=2.175e+05, PDE=1.396e+19, BC=1.237e+07, IC=2.849e+04) | w_data=1.0e+00, w_pde=1.6e-14, w_bc=7.4e-05, w_ic=6.3e-04
2025-11-14 10:18:36,477 - MainThread - INFO - [200_2] Epoch 380/500 | Avg Total Loss: 4.4588e+05 | Val Data Loss: 2.2212e+05 | (Data=2.217e+05, PDE=1.202e+19, BC=1.231e+07, IC=2.834e+04) | w_data=1.0e+00, w_pde=1.7e-14, w_bc=7.6e-05, w_ic=6.2e-04
2025-11-14 10:36:12,658 - MainThread - INFO - [200_2] Epoch 390/500 | Avg Total Loss: 4.5742e+05 | Val Data Loss: 2.2178e+05 | (Data=2.219e+05, PDE=1.189e+19, BC=1.225e+07, IC=2.820e+04) | w_data=1.0e+00, w_pde=1.8e-14, w_bc=7.8e-05, w_ic=6.1e-04
2025-11-14 10:53:50,299 - MainThread - INFO - [200_2] Epoch 400/500 | Avg Total Loss: 4.6927e+05 | Val Data Loss: 2.2143e+05 | (Data=2.189e+05, PDE=1.273e+19, BC=1.219e+07, IC=2.806e+04) | w_data=1.0e+00, w_pde=1.9e-14, w_bc=8.0e-05, w_ic=6.0e-04
2025-11-14 11:11:28,889 - MainThread - INFO - [200_2] Epoch 410/500 | Avg Total Loss: 4.8140e+05 | Val Data Loss: 2.2108e+05 | (Data=2.220e+05, PDE=1.317e+19, BC=1.213e+07, IC=2.791e+04) | w_data=1.0e+00, w_pde=2.0e-14, w_bc=8.2e-05, w_ic=5.9e-04
2025-11-14 11:29:05,450 - MainThread - INFO - [200_2] Epoch 420/500 | Avg Total Loss: 4.9386e+05 | Val Data Loss: 2.2073e+05 | (Data=2.234e+05, PDE=1.290e+19, BC=1.207e+07, IC=2.777e+04) | w_data=1.0e+00, w_pde=2.1e-14, w_bc=8.4e-05, w_ic=5.8e-04
2025-11-14 11:46:56,206 - MainThread - INFO - [200_2] Epoch 430/500 | Avg Total Loss: 5.0662e+05 | Val Data Loss: 2.2039e+05 | (Data=2.245e+05, PDE=1.219e+19, BC=1.201e+07, IC=2.763e+04) | w_data=1.0e+00, w_pde=2.2e-14, w_bc=8.6e-05, w_ic=5.7e-04
2025-11-14 12:05:52,391 - MainThread - INFO - [200_2] Epoch 440/500 | Avg Total Loss: 5.1971e+05 | Val Data Loss: 2.2004e+05 | (Data=2.275e+05, PDE=1.290e+19, BC=1.195e+07, IC=2.749e+04) | w_data=1.0e+00, w_pde=2.3e-14, w_bc=8.8e-05, w_ic=5.6e-04
2025-11-14 12:26:02,946 - MainThread - INFO - [200_2] Epoch 450/500 | Avg Total Loss: 5.3312e+05 | Val Data Loss: 2.1969e+05 | (Data=2.207e+05, PDE=1.413e+19, BC=1.189e+07, IC=2.735e+04) | w_data=1.0e+00, w_pde=2.4e-14, w_bc=9.0e-05, w_ic=5.5e-04
2025-11-14 12:46:11,523 - MainThread - INFO - [200_2] Epoch 460/500 | Avg Total Loss: 5.4680e+05 | Val Data Loss: 2.1935e+05 | (Data=2.158e+05, PDE=1.378e+19, BC=1.183e+07, IC=2.721e+04) | w_data=1.0e+00, w_pde=2.5e-14, w_bc=9.2e-05, w_ic=5.4e-04
2025-11-14 13:06:13,050 - MainThread - INFO - [200_2] Epoch 470/500 | Avg Total Loss: 5.6081e+05 | Val Data Loss: 2.1900e+05 | (Data=2.147e+05, PDE=1.285e+19, BC=1.177e+07, IC=2.707e+04) | w_data=1.0e+00, w_pde=2.7e-14, w_bc=9.4e-05, w_ic=5.3e-04
2025-11-14 13:26:27,779 - MainThread - INFO - [200_2] Epoch 480/500 | Avg Total Loss: 5.7513e+05 | Val Data Loss: 2.1866e+05 | (Data=2.182e+05, PDE=1.259e+19, BC=1.171e+07, IC=2.693e+04) | w_data=1.0e+00, w_pde=2.8e-14, w_bc=9.6e-05, w_ic=5.2e-04
2025-11-14 13:46:27,550 - MainThread - INFO - [200_2] Epoch 490/500 | Avg Total Loss: 5.8975e+05 | Val Data Loss: 2.1831e+05 | (Data=2.072e+05, PDE=1.413e+19, BC=1.165e+07, IC=2.679e+04) | w_data=1.0e+00, w_pde=2.9e-14, w_bc=9.8e-05, w_ic=5.1e-04
2025-11-14 14:06:39,775 - MainThread - INFO - [200_2] Epoch 500/500 | Avg Total Loss: 6.0466e+05 | Val Data Loss: 2.1797e+05 | (Data=2.130e+05, PDE=1.290e+19, BC=1.159e+07, IC=2.665e+04) | w_data=1.0e+00, w_pde=3.0e-14, w_bc=1.0e-04, w_ic=5.0e-04
2025-11-14 14:06:39,786 - MainThread - WARNING - You are saving your model as an HDF5 file via `model.save()` or `keras.saving.save_model(model)`. This file format is considered legacy. We recommend using instead the native Keras format, e.g. `model.save('my_model.keras')` or `keras.saving.save_model(model, 'my_model.keras')`. 
2025-11-14 14:06:39,801 - MainThread - INFO - Model saved: model_200_2.h5
2025-11-14 14:06:40,025 - MainThread - INFO - Training plot saved for 200_2
2025-11-14 14:06:40,025 - MainThread - INFO - Starting evaluation for 200_2
2025-11-14 14:09:21,919 - MainThread - INFO - 
=== Training Evaluation Metrics for experiment 200_2 ===
2025-11-14 14:09:21,920 - MainThread - INFO - RMSE: 466.5004
2025-11-14 14:09:21,920 - MainThread - INFO - MAE: 404.2987
2025-11-14 14:09:21,920 - MainThread - INFO - R²: -3.0178
2025-11-14 14:09:21,920 - MainThread - INFO - Pearson Correlation: 0.0516
2025-11-14 14:11:01,798 - MainThread - INFO - 
=== Validation Evaluation Metrics for experiment 200_2 ===
2025-11-14 14:11:01,798 - MainThread - INFO - RMSE: 466.8709
2025-11-14 14:11:01,798 - MainThread - INFO - MAE: 404.5887
2025-11-14 14:11:01,798 - MainThread - INFO - R²: -3.0159
2025-11-14 14:11:01,798 - MainThread - INFO - Pearson Correlation: 0.0494
2025-11-14 14:17:09,268 - MainThread - INFO - 
=== Test Evaluation Metrics for experiment 200_2 ===
2025-11-14 14:17:09,269 - MainThread - INFO - RMSE: 489.7169
2025-11-14 14:17:09,270 - MainThread - INFO - MAE: 432.5360
2025-11-14 14:17:09,271 - MainThread - INFO - R²: -3.5477
2025-11-14 14:17:09,271 - MainThread - INFO - Pearson Correlation: nan
2025-11-14 14:19:24,103 - MainThread - INFO - Completed training and evaluation for 200_2
2025-11-14 14:19:24,103 - MainThread - INFO - Test Metrics - RMSE: 489.7169, R²: -3.5477
2025-11-14 14:19:24,104 - MainThread - INFO - Completed experiment 200_2
------------------------------------------------------------
2025-11-14 14:19:24,104 - MainThread - INFO - 
=== Training Complete ===
2025-11-14 14:19:24,104 - MainThread - INFO - Trained 1 models successfully!
2025-11-14 14:19:24,104 - MainThread - INFO - All models saved in 'trained_models_PINNS/' directory
2025-11-14 14:19:24,104 - MainThread - INFO - Evaluation metrics saved in 'evaluation_results_PINNS/' directory
2025-11-14 14:19:24,104 - MainThread - INFO - Training plots saved in 'training_plots_PINNS/' directory
2025-11-14 14:19:24,104 - MainThread - INFO - === Summary of Test Results Across All Experiments ===
2025-11-14 14:19:24,105 - MainThread - INFO - Average RMSE: 489.7169 ± nan
2025-11-14 14:19:24,105 - MainThread - INFO - Average MAE: 432.5360 ± nan
2025-11-14 14:19:24,105 - MainThread - INFO - Average R²: -3.5477 ± nan
2025-11-14 14:19:24,105 - MainThread - INFO - Average Pearson Correlation: nan ± nan
2025-11-14 14:19:24,106 - MainThread - INFO - 
Best performing experiment (highest R²): 200_2 (R² = -3.5477)
2025-11-14 14:19:24,106 - MainThread - INFO - Worst performing experiment (lowest R²): 200_2 (R² = -3.5477)
2025-11-14 14:19:24,108 - MainThread - INFO - Summary results saved to 'evaluation_results_PINNS/all_experiments_test_summary.csv'
