2025-11-16 01:57:21,137 - MainThread - INFO - ✓ GPU memory growth enabled for 1 device(s)
2025-11-16 01:57:21,137 - MainThread - INFO - 
=== Experiment 1/1: 200_2 ===
2025-11-16 01:57:21,343 - MainThread - INFO - Loaded data shape: X=(9799368, 4), y=(9799368, 1)
2025-11-16 01:57:22,156 - MainThread - INFO - Final splits - Train: 2808323, Val: 702081, Test: 6288964
2025-11-16 01:57:22,341 - MainThread - INFO - Input scaler for 200_2 - mins: [0.         0.0149951  0.16491048 0.004     ], scales: [1.0038600e+03 2.0000981e-01 5.1790476e-03 3.2060756e-03]
2025-11-16 01:57:22,342 - MainThread - INFO - Physics parameters loaded - V: 10.1V, I: 70A, Efficiency: 0.7
2025-11-16 01:57:24,032 - MainThread - INFO - [200_2] Starting Stage 1 (data-only) training for 100 epochs...
2025-11-16 02:02:18,582 - MainThread - INFO - [200_2] Stage 1 (data-only) training complete.
2025-11-16 02:02:18,583 - MainThread - INFO - Model parameters: {'input_dim': 4, 'output_dim': 1, 'layer_sizes': [128, 128, 64, 64, 32, 16, 1], 'activation': 'relu', 'w_data': 0.001, 'w_pde': 1e-10, 'w_bc': 1e-08, 'w_ic': 0.0001}
2025-11-16 02:02:18,583 - MainThread - INFO - Training parameters (PINN stage): {'epochs_data_only': 100, 'epochs_pinn': 250, 'batch_size': 8192, 'learning_rate': 5e-05, 'early_stopping_patience': 40, 'lr_reduce_patience': 20, 'lr_reduce_factor': 0.5, 'min_lr': 1e-06, 'pde_warmup_epochs': 20, 'max_grad_norm': 1.0, 'bc_batch_size': 2048, 'ic_batch_size': 2048, 'max_batches_per_epoch': 60, 'physics_batch_size': 2048}
2025-11-16 02:02:18,583 - MainThread - INFO - Starting PINN training for experiment: 200_2
2025-11-16 02:02:18,583 - MainThread - INFO - Configuration - Epochs: 250, Data Batch Size: 8192, Physics Batch Size: 2048
2025-11-16 02:02:18,585 - MainThread - INFO - Dataset sizes - Train: 2808323, Validation: 702081, Test: 6288964
2025-11-16 02:02:18,585 - MainThread - INFO - PDE domain size (X_all): 9799368 points
2025-11-16 02:02:46,231 - MainThread - INFO - [200_2] Epoch 1/250 | Avg Total Loss: 1.3017e+02 | Val Data Loss: 9.1064e+01 | (Data=9.194e+01, PDE=9.538e+16, BC=2.198e+12, IC=6.104e+00) | w_data=1.0e+00, w_pde=0.0e+00, w_bc=0.0e+00, w_ic=0.0e+00
2025-11-16 02:06:17,473 - MainThread - INFO - [200_2] Epoch 10/250 | Avg Total Loss: 7.9832e+01 | Val Data Loss: 7.8023e+01 | (Data=7.327e+01, PDE=9.546e+16, BC=2.349e+12, IC=5.890e+00) | w_data=1.0e+00, w_pde=0.0e+00, w_bc=0.0e+00, w_ic=0.0e+00
2025-11-16 02:10:12,900 - MainThread - INFO - [200_2] Epoch 20/250 | Avg Total Loss: 7.9296e+01 | Val Data Loss: 1.3166e+02 | (Data=1.297e+02, PDE=9.347e+16, BC=1.765e+12, IC=4.132e+00) | w_data=1.0e+00, w_pde=0.0e+00, w_bc=0.0e+00, w_ic=0.0e+00
2025-11-16 02:10:12,901 - MainThread - INFO - [200_2] Reducing learning rate from 5.00e-05 to 2.50e-05 after 20 epochs without sufficient improvement.
2025-11-16 02:14:06,615 - MainThread - INFO - [200_2] Epoch 30/250 | Avg Total Loss: 5.3095e+05 | Val Data Loss: 1.0573e+03 | (Data=9.993e+02, PDE=4.126e+16, BC=8.436e+11, IC=1.171e+03) | w_data=1.0e+00, w_pde=1.1e-11, w_bc=2.0e-09, w_ic=1.0e-04
2025-11-16 02:17:56,905 - MainThread - INFO - [200_2] Epoch 40/250 | Avg Total Loss: 3.8423e+05 | Val Data Loss: 1.9486e+03 | (Data=2.243e+03, PDE=2.920e+16, BC=6.442e+11, IC=2.436e+03) | w_data=1.0e+00, w_pde=1.2e-11, w_bc=2.4e-09, w_ic=1.0e-04
2025-11-16 02:17:56,906 - MainThread - INFO - [200_2] Reducing learning rate from 2.50e-05 to 1.25e-05 after 20 epochs without sufficient improvement.
2025-11-16 02:21:50,332 - MainThread - INFO - [200_2] Epoch 50/250 | Avg Total Loss: 3.4803e+05 | Val Data Loss: 2.5083e+03 | (Data=2.102e+03, PDE=2.121e+16, BC=4.855e+11, IC=3.368e+03) | w_data=1.0e+00, w_pde=1.3e-11, w_bc=2.8e-09, w_ic=1.0e-04
2025-11-16 02:23:48,100 - MainThread - INFO - [200_2] Early stopping in PINN stage at epoch 55. Best validation data loss: 6.8343e+01
2025-11-16 02:23:48,103 - MainThread - WARNING - You are saving your model as an HDF5 file via `model.save()` or `keras.saving.save_model(model)`. This file format is considered legacy. We recommend using instead the native Keras format, e.g. `model.save('my_model.keras')` or `keras.saving.save_model(model, 'my_model.keras')`. 
2025-11-16 02:23:48,129 - MainThread - INFO - Model saved: model_200_2.h5
2025-11-16 02:23:48,129 - MainThread - INFO - Input scaler saved: input_scaler_200_2.npz
2025-11-16 02:23:48,318 - MainThread - INFO - PINN training plot saved for 200_2
2025-11-16 02:23:48,318 - MainThread - INFO - Starting final evaluation for 200_2
2025-11-16 02:29:11,345 - MainThread - INFO - 
=== Training Evaluation Metrics for experiment 200_2 ===
2025-11-16 02:29:11,345 - MainThread - INFO - RMSE: 8.2015
2025-11-16 02:29:11,345 - MainThread - INFO - MAE: 3.4910
2025-11-16 02:29:11,345 - MainThread - INFO - R²: 0.9988
2025-11-16 02:29:11,345 - MainThread - INFO - Pearson Correlation: 0.9994
2025-11-16 02:31:02,720 - MainThread - INFO - 
=== Validation Evaluation Metrics for experiment 200_2 ===
2025-11-16 02:31:02,721 - MainThread - INFO - RMSE: 8.2670
2025-11-16 02:31:02,721 - MainThread - INFO - MAE: 3.4948
2025-11-16 02:31:02,721 - MainThread - INFO - R²: 0.9987
2025-11-16 02:31:02,721 - MainThread - INFO - Pearson Correlation: 0.9994
2025-11-16 02:43:17,315 - MainThread - INFO - 
=== Test Evaluation Metrics for experiment 200_2 ===
2025-11-16 02:43:17,316 - MainThread - INFO - RMSE: 23.4267
2025-11-16 02:43:17,316 - MainThread - INFO - MAE: 5.2475
2025-11-16 02:43:17,317 - MainThread - INFO - R²: 0.9896
2025-11-16 02:43:17,317 - MainThread - INFO - Pearson Correlation: 0.9948
2025-11-16 02:45:21,930 - MainThread - INFO - Completed training and evaluation for 200_2
2025-11-16 02:45:21,930 - MainThread - INFO - Test Metrics - RMSE: 23.4267, R²: 0.9896
2025-11-16 02:45:21,931 - MainThread - INFO - Completed experiment 200_2
------------------------------------------------------------
2025-11-16 02:45:21,931 - MainThread - INFO - 
=== Training Complete ===
2025-11-16 02:45:21,931 - MainThread - INFO - Trained 1 models successfully!
2025-11-16 02:45:21,931 - MainThread - INFO - All models saved in 'trained_models_PINNS/' directory
2025-11-16 02:45:21,931 - MainThread - INFO - Evaluation metrics saved in 'evaluation_results_PINNS/' directory
2025-11-16 02:45:21,931 - MainThread - INFO - Training plots saved in 'training_plots_PINNS/' directory
2025-11-16 02:45:21,932 - MainThread - INFO - === Summary of Test Results Across All Experiments ===
2025-11-16 02:45:21,932 - MainThread - INFO - Average RMSE: 23.4267 ± nan
2025-11-16 02:45:21,933 - MainThread - INFO - Average MAE: 5.2475 ± nan
2025-11-16 02:45:21,933 - MainThread - INFO - Average R²: 0.9896 ± nan
2025-11-16 02:45:21,933 - MainThread - INFO - Average Pearson Correlation: 0.9948 ± nan
2025-11-16 02:45:21,933 - MainThread - INFO - 
Best performing experiment (highest R²): 200_2 (R² = 0.9896)
2025-11-16 02:45:21,933 - MainThread - INFO - Worst performing experiment (lowest R²): 200_2 (R² = 0.9896)
2025-11-16 02:45:21,935 - MainThread - INFO - Summary results saved to 'evaluation_results_PINNS/all_experiments_test_summary.csv'
2025-11-16 02:45:22,639 - MainThread - INFO - Metrics distribution plots saved to 'evaluation_results_PINNS/metrics_distribution_summary.png'
