2025-11-11 22:21:59,192 - MainThread - INFO - ✓ GPU memory growth enabled for 1 device(s)
2025-11-11 22:21:59,192 - MainThread - INFO - 
=== Experiment 1/1: 200_2 ===
2025-11-11 22:21:59,383 - MainThread - INFO - Loaded data shape: X=(9799368, 4), y=(9799368, 1)
2025-11-11 22:22:00,095 - MainThread - INFO - Final splits - Train: 2808323, Val: 702081, Test: 6288964
2025-11-11 22:22:00,923 - MainThread - INFO - Model parameters: {'input_dim': 4, 'output_dim': 1, 'layer_sizes': [256, 256, 128, 128, 64, 64, 1], 'activation': 'relu', 'learning_rate': 0.001, 'w_data': 1.0, 'w_pde': 0, 'w_bc': 0, 'w_ic': 0}
2025-11-11 22:22:00,923 - MainThread - INFO - Training parameters: {'epochs': 200, 'batch_size': 262144, 'learning_rate': 0.0001, 'L_data_threshold': 0.5, 'L_ic_threshold': 10, 'L_bc_threshold': 1000.0, 'w_data_new': 0.01, 'w_pde_new': 1e-14, 'w_bc_new': 1e-05, 'w_ic_new': 0.01, 'early_stopping_patience': 50, 'lr_reduce_patience': 25}
2025-11-11 22:22:00,923 - MainThread - INFO - Starting training for experiment: 200_2
2025-11-11 22:22:00,923 - MainThread - INFO - Configuration - Epochs: 200, Data Batch Size: 262144, Physics Batch Size: 262144
2025-11-11 22:22:01,381 - MainThread - INFO - Physics parameters loaded - V: 10.1V, I: 70A, Efficiency: 0.7
2025-11-11 22:22:01,555 - MainThread - INFO - Dataset sizes - Train: 2808323, Validation: 702081, Test: 6288964
2025-11-11 22:22:02,191 - MainThread - WARNING - Calling GradientTape.gradient on a persistent tape inside its context is significantly less efficient than calling it outside the context (it causes the gradient ops to be recorded on the tape, leading to increased CPU and memory usage). Only call GradientTape.gradient inside the context if you actually want to trace the gradient in order to compute higher order derivatives.
2025-11-11 22:22:05,410 - MainThread - INFO - [200_2] Epoch 1/200 | Avg Loss: 9.8465e-01 (Data=9.664e-01, PDE=2.380e+14, BC=3.737e+07, IC=8.888e+04)
2025-11-11 22:22:28,671 - MainThread - INFO - [200_2] Epoch 10/200 | Avg Loss: 6.7945e-01 (Data=6.783e-01, PDE=3.071e+14, BC=3.728e+07, IC=8.888e+04)
2025-11-11 22:22:54,461 - MainThread - INFO - [200_2] Epoch 20/200 | Avg Loss: 4.9666e-01 (Data=4.732e-01, PDE=5.521e+14, BC=3.727e+07, IC=8.891e+04)
2025-11-11 22:23:20,196 - MainThread - INFO - [200_2] Epoch 30/200 | Avg Loss: 6.7310e-01 (Data=6.730e-01, PDE=2.300e+14, BC=3.731e+07, IC=8.888e+04)
2025-11-11 22:23:45,935 - MainThread - INFO - [200_2] Epoch 40/200 | Avg Loss: 5.9859e-01 (Data=5.954e-01, PDE=2.613e+14, BC=3.729e+07, IC=8.888e+04)
2025-11-11 22:24:11,663 - MainThread - INFO - [200_2] Epoch 50/200 | Avg Loss: 5.5636e-01 (Data=5.382e-01, PDE=3.110e+14, BC=3.729e+07, IC=8.889e+04)
2025-11-11 22:24:37,440 - MainThread - INFO - [200_2] Epoch 60/200 | Avg Loss: 5.1795e-01 (Data=5.032e-01, PDE=3.559e+14, BC=3.729e+07, IC=8.892e+04)
2025-11-11 22:24:38,031 - MainThread - INFO - Adjusting weights at epoch 60: w_data=0.01, w_pde=0, w_bc=0, w_ic=0.01
2025-11-11 22:24:38,265 - MainThread - INFO - Adjusting weights at epoch 60: w_data=0.01, w_pde=0, w_bc=0, w_ic=0.01
2025-11-11 22:25:03,256 - MainThread - INFO - [200_2] Epoch 70/200 | Avg Loss: 5.7764e-01 (Data=5.465e-01, PDE=3.696e+14, BC=3.724e+07, IC=8.879e+04)
2025-11-11 22:25:04,543 - MainThread - INFO - Adjusting weights at epoch 70: w_data=0.01, w_pde=0, w_bc=0, w_ic=0.01
2025-11-11 22:25:04,775 - MainThread - INFO - Adjusting weights at epoch 70: w_data=0.01, w_pde=0, w_bc=0, w_ic=0.01
2025-11-11 22:25:05,007 - MainThread - INFO - Adjusting weights at epoch 70: w_data=0.01, w_pde=0, w_bc=0, w_ic=0.01
2025-11-11 22:25:29,099 - MainThread - INFO - [200_2] Epoch 80/200 | Avg Loss: 2.4257e+02 (Data=6.927e-01, PDE=6.040e+14, BC=3.725e+07, IC=8.872e+04)
2025-11-11 22:25:54,759 - MainThread - INFO - [200_2] Epoch 90/200 | Avg Loss: 5.6141e-01 (Data=4.856e-01, PDE=3.626e+14, BC=3.724e+07, IC=8.879e+04)
2025-11-11 22:25:55,111 - MainThread - INFO - Adjusting weights at epoch 90: w_data=0.01, w_pde=0, w_bc=0, w_ic=0.01
2025-11-11 22:25:55,342 - MainThread - INFO - Adjusting weights at epoch 90: w_data=0.01, w_pde=0, w_bc=0, w_ic=0.01
2025-11-11 22:25:55,574 - MainThread - INFO - Adjusting weights at epoch 90: w_data=0.01, w_pde=0, w_bc=0, w_ic=0.01
2025-11-11 22:26:20,390 - MainThread - INFO - [200_2] Epoch 100/200 | Avg Loss: 6.7984e-01 (Data=6.151e-01, PDE=3.049e+14, BC=3.718e+07, IC=8.867e+04)
2025-11-11 22:26:46,252 - MainThread - INFO - [200_2] Epoch 110/200 | Avg Loss: 5.8018e-01 (Data=5.355e-01, PDE=3.288e+14, BC=3.721e+07, IC=8.874e+04)
2025-11-11 22:26:47,753 - MainThread - INFO - Adjusting weights at epoch 110: w_data=0.01, w_pde=0, w_bc=0, w_ic=0.01
2025-11-11 22:26:47,984 - MainThread - INFO - Adjusting weights at epoch 110: w_data=0.01, w_pde=0, w_bc=0, w_ic=0.01
2025-11-11 22:26:48,215 - MainThread - INFO - Adjusting weights at epoch 110: w_data=0.01, w_pde=0, w_bc=0, w_ic=0.01
2025-11-11 22:27:11,832 - MainThread - INFO - [200_2] Epoch 120/200 | Avg Loss: 3.2312e+02 (Data=5.729e-01, PDE=3.534e+14, BC=3.722e+07, IC=8.872e+04)
2025-11-11 22:27:37,440 - MainThread - INFO - [200_2] Epoch 130/200 | Avg Loss: 6.6728e-01 (Data=6.397e-01, PDE=2.857e+14, BC=3.717e+07, IC=8.864e+04)
2025-11-11 22:28:03,226 - MainThread - INFO - [200_2] Epoch 140/200 | Avg Loss: 5.9240e-01 (Data=5.407e-01, PDE=3.557e+14, BC=3.720e+07, IC=8.873e+04)
2025-11-11 22:28:04,738 - MainThread - INFO - Adjusting weights at epoch 140: w_data=0.01, w_pde=0, w_bc=0, w_ic=0.01
2025-11-11 22:28:04,969 - MainThread - INFO - Adjusting weights at epoch 140: w_data=0.01, w_pde=0, w_bc=0, w_ic=0.01
2025-11-11 22:28:05,202 - MainThread - INFO - Adjusting weights at epoch 140: w_data=0.01, w_pde=0, w_bc=0, w_ic=0.01
2025-11-11 22:28:05,433 - MainThread - INFO - Adjusting weights at epoch 140: w_data=0.01, w_pde=0, w_bc=0, w_ic=0.01
2025-11-11 22:28:28,894 - MainThread - INFO - [200_2] Epoch 150/200 | Avg Loss: 3.2304e+02 (Data=5.948e-01, PDE=3.693e+14, BC=3.720e+07, IC=8.868e+04)
2025-11-11 22:28:54,545 - MainThread - INFO - [200_2] Epoch 160/200 | Avg Loss: 6.8528e-01 (Data=6.656e-01, PDE=3.432e+14, BC=3.716e+07, IC=8.862e+04)
2025-11-11 22:29:20,219 - MainThread - INFO - [200_2] Epoch 170/200 | Avg Loss: 6.3843e-01 (Data=5.640e-01, PDE=3.713e+14, BC=3.717e+07, IC=8.867e+04)
2025-11-11 22:29:22,465 - MainThread - INFO - Adjusting weights at epoch 170: w_data=0.01, w_pde=0, w_bc=0, w_ic=0.01
2025-11-11 22:29:22,708 - MainThread - INFO - Adjusting weights at epoch 170: w_data=0.01, w_pde=0, w_bc=0, w_ic=0.01
2025-11-11 22:29:46,114 - MainThread - INFO - [200_2] Epoch 180/200 | Avg Loss: 4.0356e+02 (Data=5.752e-01, PDE=3.746e+14, BC=3.718e+07, IC=8.866e+04)
2025-11-11 22:30:11,885 - MainThread - INFO - [200_2] Epoch 190/200 | Avg Loss: 2.4243e+02 (Data=7.148e-01, PDE=5.285e+14, BC=3.716e+07, IC=8.860e+04)
2025-11-11 22:30:37,513 - MainThread - INFO - [200_2] Epoch 200/200 | Avg Loss: 6.5021e-01 (Data=5.715e-01, PDE=4.097e+14, BC=3.717e+07, IC=8.867e+04)
2025-11-11 22:30:37,514 - MainThread - WARNING - You are saving your model as an HDF5 file via `model.save()` or `keras.saving.save_model(model)`. This file format is considered legacy. We recommend using instead the native Keras format, e.g. `model.save('my_model.keras')` or `keras.saving.save_model(model, 'my_model.keras')`. 
2025-11-11 22:30:37,528 - MainThread - INFO - Model saved: model_200_2.h5
