2025-12-03 15:10:05,561 - MainThread - INFO - GPU memory growth setting failed: Physical devices cannot be modified after being initialized
2025-12-03 15:10:05,562 - MainThread - INFO - 
=== Experiment 1/1: 200_2 ===
2025-12-03 15:10:05,814 - MainThread - INFO - Loaded data shape: X=(9799368, 4), y=(9799368, 1)
2025-12-03 15:10:05,962 - MainThread - INFO - [200_2] Data-derived initial temperature T_initial = 298.150 K
2025-12-03 15:10:10,477 - MainThread - INFO - Input scaler for 200_2 - mins: [0.         0.0149951  0.16491048 0.004     ], scales: [1.0038600e+03 2.0000981e-01 5.1790476e-03 3.2060756e-03]
2025-12-03 15:10:10,478 - MainThread - INFO - Physics parameters loaded - V: 10.1V, I: 70A, Efficiency: 0.7
2025-12-03 15:10:12,632 - MainThread - INFO - [200_2] Starting Stage 1 (data-only) training for 100 epochs...
2025-12-03 15:21:48,902 - MainThread - INFO - [200_2] Stage 1 (data-only) training complete.
2025-12-03 15:21:48,904 - MainThread - INFO - Model parameters: {'input_dim': 4, 'output_dim': 1, 'layer_sizes': [128, 128, 64, 64, 32, 16, 1], 'activation': 'relu', 'w_data': 0.001, 'w_pde': 1e-10, 'w_bc': 1e-08, 'w_ic': 0.0001}
2025-12-03 15:21:48,904 - MainThread - INFO - Training parameters (PINN stage): {'epochs_data_only': 100, 'epochs_pinn': 250, 'batch_size': 8192, 'learning_rate': 5e-05, 'early_stopping_patience': 40, 'lr_reduce_patience': 20, 'lr_reduce_factor': 0.5, 'min_lr': 1e-06, 'pde_warmup_epochs': 20, 'max_grad_norm': 1.0, 'bc_batch_size': 2048, 'ic_batch_size': 2048, 'max_batches_per_epoch': 60, 'physics_batch_size': 2048}
2025-12-03 15:21:48,904 - MainThread - INFO - Starting PINN training for experiment: 200_2
2025-12-03 15:21:48,904 - MainThread - INFO - Configuration - Epochs: 250, Data Batch Size: 8192, Physics Batch Size: 2048
2025-12-03 15:21:48,906 - MainThread - INFO - Dataset sizes - Train: 7055544, Validation: 1763887, Test: 979937
2025-12-03 15:21:48,907 - MainThread - INFO - PDE domain size (X_all): 9799368 points
2025-12-03 15:22:17,386 - MainThread - INFO - [200_2] Epoch 1/250 | Avg Total Loss: 1.3622e+02 | Val Data Loss: 6.6892e+01 | (Data=7.434e+01, PDE=2.165e+17, BC=1.704e+12, IC=2.300e+01) | w_data=1.0e+00, w_pde=0.0e+00, w_bc=0.0e+00, w_ic=0.0e+00
2025-12-03 15:26:00,100 - MainThread - INFO - [200_2] Epoch 10/250 | Avg Total Loss: 8.3643e+01 | Val Data Loss: 5.9434e+01 | (Data=9.624e+01, PDE=3.575e+17, BC=2.328e+12, IC=2.295e+01) | w_data=1.0e+00, w_pde=0.0e+00, w_bc=0.0e+00, w_ic=0.0e+00
2025-12-03 15:30:07,634 - MainThread - INFO - [200_2] Epoch 20/250 | Avg Total Loss: 7.7498e+01 | Val Data Loss: 6.6659e+01 | (Data=5.721e+01, PDE=2.167e+17, BC=2.154e+12, IC=3.305e+01) | w_data=1.0e+00, w_pde=0.0e+00, w_bc=0.0e+00, w_ic=0.0e+00
2025-12-03 15:30:07,635 - MainThread - INFO - [200_2] Reducing learning rate from 5.00e-05 to 2.50e-05 after 20 epochs without sufficient improvement.
2025-12-03 15:34:14,308 - MainThread - INFO - [200_2] Epoch 30/250 | Avg Total Loss: 1.9453e+08 | Val Data Loss: 2.0261e+05 | (Data=3.342e+05, PDE=1.476e+15, BC=8.828e+10, IC=1.077e+04) | w_data=1.0e+00, w_pde=1.1e-07, w_bc=2.0e-06, w_ic=1.0e-02
2025-12-03 15:38:20,226 - MainThread - INFO - [200_2] Epoch 40/250 | Avg Total Loss: 2.2967e+08 | Val Data Loss: 2.6903e+05 | (Data=4.692e+05, PDE=1.900e+15, BC=8.851e+10, IC=5.268e+04) | w_data=1.0e+00, w_pde=1.2e-07, w_bc=2.4e-06, w_ic=1.0e-02
2025-12-03 15:38:20,226 - MainThread - INFO - [200_2] Reducing learning rate from 2.50e-05 to 1.25e-05 after 20 epochs without sufficient improvement.
2025-12-03 15:42:27,263 - MainThread - INFO - [200_2] Epoch 50/250 | Avg Total Loss: 2.9359e+08 | Val Data Loss: 2.8656e+05 | (Data=5.278e+05, PDE=1.899e+15, BC=4.663e+10, IC=6.351e+04) | w_data=1.0e+00, w_pde=1.3e-07, w_bc=2.8e-06, w_ic=1.0e-02
2025-12-03 15:45:45,093 - MainThread - INFO - [200_2] Early stopping in PINN stage at epoch 58. Best validation data loss: 5.4276e+01
2025-12-03 15:45:45,096 - MainThread - WARNING - You are saving your model as an HDF5 file via `model.save()` or `keras.saving.save_model(model)`. This file format is considered legacy. We recommend using instead the native Keras format, e.g. `model.save('my_model.keras')` or `keras.saving.save_model(model, 'my_model.keras')`. 
2025-12-03 15:45:45,122 - MainThread - INFO - Model saved: model_200_2.h5
2025-12-03 15:45:45,122 - MainThread - INFO - Input scaler saved: input_scaler_200_2.npz
2025-12-03 15:45:46,175 - MainThread - INFO - PINN training plot saved for 200_2
2025-12-03 15:45:46,175 - MainThread - INFO - Starting final evaluation for 200_2
2025-12-03 15:59:36,101 - MainThread - INFO - 
=== Training Evaluation Metrics for experiment 200_2 ===
2025-12-03 15:59:36,101 - MainThread - INFO - RMSE: 7.3639
2025-12-03 15:59:36,101 - MainThread - INFO - MAE: 2.5646
2025-12-03 15:59:36,101 - MainThread - INFO - R²: 0.9990
2025-12-03 15:59:36,101 - MainThread - INFO - Pearson Correlation: 0.9995
2025-12-03 16:04:19,371 - MainThread - INFO - 
=== Validation Evaluation Metrics for experiment 200_2 ===
2025-12-03 16:04:19,371 - MainThread - INFO - RMSE: 7.3672
2025-12-03 16:04:19,371 - MainThread - INFO - MAE: 2.5598
2025-12-03 16:04:19,371 - MainThread - INFO - R²: 0.9990
2025-12-03 16:04:19,371 - MainThread - INFO - Pearson Correlation: 0.9995
2025-12-03 16:06:32,852 - MainThread - INFO - 
=== Test Evaluation Metrics for experiment 200_2 ===
2025-12-03 16:06:32,852 - MainThread - INFO - RMSE: 7.3054
2025-12-03 16:06:32,852 - MainThread - INFO - MAE: 2.5648
2025-12-03 16:06:32,852 - MainThread - INFO - R²: 0.9990
2025-12-03 16:06:32,852 - MainThread - INFO - Pearson Correlation: 0.9995
2025-12-03 16:06:44,914 - MainThread - INFO - Completed training and evaluation for 200_2
2025-12-03 16:06:44,914 - MainThread - INFO - Test Metrics - RMSE: 7.3054, R²: 0.9990
2025-12-03 16:06:44,916 - MainThread - INFO - Completed experiment 200_2
------------------------------------------------------------
2025-12-03 16:06:44,916 - MainThread - INFO - 
=== Training Complete ===
2025-12-03 16:06:44,916 - MainThread - INFO - Trained 1 models successfully!
2025-12-03 16:06:44,916 - MainThread - INFO - All models saved in 'trained_models_PINNS/' directory
2025-12-03 16:06:44,916 - MainThread - INFO - Evaluation metrics saved in 'evaluation_results_PINNS/' directory
2025-12-03 16:06:44,916 - MainThread - INFO - Training plots saved in 'training_plots_PINNS/' directory
2025-12-03 16:06:44,917 - MainThread - INFO - === Summary of Test Results Across All Experiments ===
2025-12-03 16:06:44,917 - MainThread - INFO - Average RMSE: 7.3054 ± nan
2025-12-03 16:06:44,917 - MainThread - INFO - Average MAE: 2.5648 ± nan
2025-12-03 16:06:44,917 - MainThread - INFO - Average R²: 0.9990 ± nan
2025-12-03 16:06:44,917 - MainThread - INFO - Average Pearson Correlation: 0.9995 ± nan
2025-12-03 16:06:44,918 - MainThread - INFO - 
Best performing experiment (highest R²): 200_2 (R² = 0.9990)
2025-12-03 16:06:44,918 - MainThread - INFO - Worst performing experiment (lowest R²): 200_2 (R² = 0.9990)
2025-12-03 16:06:44,920 - MainThread - INFO - Summary results saved to 'evaluation_results_PINNS/all_experiments_test_summary.csv'
2025-12-03 16:06:45,621 - MainThread - INFO - Metrics distribution plots saved to 'evaluation_results_PINNS/metrics_distribution_summary.png'
