2025-11-21 16:46:22,517 - MainThread - INFO - ✓ GPU memory growth enabled for 1 device(s)
2025-11-21 16:46:22,517 - MainThread - INFO - 
=== Experiment 1/1: 200_2 ===
2025-11-21 16:46:22,760 - MainThread - INFO - Loaded data shape: X=(9799368, 4), y=(9799368, 1)
2025-11-21 16:46:22,815 - MainThread - INFO - [200_2] Data-derived initial temperature T_initial = 298.150 K
2025-11-21 16:46:25,430 - MainThread - INFO - Input scaler for 200_2 - mins: [0.         0.0149951  0.16491048 0.004     ], scales: [1.0038600e+03 2.0000981e-01 5.1790476e-03 3.2060756e-03]
2025-11-21 16:46:25,431 - MainThread - INFO - Physics parameters loaded - V: 10.1V, I: 70A, Efficiency: 0.7
2025-11-21 16:46:27,309 - MainThread - INFO - [200_2] Starting Stage 1 (data-only) training for 100 epochs...
2025-11-21 16:57:55,772 - MainThread - INFO - [200_2] Stage 1 (data-only) training complete.
2025-11-21 16:57:55,773 - MainThread - INFO - Model parameters: {'input_dim': 4, 'output_dim': 1, 'layer_sizes': [128, 128, 64, 64, 32, 16, 1], 'activation': 'relu', 'w_data': 0.001, 'w_pde': 1e-10, 'w_bc': 1e-08, 'w_ic': 0.0001}
2025-11-21 16:57:55,774 - MainThread - INFO - Training parameters (PINN stage): {'epochs_data_only': 100, 'epochs_pinn': 250, 'batch_size': 8192, 'learning_rate': 5e-05, 'early_stopping_patience': 40, 'lr_reduce_patience': 20, 'lr_reduce_factor': 0.5, 'min_lr': 1e-06, 'pde_warmup_epochs': 20, 'max_grad_norm': 1.0, 'bc_batch_size': 2048, 'ic_batch_size': 2048, 'max_batches_per_epoch': 60, 'physics_batch_size': 2048}
2025-11-21 16:57:55,774 - MainThread - INFO - Starting PINN training for experiment: 200_2
2025-11-21 16:57:55,774 - MainThread - INFO - Configuration - Epochs: 250, Data Batch Size: 8192, Physics Batch Size: 2048
2025-11-21 16:57:55,776 - MainThread - INFO - Dataset sizes - Train: 7055544, Validation: 1763887, Test: 979937
2025-11-21 16:57:55,776 - MainThread - INFO - PDE domain size (X_all): 9799368 points
2025-11-21 16:58:24,093 - MainThread - INFO - [200_2] Epoch 1/250 | Avg Total Loss: 1.6456e+02 | Val Data Loss: 9.7224e+01 | (Data=8.960e+01, PDE=1.132e+17, BC=2.735e+12, IC=5.131e+01) | w_data=1.0e+00, w_pde=0.0e+00, w_bc=0.0e+00, w_ic=0.0e+00
2025-11-21 17:02:00,555 - MainThread - INFO - [200_2] Epoch 10/250 | Avg Total Loss: 1.2915e+02 | Val Data Loss: 1.0102e+02 | (Data=8.371e+01, PDE=1.048e+17, BC=2.967e+12, IC=3.734e+01) | w_data=1.0e+00, w_pde=0.0e+00, w_bc=0.0e+00, w_ic=0.0e+00
2025-11-21 17:05:57,642 - MainThread - INFO - [200_2] Epoch 20/250 | Avg Total Loss: 1.1146e+02 | Val Data Loss: 9.3422e+01 | (Data=1.375e+02, PDE=9.046e+16, BC=2.341e+12, IC=4.475e+01) | w_data=1.0e+00, w_pde=0.0e+00, w_bc=0.0e+00, w_ic=0.0e+00
2025-11-21 17:05:57,643 - MainThread - INFO - [200_2] Reducing learning rate from 5.00e-05 to 2.50e-05 after 20 epochs without sufficient improvement.
2025-11-21 17:09:55,552 - MainThread - INFO - [200_2] Epoch 30/250 | Avg Total Loss: 1.5315e+10 | Val Data Loss: 1.1696e+05 | (Data=5.389e+05, PDE=1.332e+17, BC=2.207e+12, IC=1.422e+06) | w_data=1.0e+00, w_pde=1.1e-07, w_bc=2.0e-06, w_ic=1.0e-02
2025-11-21 17:13:50,519 - MainThread - INFO - [200_2] Epoch 40/250 | Avg Total Loss: 5.5256e+09 | Val Data Loss: 9.4853e+05 | (Data=4.827e+06, PDE=4.289e+16, BC=1.895e+12, IC=1.826e+06) | w_data=1.0e+00, w_pde=1.2e-07, w_bc=2.4e-06, w_ic=1.0e-02
2025-11-21 17:13:50,519 - MainThread - INFO - [200_2] Reducing learning rate from 2.50e-05 to 1.25e-05 after 20 epochs without sufficient improvement.
2025-11-21 17:17:48,503 - MainThread - INFO - [200_2] Epoch 50/250 | Avg Total Loss: 3.0658e+09 | Val Data Loss: 1.1213e+06 | (Data=5.085e+06, PDE=2.295e+16, BC=1.001e+12, IC=1.115e+06) | w_data=1.0e+00, w_pde=1.3e-07, w_bc=2.8e-06, w_ic=1.0e-02
2025-11-21 17:20:35,472 - MainThread - INFO - [200_2] Early stopping in PINN stage at epoch 57. Best validation data loss: 9.2380e+01
2025-11-21 17:20:35,475 - MainThread - WARNING - You are saving your model as an HDF5 file via `model.save()` or `keras.saving.save_model(model)`. This file format is considered legacy. We recommend using instead the native Keras format, e.g. `model.save('my_model.keras')` or `keras.saving.save_model(model, 'my_model.keras')`. 
2025-11-21 17:20:35,501 - MainThread - INFO - Model saved: model_200_2.h5
2025-11-21 17:20:35,501 - MainThread - INFO - Input scaler saved: input_scaler_200_2.npz
2025-11-21 17:20:35,704 - MainThread - INFO - PINN training plot saved for 200_2
2025-11-21 17:20:35,704 - MainThread - INFO - Starting final evaluation for 200_2
2025-11-21 17:33:58,558 - MainThread - INFO - 
=== Training Evaluation Metrics for experiment 200_2 ===
2025-11-21 17:33:58,558 - MainThread - INFO - RMSE: 9.6702
2025-11-21 17:33:58,558 - MainThread - INFO - MAE: 3.0742
2025-11-21 17:33:58,558 - MainThread - INFO - R²: 0.9982
2025-11-21 17:33:58,558 - MainThread - INFO - Pearson Correlation: 0.9991
2025-11-21 17:38:39,439 - MainThread - INFO - 
=== Validation Evaluation Metrics for experiment 200_2 ===
2025-11-21 17:38:39,439 - MainThread - INFO - RMSE: 9.6114
2025-11-21 17:38:39,439 - MainThread - INFO - MAE: 3.0710
2025-11-21 17:38:39,439 - MainThread - INFO - R²: 0.9983
2025-11-21 17:38:39,439 - MainThread - INFO - Pearson Correlation: 0.9991
2025-11-21 17:40:48,118 - MainThread - INFO - 
=== Test Evaluation Metrics for experiment 200_2 ===
2025-11-21 17:40:48,118 - MainThread - INFO - RMSE: 9.6214
2025-11-21 17:40:48,119 - MainThread - INFO - MAE: 3.0745
2025-11-21 17:40:48,119 - MainThread - INFO - R²: 0.9983
2025-11-21 17:40:48,119 - MainThread - INFO - Pearson Correlation: 0.9991
2025-11-21 17:41:00,243 - MainThread - INFO - Completed training and evaluation for 200_2
2025-11-21 17:41:00,244 - MainThread - INFO - Test Metrics - RMSE: 9.6214, R²: 0.9983
2025-11-21 17:41:00,245 - MainThread - INFO - Completed experiment 200_2
------------------------------------------------------------
2025-11-21 17:41:00,245 - MainThread - INFO - 
=== Training Complete ===
2025-11-21 17:41:00,245 - MainThread - INFO - Trained 1 models successfully!
2025-11-21 17:41:00,245 - MainThread - INFO - All models saved in 'trained_models_PINNS/' directory
2025-11-21 17:41:00,245 - MainThread - INFO - Evaluation metrics saved in 'evaluation_results_PINNS/' directory
2025-11-21 17:41:00,245 - MainThread - INFO - Training plots saved in 'training_plots_PINNS/' directory
2025-11-21 17:41:00,246 - MainThread - INFO - === Summary of Test Results Across All Experiments ===
2025-11-21 17:41:00,246 - MainThread - INFO - Average RMSE: 9.6214 ± nan
2025-11-21 17:41:00,246 - MainThread - INFO - Average MAE: 3.0745 ± nan
2025-11-21 17:41:00,247 - MainThread - INFO - Average R²: 0.9983 ± nan
2025-11-21 17:41:00,247 - MainThread - INFO - Average Pearson Correlation: 0.9991 ± nan
2025-11-21 17:41:00,247 - MainThread - INFO - 
Best performing experiment (highest R²): 200_2 (R² = 0.9983)
2025-11-21 17:41:00,247 - MainThread - INFO - Worst performing experiment (lowest R²): 200_2 (R² = 0.9983)
2025-11-21 17:41:00,249 - MainThread - INFO - Summary results saved to 'evaluation_results_PINNS/all_experiments_test_summary.csv'
2025-11-21 17:41:00,950 - MainThread - INFO - Metrics distribution plots saved to 'evaluation_results_PINNS/metrics_distribution_summary.png'
