2025-11-15 01:52:00,063 - MainThread - INFO - ✓ GPU memory growth enabled for 1 device(s)
2025-11-15 01:52:00,063 - MainThread - INFO - 
=== Experiment 1/1: 200_2 ===
2025-11-15 01:52:00,319 - MainThread - INFO - Loaded data shape: X=(9799368, 4), y=(9799368, 1)
2025-11-15 01:52:01,116 - MainThread - INFO - Final splits - Train: 2808323, Val: 702081, Test: 6288964
2025-11-15 01:52:01,299 - MainThread - INFO - Input scaler for 200_2 - mins: [0.         0.0149951  0.16491048 0.004     ], scales: [1.0038600e+03 2.0000981e-01 5.1790476e-03 3.2060756e-03]
2025-11-15 01:52:02,480 - MainThread - INFO - [200_2] Starting Stage 1 (data-only) training for 100 epochs...
2025-11-15 01:56:52,863 - MainThread - INFO - [200_2] Stage 1 (data-only) training complete.
2025-11-15 01:56:52,864 - MainThread - INFO - Model parameters: {'input_dim': 4, 'output_dim': 1, 'layer_sizes': [256, 256, 128, 128, 64, 32, 1], 'activation': 'relu', 'w_data': 0.001, 'w_pde': 1e-17, 'w_bc': 1e-06, 'w_ic': 1e-07}
2025-11-15 01:56:52,864 - MainThread - INFO - Training parameters (PINN stage): {'epochs_data_only': 100, 'epochs_pinn': 250, 'batch_size': 8192, 'learning_rate': 5e-05, 'early_stopping_patience': 40, 'lr_reduce_patience': 20, 'lr_reduce_factor': 0.5, 'min_lr': 1e-06, 'pde_warmup_epochs': 80, 'max_grad_norm': 1.0, 'bc_batch_size': 2048, 'ic_batch_size': 2048, 'max_batches_per_epoch': 200}
2025-11-15 01:56:52,864 - MainThread - INFO - Starting PINN training for experiment: 200_2
2025-11-15 01:56:52,864 - MainThread - INFO - Configuration - Epochs: 250, Data Batch Size: 8192, Physics Batch Size: 8192
2025-11-15 01:56:52,866 - MainThread - INFO - Physics parameters loaded - V: 10.1V, I: 70A, Efficiency: 0.7
2025-11-15 01:56:53,024 - MainThread - INFO - Dataset sizes - Train: 2808323, Validation: 702081, Test: 6288964
2025-11-15 01:56:53,647 - MainThread - WARNING - Calling GradientTape.gradient on a persistent tape inside its context is significantly less efficient than calling it outside the context (it causes the gradient ops to be recorded on the tape, leading to increased CPU and memory usage). Only call GradientTape.gradient inside the context if you actually want to trace the gradient in order to compute higher order derivatives.
2025-11-15 01:57:29,110 - MainThread - INFO - [200_2] Epoch 1/250 | Avg Total Loss: 5.7002e+01 | Val Data Loss: 4.8273e+01 | (Data=4.425e+01, PDE=9.821e+16, BC=2.761e+12, IC=7.564e-01) | w_data=1.0e+00, w_pde=0.0e+00, w_bc=0.0e+00, w_ic=0.0e+00
2025-11-15 02:02:22,400 - MainThread - INFO - [200_2] Epoch 10/250 | Avg Total Loss: 3.2056e+01 | Val Data Loss: 2.9474e+01 | (Data=2.677e+01, PDE=8.622e+16, BC=3.338e+12, IC=6.149e-01) | w_data=1.0e+00, w_pde=0.0e+00, w_bc=0.0e+00, w_ic=0.0e+00
2025-11-15 02:07:48,048 - MainThread - INFO - [200_2] Epoch 20/250 | Avg Total Loss: 4.6652e+01 | Val Data Loss: 5.7623e+01 | (Data=5.519e+01, PDE=8.310e+16, BC=3.034e+12, IC=6.206e-01) | w_data=1.0e+00, w_pde=0.0e+00, w_bc=0.0e+00, w_ic=0.0e+00
2025-11-15 02:07:48,049 - MainThread - INFO - [200_2] Reducing learning rate from 5.00e-05 to 2.50e-05 after 20 epochs without sufficient improvement.
2025-11-15 02:13:12,988 - MainThread - INFO - [200_2] Epoch 30/250 | Avg Total Loss: 2.7745e+01 | Val Data Loss: 2.5574e+01 | (Data=3.263e+01, PDE=9.293e+16, BC=2.484e+12, IC=5.916e-01) | w_data=1.0e+00, w_pde=0.0e+00, w_bc=0.0e+00, w_ic=0.0e+00
2025-11-15 02:18:37,237 - MainThread - INFO - [200_2] Epoch 40/250 | Avg Total Loss: 2.8186e+01 | Val Data Loss: 2.2125e+01 | (Data=2.361e+01, PDE=8.791e+16, BC=2.902e+12, IC=5.747e-01) | w_data=1.0e+00, w_pde=0.0e+00, w_bc=0.0e+00, w_ic=0.0e+00
2025-11-15 02:18:37,237 - MainThread - INFO - [200_2] Reducing learning rate from 2.50e-05 to 1.25e-05 after 20 epochs without sufficient improvement.
2025-11-15 02:24:02,990 - MainThread - INFO - [200_2] Epoch 50/250 | Avg Total Loss: 2.1130e+01 | Val Data Loss: 2.1576e+01 | (Data=1.734e+01, PDE=8.880e+16, BC=2.623e+12, IC=4.952e-01) | w_data=1.0e+00, w_pde=0.0e+00, w_bc=0.0e+00, w_ic=0.0e+00
2025-11-15 02:29:32,304 - MainThread - INFO - [200_2] Epoch 60/250 | Avg Total Loss: 2.1136e+01 | Val Data Loss: 2.0757e+01 | (Data=2.863e+01, PDE=9.828e+16, BC=2.900e+12, IC=4.700e-01) | w_data=1.0e+00, w_pde=0.0e+00, w_bc=0.0e+00, w_ic=0.0e+00
2025-11-15 02:29:32,305 - MainThread - INFO - [200_2] Reducing learning rate from 1.25e-05 to 6.25e-06 after 20 epochs without sufficient improvement.
2025-11-15 02:34:56,977 - MainThread - INFO - [200_2] Epoch 70/250 | Avg Total Loss: 1.9916e+01 | Val Data Loss: 2.1156e+01 | (Data=2.547e+01, PDE=9.216e+16, BC=2.484e+12, IC=5.103e-01) | w_data=1.0e+00, w_pde=0.0e+00, w_bc=0.0e+00, w_ic=0.0e+00
2025-11-15 02:40:23,659 - MainThread - INFO - [200_2] Epoch 80/250 | Avg Total Loss: 1.9635e+01 | Val Data Loss: 2.0273e+01 | (Data=1.718e+01, PDE=9.486e+16, BC=2.630e+12, IC=4.496e-01) | w_data=1.0e+00, w_pde=0.0e+00, w_bc=0.0e+00, w_ic=0.0e+00
2025-11-15 02:40:23,659 - MainThread - INFO - [200_2] Reducing learning rate from 6.25e-06 to 3.12e-06 after 20 epochs without sufficient improvement.
2025-11-15 02:45:50,243 - MainThread - INFO - [200_2] Epoch 90/250 | Avg Total Loss: 2.0527e+01 | Val Data Loss: 1.9604e+01 | (Data=2.334e+01, PDE=9.061e+16, BC=3.022e+12, IC=5.503e-01) | w_data=1.0e+00, w_pde=1.4e-17, w_bc=3.6e-15, w_ic=1.0e-06
2025-11-15 02:51:22,997 - MainThread - INFO - [200_2] Epoch 100/250 | Avg Total Loss: 2.0766e+01 | Val Data Loss: 1.9722e+01 | (Data=2.590e+01, PDE=8.444e+16, BC=2.927e+12, IC=4.715e-01) | w_data=1.0e+00, w_pde=1.7e-17, w_bc=4.0e-15, w_ic=1.0e-06
2025-11-15 02:51:22,998 - MainThread - INFO - [200_2] Reducing learning rate from 3.12e-06 to 1.56e-06 after 20 epochs without sufficient improvement.
2025-11-15 02:56:55,851 - MainThread - INFO - [200_2] Epoch 110/250 | Avg Total Loss: 2.1389e+01 | Val Data Loss: 1.9463e+01 | (Data=1.993e+01, PDE=1.005e+17, BC=2.763e+12, IC=4.276e-01) | w_data=1.0e+00, w_pde=2.0e-17, w_bc=4.4e-15, w_ic=1.0e-06
2025-11-15 03:02:20,176 - MainThread - INFO - [200_2] Epoch 120/250 | Avg Total Loss: 2.1039e+01 | Val Data Loss: 1.9393e+01 | (Data=2.163e+01, PDE=9.926e+16, BC=2.695e+12, IC=4.186e-01) | w_data=1.0e+00, w_pde=2.4e-17, w_bc=4.8e-15, w_ic=1.0e-06
2025-11-15 03:02:20,177 - MainThread - INFO - [200_2] Reducing learning rate from 1.56e-06 to 1.00e-06 after 20 epochs without sufficient improvement.
2025-11-15 03:07:45,310 - MainThread - INFO - [200_2] Epoch 130/250 | Avg Total Loss: 2.1406e+01 | Val Data Loss: 1.9280e+01 | (Data=2.360e+01, PDE=7.673e+16, BC=2.988e+12, IC=3.926e-01) | w_data=1.0e+00, w_pde=2.8e-17, w_bc=5.2e-15, w_ic=1.0e-06
2025-11-15 03:13:11,069 - MainThread - INFO - [200_2] Epoch 140/250 | Avg Total Loss: 2.1644e+01 | Val Data Loss: 1.9252e+01 | (Data=1.633e+01, PDE=8.145e+16, BC=2.874e+12, IC=3.951e-01) | w_data=1.0e+00, w_pde=3.2e-17, w_bc=5.6e-15, w_ic=1.0e-06
2025-11-15 03:18:38,483 - MainThread - INFO - [200_2] Epoch 150/250 | Avg Total Loss: 2.2176e+01 | Val Data Loss: 1.9152e+01 | (Data=2.734e+01, PDE=9.353e+16, BC=2.825e+12, IC=4.239e-01) | w_data=1.0e+00, w_pde=3.6e-17, w_bc=6.0e-15, w_ic=1.0e-06
2025-11-15 03:24:14,240 - MainThread - INFO - [200_2] Epoch 160/250 | Avg Total Loss: 2.2469e+01 | Val Data Loss: 1.9275e+01 | (Data=2.020e+01, PDE=9.787e+16, BC=3.288e+12, IC=4.170e-01) | w_data=1.0e+00, w_pde=4.1e-17, w_bc=6.4e-15, w_ic=1.0e-06
2025-11-15 03:29:41,172 - MainThread - INFO - [200_2] Epoch 170/250 | Avg Total Loss: 2.2778e+01 | Val Data Loss: 1.9057e+01 | (Data=1.316e+01, PDE=9.440e+16, BC=2.758e+12, IC=4.198e-01) | w_data=1.0e+00, w_pde=4.7e-17, w_bc=6.8e-15, w_ic=1.0e-06
2025-11-15 03:35:04,043 - MainThread - INFO - [200_2] Epoch 180/250 | Avg Total Loss: 2.3563e+01 | Val Data Loss: 1.9078e+01 | (Data=2.697e+01, PDE=8.938e+16, BC=2.704e+12, IC=3.766e-01) | w_data=1.0e+00, w_pde=5.2e-17, w_bc=7.2e-15, w_ic=1.0e-06
2025-11-15 03:40:28,150 - MainThread - INFO - [200_2] Epoch 190/250 | Avg Total Loss: 2.3886e+01 | Val Data Loss: 1.9045e+01 | (Data=2.594e+01, PDE=8.713e+16, BC=3.628e+12, IC=4.680e-01) | w_data=1.0e+00, w_pde=5.8e-17, w_bc=7.6e-15, w_ic=1.0e-06
2025-11-15 03:45:52,514 - MainThread - INFO - [200_2] Epoch 200/250 | Avg Total Loss: 2.4657e+01 | Val Data Loss: 1.9058e+01 | (Data=1.389e+01, PDE=8.299e+16, BC=2.635e+12, IC=3.857e-01) | w_data=1.0e+00, w_pde=6.4e-17, w_bc=8.0e-15, w_ic=1.0e-06
2025-11-15 03:51:18,760 - MainThread - INFO - [200_2] Epoch 210/250 | Avg Total Loss: 2.4960e+01 | Val Data Loss: 1.9012e+01 | (Data=1.661e+01, PDE=9.266e+16, BC=3.269e+12, IC=4.069e-01) | w_data=1.0e+00, w_pde=7.1e-17, w_bc=8.4e-15, w_ic=1.0e-06
2025-11-15 03:56:44,270 - MainThread - INFO - [200_2] Epoch 220/250 | Avg Total Loss: 2.5669e+01 | Val Data Loss: 1.8951e+01 | (Data=2.214e+01, PDE=8.814e+16, BC=2.845e+12, IC=3.651e-01) | w_data=1.0e+00, w_pde=7.8e-17, w_bc=8.8e-15, w_ic=1.0e-06
2025-11-15 04:02:08,570 - MainThread - INFO - [200_2] Epoch 230/250 | Avg Total Loss: 2.6568e+01 | Val Data Loss: 1.8894e+01 | (Data=1.629e+01, PDE=8.855e+16, BC=2.434e+12, IC=4.080e-01) | w_data=1.0e+00, w_pde=8.5e-17, w_bc=9.2e-15, w_ic=1.0e-06
2025-11-15 04:07:34,798 - MainThread - INFO - [200_2] Epoch 240/250 | Avg Total Loss: 2.6794e+01 | Val Data Loss: 1.8961e+01 | (Data=2.201e+01, PDE=9.045e+16, BC=2.885e+12, IC=3.833e-01) | w_data=1.0e+00, w_pde=9.2e-17, w_bc=9.6e-15, w_ic=1.0e-06
2025-11-15 04:12:56,123 - MainThread - INFO - [200_2] Epoch 250/250 | Avg Total Loss: 2.7520e+01 | Val Data Loss: 1.8886e+01 | (Data=1.946e+01, PDE=9.674e+16, BC=2.743e+12, IC=3.569e-01) | w_data=1.0e+00, w_pde=1.0e-16, w_bc=1.0e-14, w_ic=1.0e-06
2025-11-15 04:12:56,126 - MainThread - WARNING - You are saving your model as an HDF5 file via `model.save()` or `keras.saving.save_model(model)`. This file format is considered legacy. We recommend using instead the native Keras format, e.g. `model.save('my_model.keras')` or `keras.saving.save_model(model, 'my_model.keras')`. 
2025-11-15 04:12:56,152 - MainThread - INFO - Model saved: model_200_2.h5
2025-11-15 04:12:56,152 - MainThread - INFO - Input scaler saved: input_scaler_200_2.npz
2025-11-15 04:12:56,338 - MainThread - INFO - PINN training plot saved for 200_2
2025-11-15 04:12:56,338 - MainThread - INFO - Starting final evaluation for 200_2
2025-11-15 04:18:17,437 - MainThread - INFO - 
=== Training Evaluation Metrics for experiment 200_2 ===
2025-11-15 04:18:17,437 - MainThread - INFO - RMSE: 4.3020
2025-11-15 04:18:17,437 - MainThread - INFO - MAE: 1.4341
2025-11-15 04:18:17,437 - MainThread - INFO - R²: 0.9997
2025-11-15 04:18:17,437 - MainThread - INFO - Pearson Correlation: 0.9998
2025-11-15 04:20:09,336 - MainThread - INFO - 
=== Validation Evaluation Metrics for experiment 200_2 ===
2025-11-15 04:20:09,336 - MainThread - INFO - RMSE: 4.3411
2025-11-15 04:20:09,336 - MainThread - INFO - MAE: 1.4401
2025-11-15 04:20:09,336 - MainThread - INFO - R²: 0.9997
2025-11-15 04:20:09,337 - MainThread - INFO - Pearson Correlation: 0.9998
2025-11-15 04:32:22,049 - MainThread - INFO - 
=== Test Evaluation Metrics for experiment 200_2 ===
2025-11-15 04:32:22,051 - MainThread - INFO - RMSE: 23.2840
2025-11-15 04:32:22,051 - MainThread - INFO - MAE: 4.1536
2025-11-15 04:32:22,051 - MainThread - INFO - R²: 0.9897
2025-11-15 04:32:22,052 - MainThread - INFO - Pearson Correlation: 0.9949
2025-11-15 04:34:27,370 - MainThread - INFO - Completed training and evaluation for 200_2
2025-11-15 04:34:27,370 - MainThread - INFO - Test Metrics - RMSE: 23.2840, R²: 0.9897
2025-11-15 04:34:27,370 - MainThread - INFO - Completed experiment 200_2
------------------------------------------------------------
2025-11-15 04:34:27,370 - MainThread - INFO - 
=== Training Complete ===
2025-11-15 04:34:27,370 - MainThread - INFO - Trained 1 models successfully!
2025-11-15 04:34:27,370 - MainThread - INFO - All models saved in 'trained_models_PINNS/' directory
2025-11-15 04:34:27,370 - MainThread - INFO - Evaluation metrics saved in 'evaluation_results_PINNS/' directory
2025-11-15 04:34:27,370 - MainThread - INFO - Training plots saved in 'training_plots_PINNS/' directory
2025-11-15 04:34:27,371 - MainThread - INFO - === Summary of Test Results Across All Experiments ===
2025-11-15 04:34:27,371 - MainThread - INFO - Average RMSE: 23.2840 ± nan
2025-11-15 04:34:27,372 - MainThread - INFO - Average MAE: 4.1536 ± nan
2025-11-15 04:34:27,372 - MainThread - INFO - Average R²: 0.9897 ± nan
2025-11-15 04:34:27,372 - MainThread - INFO - Average Pearson Correlation: 0.9949 ± nan
2025-11-15 04:34:27,372 - MainThread - INFO - 
Best performing experiment (highest R²): 200_2 (R² = 0.9897)
2025-11-15 04:34:27,372 - MainThread - INFO - Worst performing experiment (lowest R²): 200_2 (R² = 0.9897)
2025-11-15 04:34:27,374 - MainThread - INFO - Summary results saved to 'evaluation_results_PINNS/all_experiments_test_summary.csv'
2025-11-15 04:34:28,063 - MainThread - INFO - Metrics distribution plots saved to 'evaluation_results_PINNS/metrics_distribution_summary.png'
