2025-12-15 16:14:21,973 - MainThread - INFO - GPU memory growth setting failed: Physical devices cannot be modified after being initialized
2025-12-15 16:14:21,973 - MainThread - INFO - 
=== Experiment 1/25: 200_2 ===
2025-12-15 16:14:22,180 - MainThread - INFO - Loaded data shape: X=(9799368, 4), y=(9799368, 1)
2025-12-15 16:14:22,236 - MainThread - INFO - [200_2] Data-derived initial temperature T_initial = 298.150 K
2025-12-15 16:14:25,274 - MainThread - INFO - Input scaler for 200_2 - mins: [0.         0.0149951  0.16491048 0.004     ], scales: [1.0038600e+03 2.0000981e-01 5.1790476e-03 3.2060756e-03]
2025-12-15 16:14:26,976 - MainThread - INFO - [200_2] Starting Stage 1 (data-only) training for 100 epochs...
2025-12-15 16:24:11,952 - MainThread - INFO - [200_2] Stage 1 (data-only) training complete.
2025-12-15 16:24:43,868 - MainThread - INFO - [200_2] Epoch 1/250 | Avg Total: 5.0137e+01 | Val Data: 3.0665e+01 | Avg(Data=5.014e+01, PDE=2.258e+17, BC=2.465e+12, IC=7.950e+00) | w_data=1.0e+00, w_pde=0.0e+00, w_bc=0.0e+00, w_ic=0.0e+00
2025-12-15 16:28:57,307 - MainThread - INFO - [200_2] Epoch 10/250 | Avg Total: 3.1874e+01 | Val Data: 3.0703e+01 | Avg(Data=3.187e+01, PDE=2.237e+17, BC=2.791e+12, IC=4.528e+00) | w_data=1.0e+00, w_pde=0.0e+00, w_bc=0.0e+00, w_ic=0.0e+00
2025-12-15 16:33:36,478 - MainThread - INFO - [200_2] Epoch 20/250 | Avg Total: 2.9871e+01 | Val Data: 2.5391e+01 | Avg(Data=2.987e+01, PDE=2.302e+17, BC=2.811e+12, IC=3.836e+00) | w_data=1.0e+00, w_pde=0.0e+00, w_bc=0.0e+00, w_ic=0.0e+00
2025-12-15 16:33:36,479 - MainThread - INFO - [200_2] Reducing LR 5.00e-05 → 2.50e-05
2025-12-15 16:38:23,956 - MainThread - INFO - [200_2] Epoch 30/250 | Avg Total: 5.7583e+04 | Val Data: 2.3328e+03 | Avg(Data=2.468e+03, PDE=5.502e+16, BC=1.508e+12, IC=3.181e+02) | w_data=1.0e+00, w_pde=1.0e-12, w_bc=1.0e-12, w_ic=2.8e-01
2025-12-15 16:43:13,695 - MainThread - INFO - [200_2] Epoch 40/250 | Avg Total: 4.1520e+04 | Val Data: 2.5175e+03 | Avg(Data=2.581e+03, PDE=3.890e+16, BC=1.306e+12, IC=6.482e+02) | w_data=1.0e+00, w_pde=1.0e-12, w_bc=1.0e-12, w_ic=5.3e-02
2025-12-15 16:43:13,696 - MainThread - INFO - [200_2] Reducing LR 2.50e-05 → 1.25e-05
2025-12-15 16:47:58,631 - MainThread - INFO - [200_2] Epoch 50/250 | Avg Total: 3.8023e+04 | Val Data: 2.4296e+03 | Avg(Data=2.523e+03, PDE=3.548e+16, BC=1.309e+12, IC=6.675e+02) | w_data=1.0e+00, w_pde=1.0e-12, w_bc=1.0e-12, w_ic=2.3e-02
2025-12-15 16:52:17,936 - MainThread - INFO - [200_2] Early stopping at epoch 59. Best val data loss: 2.4096e+01
2025-12-15 16:52:17,939 - MainThread - WARNING - You are saving your model as an HDF5 file via `model.save()` or `keras.saving.save_model(model)`. This file format is considered legacy. We recommend using instead the native Keras format, e.g. `model.save('my_model.keras')` or `keras.saving.save_model(model, 'my_model.keras')`. 
2025-12-15 17:03:45,005 - MainThread - INFO - 
=== Training Evaluation Metrics for experiment 200_2 ===
2025-12-15 17:03:45,005 - MainThread - INFO - RMSE: 4.8778
2025-12-15 17:03:45,005 - MainThread - INFO - MAE: 1.7623
2025-12-15 17:03:45,005 - MainThread - INFO - R²: 0.9996
2025-12-15 17:03:45,005 - MainThread - INFO - Pearson Correlation: 0.9998
2025-12-15 17:06:56,587 - MainThread - INFO - 
=== Validation Evaluation Metrics for experiment 200_2 ===
2025-12-15 17:06:56,587 - MainThread - INFO - RMSE: 4.9088
2025-12-15 17:06:56,588 - MainThread - INFO - MAE: 1.7627
2025-12-15 17:06:56,588 - MainThread - INFO - R²: 0.9995
2025-12-15 17:06:56,588 - MainThread - INFO - Pearson Correlation: 0.9998
2025-12-15 17:08:35,798 - MainThread - INFO - 
=== Test Evaluation Metrics for experiment 200_2 ===
2025-12-15 17:08:35,798 - MainThread - INFO - RMSE: 4.8007
2025-12-15 17:08:35,798 - MainThread - INFO - MAE: 1.7582
2025-12-15 17:08:35,798 - MainThread - INFO - R²: 0.9996
2025-12-15 17:08:35,798 - MainThread - INFO - Pearson Correlation: 0.9998
2025-12-15 17:10:12,803 - MainThread - INFO - Completed experiment 200_2
------------------------------------------------------------
2025-12-15 17:10:12,803 - MainThread - INFO - 
=== Experiment 2/25: 200_4 ===
2025-12-15 17:10:13,078 - MainThread - INFO - Loaded data shape: X=(9392986, 4), y=(9392986, 1)
2025-12-15 17:10:13,115 - MainThread - INFO - [200_4] Data-derived initial temperature T_initial = 298.150 K
2025-12-15 17:10:15,772 - MainThread - INFO - Input scaler for 200_4 - mins: [0.         0.0149951  0.16491048 0.004     ], scales: [1.1707900e+03 2.0000981e-01 5.1790476e-03 3.2060756e-03]
2025-12-15 17:10:16,655 - MainThread - INFO - [200_4] Starting Stage 1 (data-only) training for 100 epochs...
2025-12-15 17:19:49,620 - MainThread - INFO - [200_4] Stage 1 (data-only) training complete.
2025-12-15 17:20:18,335 - MainThread - INFO - [200_4] Epoch 1/250 | Avg Total: 1.7373e+02 | Val Data: 6.7191e+01 | Avg(Data=1.737e+02, PDE=2.274e+17, BC=4.362e+12, IC=1.271e+01) | w_data=1.0e+00, w_pde=0.0e+00, w_bc=0.0e+00, w_ic=0.0e+00
2025-12-15 17:24:30,666 - MainThread - INFO - [200_4] Epoch 10/250 | Avg Total: 7.3498e+01 | Val Data: 6.2975e+01 | Avg(Data=7.350e+01, PDE=2.375e+17, BC=4.554e+12, IC=6.633e+00) | w_data=1.0e+00, w_pde=0.0e+00, w_bc=0.0e+00, w_ic=0.0e+00
2025-12-15 17:29:02,178 - MainThread - INFO - [200_4] Epoch 20/250 | Avg Total: 8.3686e+01 | Val Data: 6.6001e+01 | Avg(Data=8.369e+01, PDE=2.372e+17, BC=4.543e+12, IC=4.892e+00) | w_data=1.0e+00, w_pde=0.0e+00, w_bc=0.0e+00, w_ic=0.0e+00
2025-12-15 17:29:02,179 - MainThread - INFO - [200_4] Reducing LR 5.00e-05 → 2.50e-05
2025-12-15 17:33:40,650 - MainThread - INFO - [200_4] Epoch 30/250 | Avg Total: 4.9531e+04 | Val Data: 4.3955e+03 | Avg(Data=4.446e+03, PDE=4.507e+16, BC=1.431e+12, IC=1.137e+03) | w_data=1.0e+00, w_pde=1.0e-12, w_bc=1.0e-12, w_ic=1.6e-02
2025-12-15 17:38:22,412 - MainThread - INFO - [200_4] Epoch 40/250 | Avg Total: 3.8679e+04 | Val Data: 3.7665e+03 | Avg(Data=4.213e+03, PDE=3.444e+16, BC=1.123e+12, IC=1.412e+03) | w_data=1.0e+00, w_pde=1.0e-12, w_bc=1.0e-12, w_ic=1.7e-02
2025-12-15 17:38:22,412 - MainThread - INFO - [200_4] Reducing LR 2.50e-05 → 1.25e-05
2025-12-15 17:43:00,704 - MainThread - INFO - [200_4] Epoch 50/250 | Avg Total: 3.8252e+04 | Val Data: 3.6245e+03 | Avg(Data=3.925e+03, PDE=3.431e+16, BC=1.238e+12, IC=1.308e+03) | w_data=1.0e+00, w_pde=1.0e-12, w_bc=1.0e-12, w_ic=1.4e-02
2025-12-15 17:44:51,464 - MainThread - INFO - [200_4] Early stopping at epoch 54. Best val data loss: 6.0822e+01
2025-12-15 17:44:51,468 - MainThread - WARNING - You are saving your model as an HDF5 file via `model.save()` or `keras.saving.save_model(model)`. This file format is considered legacy. We recommend using instead the native Keras format, e.g. `model.save('my_model.keras')` or `keras.saving.save_model(model, 'my_model.keras')`. 
2025-12-15 17:55:32,445 - MainThread - INFO - 
=== Training Evaluation Metrics for experiment 200_4 ===
2025-12-15 17:55:32,446 - MainThread - INFO - RMSE: 7.7081
2025-12-15 17:55:32,446 - MainThread - INFO - MAE: 3.0768
2025-12-15 17:55:32,446 - MainThread - INFO - R²: 0.9995
2025-12-15 17:55:32,446 - MainThread - INFO - Pearson Correlation: 0.9998
2025-12-15 17:58:52,201 - MainThread - INFO - 
=== Validation Evaluation Metrics for experiment 200_4 ===
2025-12-15 17:58:52,201 - MainThread - INFO - RMSE: 7.7988
2025-12-15 17:58:52,201 - MainThread - INFO - MAE: 3.0889
2025-12-15 17:58:52,201 - MainThread - INFO - R²: 0.9995
2025-12-15 17:58:52,201 - MainThread - INFO - Pearson Correlation: 0.9998
2025-12-15 18:00:37,314 - MainThread - INFO - 
=== Test Evaluation Metrics for experiment 200_4 ===
2025-12-15 18:00:37,314 - MainThread - INFO - RMSE: 7.7701
2025-12-15 18:00:37,314 - MainThread - INFO - MAE: 3.0810
2025-12-15 18:00:37,314 - MainThread - INFO - R²: 0.9995
2025-12-15 18:00:37,314 - MainThread - INFO - Pearson Correlation: 0.9998
2025-12-15 18:01:57,380 - MainThread - INFO - Completed experiment 200_4
------------------------------------------------------------
2025-12-15 18:01:57,380 - MainThread - INFO - 
=== Experiment 3/25: 200_6 ===
2025-12-15 18:01:57,599 - MainThread - INFO - Loaded data shape: X=(9045226, 4), y=(9045226, 1)
2025-12-15 18:01:57,628 - MainThread - INFO - [200_6] Data-derived initial temperature T_initial = 298.150 K
2025-12-15 18:01:59,872 - MainThread - INFO - Input scaler for 200_6 - mins: [0.         0.0149951  0.16491048 0.004     ], scales: [1.3090900e+03 2.0000981e-01 5.1790476e-03 3.2060756e-03]
2025-12-15 18:02:00,624 - MainThread - INFO - [200_6] Starting Stage 1 (data-only) training for 100 epochs...
2025-12-15 18:11:37,941 - MainThread - INFO - [200_6] Stage 1 (data-only) training complete.
2025-12-15 18:12:06,787 - MainThread - INFO - [200_6] Epoch 1/250 | Avg Total: 3.3115e+02 | Val Data: 2.2878e+02 | Avg(Data=3.311e+02, PDE=3.109e+17, BC=8.633e+12, IC=6.327e+01) | w_data=1.0e+00, w_pde=0.0e+00, w_bc=0.0e+00, w_ic=0.0e+00
2025-12-15 18:16:06,356 - MainThread - INFO - [200_6] Epoch 10/250 | Avg Total: 3.2470e+02 | Val Data: 2.8961e+02 | Avg(Data=3.247e+02, PDE=3.249e+17, BC=8.908e+12, IC=4.498e+01) | w_data=1.0e+00, w_pde=0.0e+00, w_bc=0.0e+00, w_ic=0.0e+00
2025-12-15 18:20:57,531 - MainThread - INFO - [200_6] Epoch 20/250 | Avg Total: 2.6003e+02 | Val Data: 2.1340e+02 | Avg(Data=2.600e+02, PDE=3.391e+17, BC=8.918e+12, IC=4.245e+01) | w_data=1.0e+00, w_pde=0.0e+00, w_bc=0.0e+00, w_ic=0.0e+00
2025-12-15 18:20:57,531 - MainThread - INFO - [200_6] Reducing LR 5.00e-05 → 2.50e-05
2025-12-15 18:25:23,032 - MainThread - INFO - [200_6] Epoch 30/250 | Avg Total: 1.2662e+05 | Val Data: 5.4757e+03 | Avg(Data=6.077e+03, PDE=1.205e+17, BC=3.279e+12, IC=3.699e+03) | w_data=1.0e+00, w_pde=1.0e-12, w_bc=1.0e-12, w_ic=4.8e-03
2025-12-15 18:29:51,001 - MainThread - INFO - [200_6] Epoch 40/250 | Avg Total: 1.0530e+05 | Val Data: 5.1203e+03 | Avg(Data=6.213e+03, PDE=9.908e+16, BC=2.286e+12, IC=5.303e+03) | w_data=1.0e+00, w_pde=1.0e-12, w_bc=1.0e-12, w_ic=2.4e-03
2025-12-15 18:29:51,001 - MainThread - INFO - [200_6] Reducing LR 2.50e-05 → 1.25e-05
2025-12-15 18:34:23,796 - MainThread - INFO - [200_6] Epoch 50/250 | Avg Total: 9.3924e+04 | Val Data: 5.5978e+03 | Avg(Data=6.228e+03, PDE=8.768e+16, BC=2.023e+12, IC=5.201e+03) | w_data=1.0e+00, w_pde=1.0e-12, w_bc=1.0e-12, w_ic=3.1e-03
2025-12-15 18:38:02,419 - MainThread - INFO - [200_6] Early stopping at epoch 58. Best val data loss: 2.0566e+02
2025-12-15 18:38:02,423 - MainThread - WARNING - You are saving your model as an HDF5 file via `model.save()` or `keras.saving.save_model(model)`. This file format is considered legacy. We recommend using instead the native Keras format, e.g. `model.save('my_model.keras')` or `keras.saving.save_model(model, 'my_model.keras')`. 
2025-12-15 18:48:42,577 - MainThread - INFO - 
=== Training Evaluation Metrics for experiment 200_6 ===
2025-12-15 18:48:42,578 - MainThread - INFO - RMSE: 14.3529
2025-12-15 18:48:42,578 - MainThread - INFO - MAE: 4.9707
2025-12-15 18:48:42,578 - MainThread - INFO - R²: 0.9991
2025-12-15 18:48:42,579 - MainThread - INFO - Pearson Correlation: 0.9995
2025-12-15 18:51:50,968 - MainThread - INFO - 
=== Validation Evaluation Metrics for experiment 200_6 ===
2025-12-15 18:51:50,968 - MainThread - INFO - RMSE: 14.3408
2025-12-15 18:51:50,968 - MainThread - INFO - MAE: 4.9633
2025-12-15 18:51:50,968 - MainThread - INFO - R²: 0.9991
2025-12-15 18:51:50,968 - MainThread - INFO - Pearson Correlation: 0.9995
2025-12-15 18:53:35,988 - MainThread - INFO - 
=== Test Evaluation Metrics for experiment 200_6 ===
2025-12-15 18:53:35,988 - MainThread - INFO - RMSE: 14.2116
2025-12-15 18:53:35,988 - MainThread - INFO - MAE: 4.9589
2025-12-15 18:53:35,988 - MainThread - INFO - R²: 0.9991
2025-12-15 18:53:35,988 - MainThread - INFO - Pearson Correlation: 0.9995
2025-12-15 18:55:02,610 - MainThread - INFO - Completed experiment 200_6
------------------------------------------------------------
2025-12-15 18:55:02,610 - MainThread - INFO - 
=== Experiment 4/25: 200_8 ===
2025-12-15 18:55:02,817 - MainThread - INFO - Loaded data shape: X=(8813578, 4), y=(8813578, 1)
2025-12-15 18:55:02,858 - MainThread - INFO - [200_8] Data-derived initial temperature T_initial = 298.150 K
2025-12-15 18:55:05,025 - MainThread - INFO - Input scaler for 200_8 - mins: [0.         0.0149951  0.16491048 0.004     ], scales: [1.3848600e+03 2.0000981e-01 5.1790476e-03 3.2060756e-03]
2025-12-15 18:55:05,740 - MainThread - INFO - [200_8] Starting Stage 1 (data-only) training for 100 epochs...
2025-12-15 19:04:06,215 - MainThread - INFO - [200_8] Stage 1 (data-only) training complete.
2025-12-15 19:04:33,641 - MainThread - INFO - [200_8] Epoch 1/250 | Avg Total: 3.7189e+02 | Val Data: 2.9398e+02 | Avg(Data=3.719e+02, PDE=4.074e+17, BC=9.914e+12, IC=3.250e+01) | w_data=1.0e+00, w_pde=0.0e+00, w_bc=0.0e+00, w_ic=0.0e+00
2025-12-15 19:08:27,526 - MainThread - INFO - [200_8] Epoch 10/250 | Avg Total: 2.8966e+02 | Val Data: 2.9846e+02 | Avg(Data=2.897e+02, PDE=4.180e+17, BC=1.057e+13, IC=1.676e+01) | w_data=1.0e+00, w_pde=0.0e+00, w_bc=0.0e+00, w_ic=0.0e+00
2025-12-15 19:12:49,075 - MainThread - INFO - [200_8] Epoch 20/250 | Avg Total: 2.8148e+02 | Val Data: 2.6194e+02 | Avg(Data=2.815e+02, PDE=4.111e+17, BC=1.071e+13, IC=1.581e+01) | w_data=1.0e+00, w_pde=0.0e+00, w_bc=0.0e+00, w_ic=0.0e+00
2025-12-15 19:12:49,075 - MainThread - INFO - [200_8] Reducing LR 5.00e-05 → 2.50e-05
2025-12-15 19:17:18,507 - MainThread - INFO - [200_8] Epoch 30/250 | Avg Total: 2.8989e+05 | Val Data: 3.3485e+03 | Avg(Data=3.031e+03, PDE=2.868e+17, BC=6.471e+12, IC=9.514e+02) | w_data=1.0e+00, w_pde=1.0e-12, w_bc=1.0e-12, w_ic=1.8e-02
2025-12-15 19:21:46,196 - MainThread - INFO - [200_8] Epoch 40/250 | Avg Total: 2.5788e+05 | Val Data: 3.7359e+03 | Avg(Data=4.105e+03, PDE=2.538e+17, BC=6.810e+12, IC=2.434e+03) | w_data=1.0e+00, w_pde=1.0e-12, w_bc=1.0e-12, w_ic=6.0e-03
2025-12-15 19:21:46,197 - MainThread - INFO - [200_8] Reducing LR 2.50e-05 → 1.25e-05
2025-12-15 19:26:12,118 - MainThread - INFO - [200_8] Epoch 50/250 | Avg Total: 2.2815e+05 | Val Data: 4.2984e+03 | Avg(Data=4.413e+03, PDE=2.237e+17, BC=7.019e+12, IC=3.364e+03) | w_data=1.0e+00, w_pde=1.0e-12, w_bc=1.0e-12, w_ic=3.2e-03
2025-12-15 19:30:13,182 - MainThread - INFO - [200_8] Early stopping at epoch 59. Best val data loss: 2.4581e+02
2025-12-15 19:30:13,186 - MainThread - WARNING - You are saving your model as an HDF5 file via `model.save()` or `keras.saving.save_model(model)`. This file format is considered legacy. We recommend using instead the native Keras format, e.g. `model.save('my_model.keras')` or `keras.saving.save_model(model, 'my_model.keras')`. 
2025-12-15 19:38:04,281 - MainThread - INFO - 
=== Training Evaluation Metrics for experiment 200_8 ===
2025-12-15 19:38:04,282 - MainThread - INFO - RMSE: 15.7069
2025-12-15 19:38:04,282 - MainThread - INFO - MAE: 5.2046
2025-12-15 19:38:04,282 - MainThread - INFO - R²: 0.9993
2025-12-15 19:38:04,283 - MainThread - INFO - Pearson Correlation: 0.9996
2025-12-15 19:40:18,797 - MainThread - INFO - 
=== Validation Evaluation Metrics for experiment 200_8 ===
2025-12-15 19:40:18,797 - MainThread - INFO - RMSE: 15.6783
2025-12-15 19:40:18,797 - MainThread - INFO - MAE: 5.2149
2025-12-15 19:40:18,797 - MainThread - INFO - R²: 0.9993
2025-12-15 19:40:18,797 - MainThread - INFO - Pearson Correlation: 0.9996
2025-12-15 19:41:52,286 - MainThread - INFO - 
=== Test Evaluation Metrics for experiment 200_8 ===
2025-12-15 19:41:52,286 - MainThread - INFO - RMSE: 15.6389
2025-12-15 19:41:52,286 - MainThread - INFO - MAE: 5.2181
2025-12-15 19:41:52,286 - MainThread - INFO - R²: 0.9993
2025-12-15 19:41:52,286 - MainThread - INFO - Pearson Correlation: 0.9996
2025-12-15 19:43:18,481 - MainThread - INFO - Completed experiment 200_8
------------------------------------------------------------
2025-12-15 19:43:18,482 - MainThread - INFO - 
=== Experiment 5/25: 200_10 ===
2025-12-15 19:43:18,744 - MainThread - INFO - Loaded data shape: X=(8697184, 4), y=(8697184, 1)
2025-12-15 19:43:18,779 - MainThread - INFO - [200_10] Data-derived initial temperature T_initial = 298.150 K
2025-12-15 19:43:21,637 - MainThread - INFO - Input scaler for 200_10 - mins: [0.         0.0149951  0.16491048 0.004     ], scales: [1.4076400e+03 2.0000981e-01 5.1790476e-03 3.2060756e-03]
2025-12-15 19:43:22,315 - MainThread - INFO - [200_10] Starting Stage 1 (data-only) training for 100 epochs...
2025-12-15 19:52:54,894 - MainThread - INFO - [200_10] Stage 1 (data-only) training complete.
2025-12-15 19:53:19,746 - MainThread - INFO - [200_10] Epoch 1/250 | Avg Total: 2.9931e+02 | Val Data: 2.0543e+02 | Avg(Data=2.993e+02, PDE=5.309e+17, BC=9.508e+12, IC=3.273e+00) | w_data=1.0e+00, w_pde=0.0e+00, w_bc=0.0e+00, w_ic=0.0e+00
2025-12-15 19:57:10,044 - MainThread - INFO - [200_10] Epoch 10/250 | Avg Total: 1.7935e+02 | Val Data: 1.7691e+02 | Avg(Data=1.793e+02, PDE=5.073e+17, BC=9.943e+12, IC=2.227e+00) | w_data=1.0e+00, w_pde=0.0e+00, w_bc=0.0e+00, w_ic=0.0e+00
2025-12-15 20:01:34,061 - MainThread - INFO - [200_10] Epoch 20/250 | Avg Total: 1.7905e+02 | Val Data: 1.5885e+02 | Avg(Data=1.790e+02, PDE=5.316e+17, BC=9.901e+12, IC=1.706e+00) | w_data=1.0e+00, w_pde=0.0e+00, w_bc=0.0e+00, w_ic=0.0e+00
2025-12-15 20:01:34,062 - MainThread - INFO - [200_10] Reducing LR 5.00e-05 → 2.50e-05
2025-12-15 20:05:57,009 - MainThread - INFO - [200_10] Epoch 30/250 | Avg Total: 3.3217e+05 | Val Data: 3.1410e+03 | Avg(Data=3.532e+03, PDE=3.286e+17, BC=5.747e+12, IC=8.228e+02) | w_data=1.0e+00, w_pde=1.0e-12, w_bc=1.0e-12, w_ic=1.7e-02
2025-12-15 20:10:21,969 - MainThread - INFO - [200_10] Epoch 40/250 | Avg Total: 3.0271e+05 | Val Data: 3.7192e+03 | Avg(Data=4.067e+03, PDE=2.986e+17, BC=6.848e+12, IC=2.740e+03) | w_data=1.0e+00, w_pde=1.0e-12, w_bc=1.0e-12, w_ic=2.4e-03
2025-12-15 20:10:21,970 - MainThread - INFO - [200_10] Reducing LR 2.50e-05 → 1.25e-05
2025-12-15 20:14:47,254 - MainThread - INFO - [200_10] Epoch 50/250 | Avg Total: 3.1898e+05 | Val Data: 3.2210e+03 | Avg(Data=3.746e+03, PDE=3.152e+17, BC=8.138e+12, IC=3.751e+03) | w_data=1.0e+00, w_pde=1.0e-12, w_bc=1.0e-12, w_ic=5.9e-03
2025-12-15 20:17:26,499 - MainThread - INFO - [200_10] Early stopping at epoch 56. Best val data loss: 1.4967e+02
2025-12-15 20:17:26,503 - MainThread - WARNING - You are saving your model as an HDF5 file via `model.save()` or `keras.saving.save_model(model)`. This file format is considered legacy. We recommend using instead the native Keras format, e.g. `model.save('my_model.keras')` or `keras.saving.save_model(model, 'my_model.keras')`. 
2025-12-15 20:28:04,883 - MainThread - INFO - 
=== Training Evaluation Metrics for experiment 200_10 ===
2025-12-15 20:28:04,883 - MainThread - INFO - RMSE: 12.1744
2025-12-15 20:28:04,884 - MainThread - INFO - MAE: 4.1526
2025-12-15 20:28:04,885 - MainThread - INFO - R²: 0.9997
2025-12-15 20:28:04,886 - MainThread - INFO - Pearson Correlation: 0.9998
2025-12-15 20:31:09,039 - MainThread - INFO - 
=== Validation Evaluation Metrics for experiment 200_10 ===
2025-12-15 20:31:09,039 - MainThread - INFO - RMSE: 12.2339
2025-12-15 20:31:09,039 - MainThread - INFO - MAE: 4.1594
2025-12-15 20:31:09,039 - MainThread - INFO - R²: 0.9997
2025-12-15 20:31:09,039 - MainThread - INFO - Pearson Correlation: 0.9998
2025-12-15 20:32:33,988 - MainThread - INFO - 
=== Test Evaluation Metrics for experiment 200_10 ===
2025-12-15 20:32:33,988 - MainThread - INFO - RMSE: 12.2165
2025-12-15 20:32:33,988 - MainThread - INFO - MAE: 4.1608
2025-12-15 20:32:33,988 - MainThread - INFO - R²: 0.9997
2025-12-15 20:32:33,988 - MainThread - INFO - Pearson Correlation: 0.9998
2025-12-15 20:33:50,482 - MainThread - INFO - Completed experiment 200_10
------------------------------------------------------------
2025-12-15 20:33:50,482 - MainThread - INFO - 
=== Experiment 6/25: 400_2 ===
2025-12-15 20:33:50,816 - MainThread - INFO - Loaded data shape: X=(10379920, 4), y=(10379920, 1)
2025-12-15 20:33:50,857 - MainThread - INFO - [400_2] Data-derived initial temperature T_initial = 293.150 K
2025-12-15 20:33:54,634 - MainThread - INFO - Input scaler for 400_2 - mins: [0.         0.0149951  0.16491048 0.004     ], scales: [7.7190002e+02 2.0000981e-01 5.1790476e-03 3.2060756e-03]
2025-12-15 20:33:55,401 - MainThread - INFO - [400_2] Starting Stage 1 (data-only) training for 100 epochs...
2025-12-15 20:44:21,731 - MainThread - INFO - [400_2] Stage 1 (data-only) training complete.
2025-12-15 20:44:50,973 - MainThread - INFO - [400_2] Epoch 1/250 | Avg Total: 1.5809e+02 | Val Data: 3.8922e+01 | Avg(Data=1.581e+02, PDE=3.535e+17, BC=1.411e+12, IC=2.382e+01) | w_data=1.0e+00, w_pde=0.0e+00, w_bc=0.0e+00, w_ic=0.0e+00
2025-12-15 20:49:21,913 - MainThread - INFO - [400_2] Epoch 10/250 | Avg Total: 3.5206e+01 | Val Data: 1.5096e+01 | Avg(Data=3.521e+01, PDE=3.588e+17, BC=1.413e+12, IC=1.285e+01) | w_data=1.0e+00, w_pde=0.0e+00, w_bc=0.0e+00, w_ic=0.0e+00
2025-12-15 20:54:19,218 - MainThread - INFO - [400_2] Epoch 20/250 | Avg Total: 2.6889e+01 | Val Data: 1.4585e+01 | Avg(Data=2.689e+01, PDE=3.654e+17, BC=1.508e+12, IC=8.832e+00) | w_data=1.0e+00, w_pde=0.0e+00, w_bc=0.0e+00, w_ic=0.0e+00
2025-12-15 20:54:19,219 - MainThread - INFO - [400_2] Reducing LR 5.00e-05 → 2.50e-05
2025-12-15 20:59:22,068 - MainThread - INFO - [400_2] Epoch 30/250 | Avg Total: 4.5120e+04 | Val Data: 2.4731e+03 | Avg(Data=2.929e+03, PDE=4.216e+16, BC=7.197e+11, IC=2.103e+03) | w_data=1.0e+00, w_pde=1.0e-12, w_bc=1.0e-12, w_ic=1.3e-02
2025-12-15 21:04:28,848 - MainThread - INFO - [400_2] Epoch 40/250 | Avg Total: 3.3816e+04 | Val Data: 2.5232e+03 | Avg(Data=3.269e+03, PDE=3.050e+16, BC=6.847e+11, IC=2.108e+03) | w_data=1.0e+00, w_pde=1.0e-12, w_bc=1.0e-12, w_ic=2.4e-02
2025-12-15 21:04:28,849 - MainThread - INFO - [400_2] Reducing LR 2.50e-05 → 1.25e-05
2025-12-15 21:09:29,598 - MainThread - INFO - [400_2] Epoch 50/250 | Avg Total: 2.6510e+04 | Val Data: 2.4367e+03 | Avg(Data=2.880e+03, PDE=2.361e+16, BC=7.523e+11, IC=2.717e+03) | w_data=1.0e+00, w_pde=1.0e-12, w_bc=1.0e-12, w_ic=8.9e-03
2025-12-15 21:14:03,051 - MainThread - INFO - [400_2] Early stopping at epoch 59. Best val data loss: 1.4042e+01
2025-12-15 21:14:03,055 - MainThread - WARNING - You are saving your model as an HDF5 file via `model.save()` or `keras.saving.save_model(model)`. This file format is considered legacy. We recommend using instead the native Keras format, e.g. `model.save('my_model.keras')` or `keras.saving.save_model(model, 'my_model.keras')`. 
2025-12-15 21:26:15,314 - MainThread - INFO - 
=== Training Evaluation Metrics for experiment 400_2 ===
2025-12-15 21:26:15,314 - MainThread - INFO - RMSE: 3.7248
2025-12-15 21:26:15,314 - MainThread - INFO - MAE: 1.5754
2025-12-15 21:26:15,315 - MainThread - INFO - R²: 0.9995
2025-12-15 21:26:15,315 - MainThread - INFO - Pearson Correlation: 0.9997
2025-12-15 21:29:33,458 - MainThread - INFO - 
=== Validation Evaluation Metrics for experiment 400_2 ===
2025-12-15 21:29:33,458 - MainThread - INFO - RMSE: 3.7472
2025-12-15 21:29:33,458 - MainThread - INFO - MAE: 1.5767
2025-12-15 21:29:33,458 - MainThread - INFO - R²: 0.9995
2025-12-15 21:29:33,458 - MainThread - INFO - Pearson Correlation: 0.9997
2025-12-15 21:31:26,634 - MainThread - INFO - 
=== Test Evaluation Metrics for experiment 400_2 ===
2025-12-15 21:31:26,634 - MainThread - INFO - RMSE: 3.7550
2025-12-15 21:31:26,634 - MainThread - INFO - MAE: 1.5762
2025-12-15 21:31:26,634 - MainThread - INFO - R²: 0.9995
2025-12-15 21:31:26,634 - MainThread - INFO - Pearson Correlation: 0.9997
2025-12-15 21:33:06,434 - MainThread - INFO - Completed experiment 400_2
------------------------------------------------------------
2025-12-15 21:33:06,434 - MainThread - INFO - 
=== Experiment 7/25: 400_4 ===
2025-12-15 21:33:06,761 - MainThread - INFO - Loaded data shape: X=(9973824, 4), y=(9973824, 1)
2025-12-15 21:33:06,816 - MainThread - INFO - [400_4] Data-derived initial temperature T_initial = 293.150 K
2025-12-15 21:33:11,293 - MainThread - INFO - Input scaler for 400_4 - mins: [0.         0.0149951  0.16491048 0.004     ], scales: [9.6253302e+02 2.0000981e-01 5.1790476e-03 3.2060756e-03]
2025-12-15 21:33:12,035 - MainThread - INFO - [400_4] Starting Stage 1 (data-only) training for 100 epochs...
2025-12-15 21:43:55,411 - MainThread - INFO - [400_4] Stage 1 (data-only) training complete.
2025-12-15 21:44:24,929 - MainThread - INFO - [400_4] Epoch 1/250 | Avg Total: 1.8516e+02 | Val Data: 7.7463e+01 | Avg(Data=1.852e+02, PDE=9.173e+17, BC=4.335e+12, IC=6.945e+01) | w_data=1.0e+00, w_pde=0.0e+00, w_bc=0.0e+00, w_ic=0.0e+00
2025-12-15 21:48:45,228 - MainThread - INFO - [400_4] Epoch 10/250 | Avg Total: 7.9688e+01 | Val Data: 6.8710e+01 | Avg(Data=7.969e+01, PDE=9.475e+17, BC=4.141e+12, IC=6.313e+01) | w_data=1.0e+00, w_pde=0.0e+00, w_bc=0.0e+00, w_ic=0.0e+00
2025-12-15 21:53:26,409 - MainThread - INFO - [400_4] Epoch 20/250 | Avg Total: 8.1650e+01 | Val Data: 1.2141e+02 | Avg(Data=8.165e+01, PDE=9.072e+17, BC=4.079e+12, IC=5.530e+01) | w_data=1.0e+00, w_pde=0.0e+00, w_bc=0.0e+00, w_ic=0.0e+00
2025-12-15 21:53:26,410 - MainThread - INFO - [400_4] Reducing LR 5.00e-05 → 2.50e-05
2025-12-15 21:58:21,995 - MainThread - INFO - [400_4] Epoch 30/250 | Avg Total: 1.2543e+05 | Val Data: 7.0879e+03 | Avg(Data=7.253e+03, PDE=1.181e+17, BC=4.745e+12, IC=3.457e+03) | w_data=1.0e+00, w_pde=1.0e-12, w_bc=1.0e-12, w_ic=2.7e-02
2025-12-15 22:03:17,458 - MainThread - INFO - [400_4] Epoch 40/250 | Avg Total: 1.0062e+05 | Val Data: 5.4370e+03 | Avg(Data=6.169e+03, PDE=9.443e+16, BC=4.607e+12, IC=1.560e+03) | w_data=1.0e+00, w_pde=1.0e-12, w_bc=1.0e-12, w_ic=1.1e-02
2025-12-15 22:03:17,459 - MainThread - INFO - [400_4] Reducing LR 2.50e-05 → 1.25e-05
2025-12-15 22:07:41,690 - MainThread - INFO - [400_4] Early stopping at epoch 49. Best val data loss: 5.8351e+01
2025-12-15 22:07:41,694 - MainThread - WARNING - You are saving your model as an HDF5 file via `model.save()` or `keras.saving.save_model(model)`. This file format is considered legacy. We recommend using instead the native Keras format, e.g. `model.save('my_model.keras')` or `keras.saving.save_model(model, 'my_model.keras')`. 
2025-12-15 22:19:36,177 - MainThread - INFO - 
=== Training Evaluation Metrics for experiment 400_4 ===
2025-12-15 22:19:36,179 - MainThread - INFO - RMSE: 7.6250
2025-12-15 22:19:36,180 - MainThread - INFO - MAE: 3.0936
2025-12-15 22:19:36,181 - MainThread - INFO - R²: 0.9993
2025-12-15 22:19:36,181 - MainThread - INFO - Pearson Correlation: 0.9997
2025-12-15 22:22:34,022 - MainThread - INFO - 
=== Validation Evaluation Metrics for experiment 400_4 ===
2025-12-15 22:22:34,022 - MainThread - INFO - RMSE: 7.6388
2025-12-15 22:22:34,022 - MainThread - INFO - MAE: 3.0925
2025-12-15 22:22:34,022 - MainThread - INFO - R²: 0.9993
2025-12-15 22:22:34,022 - MainThread - INFO - Pearson Correlation: 0.9997
2025-12-15 22:24:18,465 - MainThread - INFO - 
=== Test Evaluation Metrics for experiment 400_4 ===
2025-12-15 22:24:18,465 - MainThread - INFO - RMSE: 7.6988
2025-12-15 22:24:18,465 - MainThread - INFO - MAE: 3.1015
2025-12-15 22:24:18,465 - MainThread - INFO - R²: 0.9993
2025-12-15 22:24:18,465 - MainThread - INFO - Pearson Correlation: 0.9996
2025-12-15 22:25:47,290 - MainThread - INFO - Completed experiment 400_4
------------------------------------------------------------
2025-12-15 22:25:47,290 - MainThread - INFO - 
=== Experiment 8/25: 400_6 ===
2025-12-15 22:25:47,484 - MainThread - INFO - Loaded data shape: X=(9451036, 4), y=(9451036, 1)
2025-12-15 22:25:47,523 - MainThread - INFO - [400_6] Data-derived initial temperature T_initial = 293.150 K
2025-12-15 22:25:51,465 - MainThread - INFO - Input scaler for 400_6 - mins: [0.         0.0149951  0.16491048 0.004     ], scales: [1.0578101e+03 2.0000981e-01 5.1790476e-03 3.2060756e-03]
2025-12-15 22:25:52,352 - MainThread - INFO - [400_6] Starting Stage 1 (data-only) training for 100 epochs...
2025-12-15 22:36:00,749 - MainThread - INFO - [400_6] Stage 1 (data-only) training complete.
2025-12-15 22:36:28,399 - MainThread - INFO - [400_6] Epoch 1/250 | Avg Total: 2.6067e+02 | Val Data: 1.4249e+02 | Avg(Data=2.607e+02, PDE=1.318e+18, BC=9.131e+12, IC=3.769e+01) | w_data=1.0e+00, w_pde=0.0e+00, w_bc=0.0e+00, w_ic=0.0e+00
2025-12-15 22:40:38,405 - MainThread - INFO - [400_6] Epoch 10/250 | Avg Total: 1.7331e+02 | Val Data: 1.3305e+02 | Avg(Data=1.733e+02, PDE=1.351e+18, BC=9.484e+12, IC=3.051e+01) | w_data=1.0e+00, w_pde=0.0e+00, w_bc=0.0e+00, w_ic=0.0e+00
2025-12-15 22:45:13,734 - MainThread - INFO - [400_6] Epoch 20/250 | Avg Total: 1.5737e+02 | Val Data: 1.4119e+02 | Avg(Data=1.574e+02, PDE=1.387e+18, BC=9.367e+12, IC=3.270e+01) | w_data=1.0e+00, w_pde=0.0e+00, w_bc=0.0e+00, w_ic=0.0e+00
2025-12-15 22:45:13,734 - MainThread - INFO - [400_6] Reducing LR 5.00e-05 → 2.50e-05
2025-12-15 22:49:59,432 - MainThread - INFO - [400_6] Epoch 30/250 | Avg Total: 1.7495e+05 | Val Data: 1.4259e+04 | Avg(Data=1.630e+04, PDE=1.586e+17, BC=6.222e+12, IC=1.157e+03) | w_data=1.0e+00, w_pde=1.0e-12, w_bc=1.0e-12, w_ic=7.8e-02
2025-12-15 22:54:50,223 - MainThread - INFO - [400_6] Epoch 40/250 | Avg Total: 1.7069e+05 | Val Data: 1.2821e+04 | Avg(Data=1.303e+04, PDE=1.576e+17, BC=9.979e+12, IC=2.018e+03) | w_data=1.0e+00, w_pde=1.0e-12, w_bc=1.0e-12, w_ic=2.8e-02
2025-12-15 22:54:50,223 - MainThread - INFO - [400_6] Reducing LR 2.50e-05 → 1.25e-05
2025-12-15 22:59:37,951 - MainThread - INFO - [400_6] Epoch 50/250 | Avg Total: 1.6344e+05 | Val Data: 1.2405e+04 | Avg(Data=1.284e+04, PDE=1.505e+17, BC=7.746e+12, IC=2.557e+03) | w_data=1.0e+00, w_pde=1.0e-12, w_bc=1.0e-12, w_ic=3.1e-02
2025-12-15 23:02:31,615 - MainThread - INFO - [400_6] Early stopping at epoch 56. Best val data loss: 1.3214e+02
2025-12-15 23:02:31,618 - MainThread - WARNING - You are saving your model as an HDF5 file via `model.save()` or `keras.saving.save_model(model)`. This file format is considered legacy. We recommend using instead the native Keras format, e.g. `model.save('my_model.keras')` or `keras.saving.save_model(model, 'my_model.keras')`. 
2025-12-15 23:14:30,413 - MainThread - INFO - 
=== Training Evaluation Metrics for experiment 400_6 ===
2025-12-15 23:14:30,418 - MainThread - INFO - RMSE: 11.5385
2025-12-15 23:14:30,418 - MainThread - INFO - MAE: 4.6673
2025-12-15 23:14:30,419 - MainThread - INFO - R²: 0.9991
2025-12-15 23:14:30,420 - MainThread - INFO - Pearson Correlation: 0.9996
2025-12-15 23:17:29,043 - MainThread - INFO - 
=== Validation Evaluation Metrics for experiment 400_6 ===
2025-12-15 23:17:29,043 - MainThread - INFO - RMSE: 11.4951
2025-12-15 23:17:29,043 - MainThread - INFO - MAE: 4.6566
2025-12-15 23:17:29,043 - MainThread - INFO - R²: 0.9991
2025-12-15 23:17:29,043 - MainThread - INFO - Pearson Correlation: 0.9996
2025-12-15 23:19:13,043 - MainThread - INFO - 
=== Test Evaluation Metrics for experiment 400_6 ===
2025-12-15 23:19:13,043 - MainThread - INFO - RMSE: 11.6180
2025-12-15 23:19:13,043 - MainThread - INFO - MAE: 4.6743
2025-12-15 23:19:13,043 - MainThread - INFO - R²: 0.9991
2025-12-15 23:19:13,043 - MainThread - INFO - Pearson Correlation: 0.9996
2025-12-15 23:20:39,502 - MainThread - INFO - Completed experiment 400_6
------------------------------------------------------------
2025-12-15 23:20:39,502 - MainThread - INFO - 
=== Experiment 9/25: 400_8 ===
2025-12-15 23:20:39,796 - MainThread - INFO - Loaded data shape: X=(9509674, 4), y=(9509674, 1)
2025-12-15 23:20:39,848 - MainThread - INFO - [400_8] Data-derived initial temperature T_initial = 293.150 K
2025-12-15 23:20:43,556 - MainThread - INFO - Input scaler for 400_8 - mins: [0.         0.0149951  0.16491048 0.004     ], scales: [1.1945900e+03 2.0000981e-01 5.1790476e-03 3.2060756e-03]
2025-12-15 23:20:44,332 - MainThread - INFO - [400_8] Starting Stage 1 (data-only) training for 100 epochs...
2025-12-15 23:31:03,304 - MainThread - INFO - [400_8] Stage 1 (data-only) training complete.
2025-12-15 23:31:32,993 - MainThread - INFO - [400_8] Epoch 1/250 | Avg Total: 4.1891e+02 | Val Data: 2.4335e+02 | Avg(Data=4.189e+02, PDE=1.672e+18, BC=1.273e+13, IC=3.638e+01) | w_data=1.0e+00, w_pde=0.0e+00, w_bc=0.0e+00, w_ic=0.0e+00
2025-12-15 23:35:44,990 - MainThread - INFO - [400_8] Epoch 10/250 | Avg Total: 1.9692e+02 | Val Data: 1.8249e+02 | Avg(Data=1.969e+02, PDE=1.717e+18, BC=1.329e+13, IC=2.866e+01) | w_data=1.0e+00, w_pde=0.0e+00, w_bc=0.0e+00, w_ic=0.0e+00
2025-12-15 23:40:21,155 - MainThread - INFO - [400_8] Epoch 20/250 | Avg Total: 1.9638e+02 | Val Data: 1.7207e+02 | Avg(Data=1.964e+02, PDE=1.736e+18, BC=1.362e+13, IC=3.509e+01) | w_data=1.0e+00, w_pde=0.0e+00, w_bc=0.0e+00, w_ic=0.0e+00
2025-12-15 23:40:21,155 - MainThread - INFO - [400_8] Reducing LR 5.00e-05 → 2.50e-05
2025-12-15 23:45:44,206 - MainThread - INFO - [400_8] Epoch 30/250 | Avg Total: 4.2396e+05 | Val Data: 1.0953e+04 | Avg(Data=1.056e+04, PDE=4.133e+17, BC=4.429e+12, IC=3.751e+03) | w_data=1.0e+00, w_pde=1.0e-12, w_bc=1.0e-12, w_ic=1.2e-02
2025-12-15 23:50:22,742 - MainThread - INFO - [400_8] Epoch 40/250 | Avg Total: 3.4016e+05 | Val Data: 1.1488e+04 | Avg(Data=1.197e+04, PDE=3.282e+17, BC=5.003e+12, IC=1.502e+03) | w_data=1.0e+00, w_pde=1.0e-12, w_bc=1.0e-12, w_ic=2.7e-02
2025-12-15 23:50:22,742 - MainThread - INFO - [400_8] Reducing LR 2.50e-05 → 1.25e-05
2025-12-15 23:55:02,259 - MainThread - INFO - [400_8] Epoch 50/250 | Avg Total: 2.6934e+05 | Val Data: 1.2154e+04 | Avg(Data=1.261e+04, PDE=2.567e+17, BC=4.145e+12, IC=4.007e+03) | w_data=1.0e+00, w_pde=1.0e-12, w_bc=1.0e-12, w_ic=1.4e-02
2025-12-15 23:58:46,405 - MainThread - INFO - [400_8] Early stopping at epoch 58. Best val data loss: 1.6320e+02
2025-12-15 23:58:46,409 - MainThread - WARNING - You are saving your model as an HDF5 file via `model.save()` or `keras.saving.save_model(model)`. This file format is considered legacy. We recommend using instead the native Keras format, e.g. `model.save('my_model.keras')` or `keras.saving.save_model(model, 'my_model.keras')`. 
2025-12-16 00:09:57,073 - MainThread - INFO - 
=== Training Evaluation Metrics for experiment 400_8 ===
2025-12-16 00:09:57,074 - MainThread - INFO - RMSE: 12.8760
2025-12-16 00:09:57,074 - MainThread - INFO - MAE: 4.5738
2025-12-16 00:09:57,074 - MainThread - INFO - R²: 0.9993
2025-12-16 00:09:57,076 - MainThread - INFO - Pearson Correlation: 0.9996
2025-12-16 00:13:29,358 - MainThread - INFO - 
=== Validation Evaluation Metrics for experiment 400_8 ===
2025-12-16 00:13:29,358 - MainThread - INFO - RMSE: 12.7748
2025-12-16 00:13:29,358 - MainThread - INFO - MAE: 4.5612
2025-12-16 00:13:29,358 - MainThread - INFO - R²: 0.9993
2025-12-16 00:13:29,358 - MainThread - INFO - Pearson Correlation: 0.9997
2025-12-16 00:15:17,611 - MainThread - INFO - 
=== Test Evaluation Metrics for experiment 400_8 ===
2025-12-16 00:15:17,611 - MainThread - INFO - RMSE: 12.9392
2025-12-16 00:15:17,611 - MainThread - INFO - MAE: 4.5731
2025-12-16 00:15:17,611 - MainThread - INFO - R²: 0.9993
2025-12-16 00:15:17,611 - MainThread - INFO - Pearson Correlation: 0.9996
2025-12-16 00:16:52,550 - MainThread - INFO - Completed experiment 400_8
------------------------------------------------------------
2025-12-16 00:16:52,550 - MainThread - INFO - 
=== Experiment 10/25: 400_10 ===
2025-12-16 00:16:52,759 - MainThread - INFO - Loaded data shape: X=(9217966, 4), y=(9217966, 1)
2025-12-16 00:16:52,792 - MainThread - INFO - [400_10] Data-derived initial temperature T_initial = 293.150 K
2025-12-16 00:16:57,258 - MainThread - INFO - Input scaler for 400_10 - mins: [0.         0.0149951  0.16491048 0.004     ], scales: [1.2436000e+03 2.0000981e-01 5.1790476e-03 3.2060756e-03]
2025-12-16 00:16:57,955 - MainThread - INFO - [400_10] Starting Stage 1 (data-only) training for 100 epochs...
2025-12-16 00:26:52,821 - MainThread - INFO - [400_10] Stage 1 (data-only) training complete.
2025-12-16 00:27:21,018 - MainThread - INFO - [400_10] Epoch 1/250 | Avg Total: 1.2702e+03 | Val Data: 1.0822e+03 | Avg(Data=1.270e+03, PDE=2.304e+18, BC=1.723e+13, IC=5.569e+02) | w_data=1.0e+00, w_pde=0.0e+00, w_bc=0.0e+00, w_ic=0.0e+00
2025-12-16 00:31:22,461 - MainThread - INFO - [400_10] Epoch 10/250 | Avg Total: 1.0164e+03 | Val Data: 8.9819e+02 | Avg(Data=1.016e+03, PDE=2.427e+18, BC=1.846e+13, IC=4.209e+02) | w_data=1.0e+00, w_pde=0.0e+00, w_bc=0.0e+00, w_ic=0.0e+00
2025-12-16 00:36:01,885 - MainThread - INFO - [400_10] Epoch 20/250 | Avg Total: 1.0479e+03 | Val Data: 9.2887e+02 | Avg(Data=1.048e+03, PDE=2.345e+18, BC=1.853e+13, IC=4.748e+02) | w_data=1.0e+00, w_pde=0.0e+00, w_bc=0.0e+00, w_ic=0.0e+00
2025-12-16 00:36:01,886 - MainThread - INFO - [400_10] Reducing LR 5.00e-05 → 2.50e-05
2025-12-16 00:40:42,898 - MainThread - INFO - [400_10] Epoch 30/250 | Avg Total: 7.9511e+05 | Val Data: 1.0997e+04 | Avg(Data=1.097e+04, PDE=7.841e+17, BC=1.350e+13, IC=4.767e+03) | w_data=1.0e+00, w_pde=1.0e-12, w_bc=1.0e-12, w_ic=1.1e-02
2025-12-16 00:45:15,967 - MainThread - INFO - [400_10] Epoch 40/250 | Avg Total: 7.3793e+05 | Val Data: 1.0714e+04 | Avg(Data=1.209e+04, PDE=7.258e+17, BC=1.063e+13, IC=1.172e+04) | w_data=1.0e+00, w_pde=1.0e-12, w_bc=1.0e-12, w_ic=3.4e-03
2025-12-16 00:45:15,968 - MainThread - INFO - [400_10] Reducing LR 2.50e-05 → 1.25e-05
2025-12-16 00:49:50,995 - MainThread - INFO - [400_10] Epoch 50/250 | Avg Total: 6.6556e+05 | Val Data: 1.1359e+04 | Avg(Data=1.292e+04, PDE=6.526e+17, BC=9.871e+12, IC=1.330e+04) | w_data=1.0e+00, w_pde=1.0e-12, w_bc=1.0e-12, w_ic=3.9e-03
2025-12-16 00:52:33,603 - MainThread - INFO - [400_10] Early stopping at epoch 56. Best val data loss: 8.9692e+02
2025-12-16 00:52:33,606 - MainThread - WARNING - You are saving your model as an HDF5 file via `model.save()` or `keras.saving.save_model(model)`. This file format is considered legacy. We recommend using instead the native Keras format, e.g. `model.save('my_model.keras')` or `keras.saving.save_model(model, 'my_model.keras')`. 
2025-12-16 01:03:36,391 - MainThread - INFO - 
=== Training Evaluation Metrics for experiment 400_10 ===
2025-12-16 01:03:36,391 - MainThread - INFO - RMSE: 29.6047
2025-12-16 01:03:36,392 - MainThread - INFO - MAE: 9.0959
2025-12-16 01:03:36,392 - MainThread - INFO - R²: 0.9973
2025-12-16 01:03:36,392 - MainThread - INFO - Pearson Correlation: 0.9987
2025-12-16 01:06:55,998 - MainThread - INFO - 
=== Validation Evaluation Metrics for experiment 400_10 ===
2025-12-16 01:06:55,998 - MainThread - INFO - RMSE: 29.9486
2025-12-16 01:06:55,998 - MainThread - INFO - MAE: 9.1130
2025-12-16 01:06:55,998 - MainThread - INFO - R²: 0.9973
2025-12-16 01:06:55,998 - MainThread - INFO - Pearson Correlation: 0.9986
2025-12-16 01:08:41,497 - MainThread - INFO - 
=== Test Evaluation Metrics for experiment 400_10 ===
2025-12-16 01:08:41,497 - MainThread - INFO - RMSE: 29.5539
2025-12-16 01:08:41,497 - MainThread - INFO - MAE: 9.0865
2025-12-16 01:08:41,497 - MainThread - INFO - R²: 0.9973
2025-12-16 01:08:41,497 - MainThread - INFO - Pearson Correlation: 0.9987
2025-12-16 01:10:10,022 - MainThread - INFO - Completed experiment 400_10
------------------------------------------------------------
2025-12-16 01:10:10,022 - MainThread - INFO - 
=== Experiment 11/25: 600_2 ===
2025-12-16 01:10:10,290 - MainThread - INFO - Loaded data shape: X=(10728538, 4), y=(10728538, 1)
2025-12-16 01:10:10,329 - MainThread - INFO - [600_2] Data-derived initial temperature T_initial = 293.150 K
2025-12-16 01:10:14,620 - MainThread - INFO - Input scaler for 600_2 - mins: [0.         0.0149951  0.16491048 0.004     ], scales: [6.4191498e+02 2.0000981e-01 5.1790476e-03 3.2060756e-03]
2025-12-16 01:10:15,387 - MainThread - INFO - [600_2] Starting Stage 1 (data-only) training for 100 epochs...
2025-12-16 01:21:26,034 - MainThread - INFO - [600_2] Stage 1 (data-only) training complete.
2025-12-16 01:21:57,531 - MainThread - INFO - [600_2] Epoch 1/250 | Avg Total: 7.0569e+01 | Val Data: 1.3181e+01 | Avg(Data=7.057e+01, PDE=5.495e+17, BC=1.077e+12, IC=2.164e+01) | w_data=1.0e+00, w_pde=0.0e+00, w_bc=0.0e+00, w_ic=0.0e+00
2025-12-16 01:26:32,364 - MainThread - INFO - [600_2] Epoch 10/250 | Avg Total: 2.3965e+01 | Val Data: 1.1817e+01 | Avg(Data=2.396e+01, PDE=5.525e+17, BC=1.106e+12, IC=1.625e+01) | w_data=1.0e+00, w_pde=0.0e+00, w_bc=0.0e+00, w_ic=0.0e+00
2025-12-16 01:31:41,307 - MainThread - INFO - [600_2] Epoch 20/250 | Avg Total: 2.4324e+01 | Val Data: 1.4013e+01 | Avg(Data=2.432e+01, PDE=5.593e+17, BC=1.136e+12, IC=1.604e+01) | w_data=1.0e+00, w_pde=0.0e+00, w_bc=0.0e+00, w_ic=0.0e+00
2025-12-16 01:31:41,308 - MainThread - INFO - [600_2] Reducing LR 5.00e-05 → 2.50e-05
2025-12-16 01:37:00,212 - MainThread - INFO - [600_2] Epoch 30/250 | Avg Total: 3.6546e+04 | Val Data: 2.8230e+03 | Avg(Data=2.971e+03, PDE=3.354e+16, BC=5.805e+11, IC=2.816e+03) | w_data=1.0e+00, w_pde=1.0e-12, w_bc=1.0e-12, w_ic=1.3e-02
2025-12-16 01:42:35,705 - MainThread - INFO - [600_2] Epoch 40/250 | Avg Total: 2.4164e+04 | Val Data: 2.0810e+03 | Avg(Data=2.640e+03, PDE=2.151e+16, BC=9.587e+11, IC=3.229e+03) | w_data=1.0e+00, w_pde=1.0e-12, w_bc=1.0e-12, w_ic=3.8e-03
2025-12-16 01:42:35,706 - MainThread - INFO - [600_2] Reducing LR 2.50e-05 → 1.25e-05
2025-12-16 01:48:15,627 - MainThread - INFO - [600_2] Epoch 50/250 | Avg Total: 1.9564e+04 | Val Data: 2.1875e+03 | Avg(Data=2.819e+03, PDE=1.673e+16, BC=8.535e+11, IC=3.496e+03) | w_data=1.0e+00, w_pde=1.0e-12, w_bc=1.0e-12, w_ic=2.8e-03
2025-12-16 01:48:15,627 - MainThread - INFO - [600_2] Early stopping at epoch 50. Best val data loss: 1.1817e+01
2025-12-16 01:48:15,630 - MainThread - WARNING - You are saving your model as an HDF5 file via `model.save()` or `keras.saving.save_model(model)`. This file format is considered legacy. We recommend using instead the native Keras format, e.g. `model.save('my_model.keras')` or `keras.saving.save_model(model, 'my_model.keras')`. 
2025-12-16 02:00:24,685 - MainThread - INFO - 
=== Training Evaluation Metrics for experiment 600_2 ===
2025-12-16 02:00:24,686 - MainThread - INFO - RMSE: 3.4398
2025-12-16 02:00:24,687 - MainThread - INFO - MAE: 1.4574
2025-12-16 02:00:24,688 - MainThread - INFO - R²: 0.9993
2025-12-16 02:00:24,688 - MainThread - INFO - Pearson Correlation: 0.9997
2025-12-16 02:04:14,598 - MainThread - INFO - 
=== Validation Evaluation Metrics for experiment 600_2 ===
2025-12-16 02:04:14,598 - MainThread - INFO - RMSE: 3.4376
2025-12-16 02:04:14,598 - MainThread - INFO - MAE: 1.4576
2025-12-16 02:04:14,598 - MainThread - INFO - R²: 0.9993
2025-12-16 02:04:14,598 - MainThread - INFO - Pearson Correlation: 0.9997
2025-12-16 02:06:00,441 - MainThread - INFO - 
=== Test Evaluation Metrics for experiment 600_2 ===
2025-12-16 02:06:00,441 - MainThread - INFO - RMSE: 3.4771
2025-12-16 02:06:00,441 - MainThread - INFO - MAE: 1.4586
2025-12-16 02:06:00,441 - MainThread - INFO - R²: 0.9993
2025-12-16 02:06:00,441 - MainThread - INFO - Pearson Correlation: 0.9997
2025-12-16 02:07:46,099 - MainThread - INFO - Completed experiment 600_2
------------------------------------------------------------
2025-12-16 02:07:46,100 - MainThread - INFO - 
=== Experiment 12/25: 600_4 ===
2025-12-16 02:07:46,452 - MainThread - INFO - Loaded data shape: X=(10321584, 4), y=(10321584, 1)
2025-12-16 02:07:46,506 - MainThread - INFO - [600_4] Data-derived initial temperature T_initial = 293.150 K
2025-12-16 02:07:50,664 - MainThread - INFO - Input scaler for 600_4 - mins: [0.         0.0149951  0.16491048 0.004     ], scales: [8.1260400e+02 2.0000981e-01 5.1790476e-03 3.2060756e-03]
2025-12-16 02:07:51,417 - MainThread - INFO - [600_4] Starting Stage 1 (data-only) training for 100 epochs...
2025-12-16 02:18:16,790 - MainThread - INFO - [600_4] Stage 1 (data-only) training complete.
2025-12-16 02:18:46,838 - MainThread - INFO - [600_4] Epoch 1/250 | Avg Total: 1.8572e+02 | Val Data: 5.9979e+01 | Avg(Data=1.857e+02, PDE=1.519e+18, BC=3.842e+12, IC=4.369e+01) | w_data=1.0e+00, w_pde=0.0e+00, w_bc=0.0e+00, w_ic=0.0e+00
2025-12-16 02:23:13,980 - MainThread - INFO - [600_4] Epoch 10/250 | Avg Total: 6.8327e+01 | Val Data: 6.2592e+01 | Avg(Data=6.833e+01, PDE=1.518e+18, BC=3.645e+12, IC=3.144e+01) | w_data=1.0e+00, w_pde=0.0e+00, w_bc=0.0e+00, w_ic=0.0e+00
2025-12-16 02:28:08,811 - MainThread - INFO - [600_4] Epoch 20/250 | Avg Total: 1.1413e+02 | Val Data: 1.8652e+02 | Avg(Data=1.141e+02, PDE=1.533e+18, BC=3.904e+12, IC=2.771e+01) | w_data=1.0e+00, w_pde=0.0e+00, w_bc=0.0e+00, w_ic=0.0e+00
2025-12-16 02:28:08,812 - MainThread - INFO - [600_4] Reducing LR 5.00e-05 → 2.50e-05
2025-12-16 02:33:10,795 - MainThread - INFO - [600_4] Epoch 30/250 | Avg Total: 9.8680e+04 | Val Data: 9.5052e+03 | Avg(Data=9.685e+03, PDE=8.892e+16, BC=8.903e+11, IC=4.309e+03) | w_data=1.0e+00, w_pde=1.0e-12, w_bc=1.0e-12, w_ic=1.7e-02
2025-12-16 02:38:13,396 - MainThread - INFO - [600_4] Epoch 40/250 | Avg Total: 6.2713e+04 | Val Data: 9.4561e+03 | Avg(Data=1.095e+04, PDE=5.170e+16, BC=1.901e+12, IC=8.553e+03) | w_data=1.0e+00, w_pde=1.0e-12, w_bc=1.0e-12, w_ic=6.7e-03
2025-12-16 02:38:13,397 - MainThread - INFO - [600_4] Reducing LR 2.50e-05 → 1.25e-05
2025-12-16 02:43:18,757 - MainThread - INFO - [600_4] Epoch 50/250 | Avg Total: 5.3833e+04 | Val Data: 8.7552e+03 | Avg(Data=1.003e+04, PDE=4.376e+16, BC=1.048e+12, IC=6.689e+03) | w_data=1.0e+00, w_pde=1.0e-12, w_bc=1.0e-12, w_ic=5.4e-03
2025-12-16 02:45:25,524 - MainThread - INFO - [600_4] Early stopping at epoch 54. Best val data loss: 4.7409e+01
2025-12-16 02:45:25,528 - MainThread - WARNING - You are saving your model as an HDF5 file via `model.save()` or `keras.saving.save_model(model)`. This file format is considered legacy. We recommend using instead the native Keras format, e.g. `model.save('my_model.keras')` or `keras.saving.save_model(model, 'my_model.keras')`. 
2025-12-16 02:57:19,928 - MainThread - INFO - 
=== Training Evaluation Metrics for experiment 600_4 ===
2025-12-16 02:57:19,929 - MainThread - INFO - RMSE: 6.9162
2025-12-16 02:57:19,930 - MainThread - INFO - MAE: 2.6979
2025-12-16 02:57:19,930 - MainThread - INFO - R²: 0.9991
2025-12-16 02:57:19,930 - MainThread - INFO - Pearson Correlation: 0.9996
2025-12-16 03:00:38,149 - MainThread - INFO - 
=== Validation Evaluation Metrics for experiment 600_4 ===
2025-12-16 03:00:38,149 - MainThread - INFO - RMSE: 6.8854
2025-12-16 03:00:38,149 - MainThread - INFO - MAE: 2.6954
2025-12-16 03:00:38,149 - MainThread - INFO - R²: 0.9991
2025-12-16 03:00:38,149 - MainThread - INFO - Pearson Correlation: 0.9996
2025-12-16 03:02:37,259 - MainThread - INFO - 
=== Test Evaluation Metrics for experiment 600_4 ===
2025-12-16 03:02:37,259 - MainThread - INFO - RMSE: 6.9576
2025-12-16 03:02:37,259 - MainThread - INFO - MAE: 2.6960
2025-12-16 03:02:37,259 - MainThread - INFO - R²: 0.9991
2025-12-16 03:02:37,259 - MainThread - INFO - Pearson Correlation: 0.9996
2025-12-16 03:04:02,961 - MainThread - INFO - Completed experiment 600_4
------------------------------------------------------------
2025-12-16 03:04:02,961 - MainThread - INFO - 
=== Experiment 13/25: 600_6 ===
2025-12-16 03:04:03,297 - MainThread - INFO - Loaded data shape: X=(9799368, 4), y=(9799368, 1)
2025-12-16 03:04:03,329 - MainThread - INFO - [600_6] Data-derived initial temperature T_initial = 293.150 K
2025-12-16 03:04:06,684 - MainThread - INFO - Input scaler for 600_6 - mins: [0.         0.0149951  0.16491048 0.004     ], scales: [9.4521802e+02 2.0000981e-01 5.1790476e-03 3.2060756e-03]
2025-12-16 03:04:07,808 - MainThread - INFO - [600_6] Starting Stage 1 (data-only) training for 100 epochs...
2025-12-16 03:13:56,526 - MainThread - INFO - [600_6] Stage 1 (data-only) training complete.
2025-12-16 03:14:25,306 - MainThread - INFO - [600_6] Epoch 1/250 | Avg Total: 4.1641e+02 | Val Data: 2.7925e+02 | Avg(Data=4.164e+02, PDE=2.181e+18, BC=7.542e+12, IC=6.362e+02) | w_data=1.0e+00, w_pde=0.0e+00, w_bc=0.0e+00, w_ic=0.0e+00
2025-12-16 03:18:37,713 - MainThread - INFO - [600_6] Epoch 10/250 | Avg Total: 2.7638e+02 | Val Data: 4.4394e+02 | Avg(Data=2.764e+02, PDE=2.297e+18, BC=8.391e+12, IC=3.918e+02) | w_data=1.0e+00, w_pde=0.0e+00, w_bc=0.0e+00, w_ic=0.0e+00
2025-12-16 03:23:21,467 - MainThread - INFO - [600_6] Epoch 20/250 | Avg Total: 2.9801e+02 | Val Data: 2.0328e+02 | Avg(Data=2.980e+02, PDE=2.340e+18, BC=8.135e+12, IC=2.541e+02) | w_data=1.0e+00, w_pde=0.0e+00, w_bc=0.0e+00, w_ic=0.0e+00
2025-12-16 03:23:21,468 - MainThread - INFO - [600_6] Reducing LR 5.00e-05 → 2.50e-05
2025-12-16 03:28:09,127 - MainThread - INFO - [600_6] Epoch 30/250 | Avg Total: 1.0577e+05 | Val Data: 1.0467e+04 | Avg(Data=1.118e+04, PDE=9.455e+16, BC=3.344e+12, IC=5.181e+03) | w_data=1.0e+00, w_pde=1.0e-12, w_bc=1.0e-12, w_ic=7.7e-03
2025-12-16 03:32:54,971 - MainThread - INFO - [600_6] Epoch 40/250 | Avg Total: 1.0339e+05 | Val Data: 9.6820e+03 | Avg(Data=1.059e+04, PDE=9.274e+16, BC=2.944e+12, IC=8.284e+03) | w_data=1.0e+00, w_pde=1.0e-12, w_bc=1.0e-12, w_ic=6.8e-03
2025-12-16 03:32:54,971 - MainThread - INFO - [600_6] Reducing LR 2.50e-05 → 1.25e-05
2025-12-16 03:37:23,137 - MainThread - INFO - [600_6] Early stopping at epoch 49. Best val data loss: 1.7074e+02
2025-12-16 03:37:23,141 - MainThread - WARNING - You are saving your model as an HDF5 file via `model.save()` or `keras.saving.save_model(model)`. This file format is considered legacy. We recommend using instead the native Keras format, e.g. `model.save('my_model.keras')` or `keras.saving.save_model(model, 'my_model.keras')`. 
2025-12-16 03:48:16,645 - MainThread - INFO - 
=== Training Evaluation Metrics for experiment 600_6 ===
2025-12-16 03:48:16,645 - MainThread - INFO - RMSE: 13.1813
2025-12-16 03:48:16,645 - MainThread - INFO - MAE: 4.5616
2025-12-16 03:48:16,645 - MainThread - INFO - R²: 0.9983
2025-12-16 03:48:16,645 - MainThread - INFO - Pearson Correlation: 0.9992
2025-12-16 03:51:27,752 - MainThread - INFO - 
=== Validation Evaluation Metrics for experiment 600_6 ===
2025-12-16 03:51:27,752 - MainThread - INFO - RMSE: 13.0666
2025-12-16 03:51:27,753 - MainThread - INFO - MAE: 4.5556
2025-12-16 03:51:27,753 - MainThread - INFO - R²: 0.9983
2025-12-16 03:51:27,753 - MainThread - INFO - Pearson Correlation: 0.9992
2025-12-16 03:53:01,783 - MainThread - INFO - 
=== Test Evaluation Metrics for experiment 600_6 ===
2025-12-16 03:53:01,783 - MainThread - INFO - RMSE: 13.2717
2025-12-16 03:53:01,783 - MainThread - INFO - MAE: 4.5698
2025-12-16 03:53:01,783 - MainThread - INFO - R²: 0.9983
2025-12-16 03:53:01,783 - MainThread - INFO - Pearson Correlation: 0.9992
2025-12-16 03:54:28,389 - MainThread - INFO - Completed experiment 600_6
------------------------------------------------------------
2025-12-16 03:54:28,389 - MainThread - INFO - 
=== Experiment 14/25: 600_8 ===
2025-12-16 03:54:28,727 - MainThread - INFO - Loaded data shape: X=(9857720, 4), y=(9857720, 1)
2025-12-16 03:54:28,758 - MainThread - INFO - [600_8] Data-derived initial temperature T_initial = 293.150 K
2025-12-16 03:54:32,276 - MainThread - INFO - Input scaler for 600_8 - mins: [0.         0.0149951  0.16491048 0.004     ], scales: [1.0691500e+03 2.0000981e-01 5.1790476e-03 3.2060756e-03]
2025-12-16 03:54:33,039 - MainThread - INFO - [600_8] Starting Stage 1 (data-only) training for 100 epochs...
2025-12-16 04:02:43,628 - MainThread - INFO - [600_8] Stage 1 (data-only) training complete.
2025-12-16 04:03:12,207 - MainThread - INFO - [600_8] Epoch 1/250 | Avg Total: 8.3265e+02 | Val Data: 3.5189e+02 | Avg(Data=8.327e+02, PDE=3.977e+18, BC=1.424e+13, IC=5.844e+02) | w_data=1.0e+00, w_pde=0.0e+00, w_bc=0.0e+00, w_ic=0.0e+00
2025-12-16 04:07:28,708 - MainThread - INFO - [600_8] Epoch 10/250 | Avg Total: 3.4676e+02 | Val Data: 2.0551e+02 | Avg(Data=3.468e+02, PDE=3.910e+18, BC=1.459e+13, IC=3.602e+02) | w_data=1.0e+00, w_pde=0.0e+00, w_bc=0.0e+00, w_ic=0.0e+00
2025-12-16 04:12:10,316 - MainThread - INFO - [600_8] Epoch 20/250 | Avg Total: 3.4194e+02 | Val Data: 2.3652e+02 | Avg(Data=3.419e+02, PDE=3.878e+18, BC=1.439e+13, IC=4.312e+02) | w_data=1.0e+00, w_pde=0.0e+00, w_bc=0.0e+00, w_ic=0.0e+00
2025-12-16 04:12:10,317 - MainThread - INFO - [600_8] Reducing LR 5.00e-05 → 2.50e-05
2025-12-16 04:16:55,264 - MainThread - INFO - [600_8] Epoch 30/250 | Avg Total: 4.7495e+05 | Val Data: 2.4789e+04 | Avg(Data=2.463e+04, PDE=4.500e+17, BC=3.099e+12, IC=2.112e+04) | w_data=1.0e+00, w_pde=1.0e-12, w_bc=1.0e-12, w_ic=1.4e-02
2025-12-16 04:21:48,807 - MainThread - INFO - [600_8] Epoch 40/250 | Avg Total: 4.8139e+06 | Val Data: 2.2636e+04 | Avg(Data=2.608e+04, PDE=4.788e+18, BC=6.868e+12, IC=1.305e+04) | w_data=1.0e+00, w_pde=1.0e-12, w_bc=1.0e-12, w_ic=5.6e-03
2025-12-16 04:21:48,807 - MainThread - INFO - [600_8] Reducing LR 2.50e-05 → 1.25e-05
2025-12-16 04:26:43,213 - MainThread - INFO - [600_8] Epoch 50/250 | Avg Total: 5.5210e+05 | Val Data: 2.5519e+04 | Avg(Data=2.840e+04, PDE=5.236e+17, BC=6.360e+12, IC=7.506e+03) | w_data=1.0e+00, w_pde=1.0e-12, w_bc=1.0e-12, w_ic=1.5e-02
2025-12-16 04:26:43,213 - MainThread - INFO - [600_8] Early stopping at epoch 50. Best val data loss: 2.0551e+02
2025-12-16 04:26:43,217 - MainThread - WARNING - You are saving your model as an HDF5 file via `model.save()` or `keras.saving.save_model(model)`. This file format is considered legacy. We recommend using instead the native Keras format, e.g. `model.save('my_model.keras')` or `keras.saving.save_model(model, 'my_model.keras')`. 
2025-12-16 04:38:45,533 - MainThread - INFO - 
=== Training Evaluation Metrics for experiment 600_8 ===
2025-12-16 04:38:45,533 - MainThread - INFO - RMSE: 14.3885
2025-12-16 04:38:45,534 - MainThread - INFO - MAE: 5.3033
2025-12-16 04:38:45,535 - MainThread - INFO - R²: 0.9989
2025-12-16 04:38:45,535 - MainThread - INFO - Pearson Correlation: 0.9994
2025-12-16 04:42:09,999 - MainThread - INFO - 
=== Validation Evaluation Metrics for experiment 600_8 ===
2025-12-16 04:42:09,999 - MainThread - INFO - RMSE: 14.3355
2025-12-16 04:42:09,999 - MainThread - INFO - MAE: 5.2941
2025-12-16 04:42:09,999 - MainThread - INFO - R²: 0.9989
2025-12-16 04:42:09,999 - MainThread - INFO - Pearson Correlation: 0.9994
2025-12-16 04:43:52,653 - MainThread - INFO - 
=== Test Evaluation Metrics for experiment 600_8 ===
2025-12-16 04:43:52,653 - MainThread - INFO - RMSE: 14.4543
2025-12-16 04:43:52,653 - MainThread - INFO - MAE: 5.3011
2025-12-16 04:43:52,653 - MainThread - INFO - R²: 0.9988
2025-12-16 04:43:52,653 - MainThread - INFO - Pearson Correlation: 0.9994
2025-12-16 04:45:21,165 - MainThread - INFO - Completed experiment 600_8
------------------------------------------------------------
2025-12-16 04:45:21,165 - MainThread - INFO - 
=== Experiment 15/25: 600_10 ===
2025-12-16 04:45:21,380 - MainThread - INFO - Loaded data shape: X=(9566584, 4), y=(9566584, 1)
2025-12-16 04:45:21,412 - MainThread - INFO - [600_10] Data-derived initial temperature T_initial = 293.150 K
2025-12-16 04:45:26,092 - MainThread - INFO - Input scaler for 600_10 - mins: [0.         0.0149951  0.16491048 0.004     ], scales: [1.1513000e+03 2.0000981e-01 5.1790476e-03 3.2060756e-03]
2025-12-16 04:45:27,418 - MainThread - INFO - [600_10] Starting Stage 1 (data-only) training for 100 epochs...
2025-12-16 04:55:14,334 - MainThread - INFO - [600_10] Stage 1 (data-only) training complete.
2025-12-16 04:55:42,856 - MainThread - INFO - [600_10] Epoch 1/250 | Avg Total: 6.9964e+02 | Val Data: 2.6722e+02 | Avg(Data=6.996e+02, PDE=4.802e+18, BC=1.828e+13, IC=7.613e+01) | w_data=1.0e+00, w_pde=0.0e+00, w_bc=0.0e+00, w_ic=0.0e+00
2025-12-16 04:59:52,292 - MainThread - INFO - [600_10] Epoch 10/250 | Avg Total: 2.8900e+02 | Val Data: 2.8408e+02 | Avg(Data=2.890e+02, PDE=4.945e+18, BC=1.922e+13, IC=6.043e+01) | w_data=1.0e+00, w_pde=0.0e+00, w_bc=0.0e+00, w_ic=0.0e+00
2025-12-16 05:04:35,401 - MainThread - INFO - [600_10] Epoch 20/250 | Avg Total: 2.3594e+02 | Val Data: 2.1545e+02 | Avg(Data=2.359e+02, PDE=4.987e+18, BC=2.010e+13, IC=4.632e+01) | w_data=1.0e+00, w_pde=0.0e+00, w_bc=0.0e+00, w_ic=0.0e+00
2025-12-16 05:04:35,401 - MainThread - INFO - [600_10] Reducing LR 5.00e-05 → 2.50e-05
2025-12-16 05:09:25,930 - MainThread - INFO - [600_10] Epoch 30/250 | Avg Total: 4.1251e+05 | Val Data: 2.4836e+04 | Avg(Data=2.553e+04, PDE=3.869e+17, BC=1.017e+13, IC=4.600e+03) | w_data=1.0e+00, w_pde=1.0e-12, w_bc=1.0e-12, w_ic=1.7e-02
2025-12-16 05:14:11,023 - MainThread - INFO - [600_10] Epoch 40/250 | Avg Total: 3.4303e+05 | Val Data: 1.8111e+04 | Avg(Data=2.025e+04, PDE=3.227e+17, BC=1.128e+13, IC=7.720e+03) | w_data=1.0e+00, w_pde=1.0e-12, w_bc=1.0e-12, w_ic=1.0e-02
2025-12-16 05:14:11,023 - MainThread - INFO - [600_10] Reducing LR 2.50e-05 → 1.25e-05
2025-12-16 05:18:57,531 - MainThread - INFO - [600_10] Epoch 50/250 | Avg Total: 3.3280e+05 | Val Data: 1.8417e+04 | Avg(Data=2.088e+04, PDE=3.118e+17, BC=1.050e+13, IC=7.683e+03) | w_data=1.0e+00, w_pde=1.0e-12, w_bc=1.0e-12, w_ic=1.4e-02
2025-12-16 05:21:49,838 - MainThread - INFO - [600_10] Early stopping at epoch 56. Best val data loss: 2.0203e+02
2025-12-16 05:21:49,845 - MainThread - WARNING - You are saving your model as an HDF5 file via `model.save()` or `keras.saving.save_model(model)`. This file format is considered legacy. We recommend using instead the native Keras format, e.g. `model.save('my_model.keras')` or `keras.saving.save_model(model, 'my_model.keras')`. 
2025-12-16 05:32:37,030 - MainThread - INFO - 
=== Training Evaluation Metrics for experiment 600_10 ===
2025-12-16 05:32:37,031 - MainThread - INFO - RMSE: 14.3124
2025-12-16 05:32:37,032 - MainThread - INFO - MAE: 5.2625
2025-12-16 05:32:37,033 - MainThread - INFO - R²: 0.9992
2025-12-16 05:32:37,033 - MainThread - INFO - Pearson Correlation: 0.9996
2025-12-16 05:36:02,455 - MainThread - INFO - 
=== Validation Evaluation Metrics for experiment 600_10 ===
2025-12-16 05:36:02,455 - MainThread - INFO - RMSE: 14.2138
2025-12-16 05:36:02,455 - MainThread - INFO - MAE: 5.2585
2025-12-16 05:36:02,455 - MainThread - INFO - R²: 0.9992
2025-12-16 05:36:02,455 - MainThread - INFO - Pearson Correlation: 0.9996
2025-12-16 05:37:42,687 - MainThread - INFO - 
=== Test Evaluation Metrics for experiment 600_10 ===
2025-12-16 05:37:42,687 - MainThread - INFO - RMSE: 14.4690
2025-12-16 05:37:42,687 - MainThread - INFO - MAE: 5.2725
2025-12-16 05:37:42,687 - MainThread - INFO - R²: 0.9992
2025-12-16 05:37:42,687 - MainThread - INFO - Pearson Correlation: 0.9996
2025-12-16 05:39:03,662 - MainThread - INFO - Completed experiment 600_10
------------------------------------------------------------
2025-12-16 05:39:03,663 - MainThread - INFO - 
=== Experiment 16/25: 800_2 ===
2025-12-16 05:39:03,922 - MainThread - INFO - Loaded data shape: X=(11251044, 4), y=(11251044, 1)
2025-12-16 05:39:03,968 - MainThread - INFO - [800_2] Data-derived initial temperature T_initial = 293.150 K
2025-12-16 05:39:09,717 - MainThread - INFO - Input scaler for 800_2 - mins: [0.         0.0149951  0.16491048 0.004     ], scales: [5.7691901e+02 2.0000981e-01 5.1790476e-03 3.2060756e-03]
2025-12-16 05:39:10,763 - MainThread - INFO - [800_2] Starting Stage 1 (data-only) training for 100 epochs...
2025-12-16 05:51:01,573 - MainThread - INFO - [800_2] Stage 1 (data-only) training complete.
2025-12-16 05:51:35,076 - MainThread - INFO - [800_2] Epoch 1/250 | Avg Total: 5.7042e+01 | Val Data: 2.5910e+01 | Avg(Data=5.704e+01, PDE=6.676e+17, BC=5.939e+11, IC=2.092e+01) | w_data=1.0e+00, w_pde=0.0e+00, w_bc=0.0e+00, w_ic=0.0e+00
2025-12-16 05:56:24,199 - MainThread - INFO - [800_2] Epoch 10/250 | Avg Total: 3.6976e+01 | Val Data: 3.0645e+01 | Avg(Data=3.698e+01, PDE=6.658e+17, BC=6.175e+11, IC=1.763e+01) | w_data=1.0e+00, w_pde=0.0e+00, w_bc=0.0e+00, w_ic=0.0e+00
2025-12-16 06:01:39,448 - MainThread - INFO - [800_2] Epoch 20/250 | Avg Total: 4.0269e+01 | Val Data: 2.6419e+01 | Avg(Data=4.027e+01, PDE=6.421e+17, BC=6.140e+11, IC=1.657e+01) | w_data=1.0e+00, w_pde=0.0e+00, w_bc=0.0e+00, w_ic=0.0e+00
2025-12-16 06:01:39,449 - MainThread - INFO - [800_2] Reducing LR 5.00e-05 → 2.50e-05
2025-12-16 06:07:03,107 - MainThread - INFO - [800_2] Epoch 30/250 | Avg Total: 1.7639e+04 | Val Data: 2.8722e+03 | Avg(Data=4.306e+03, PDE=1.331e+16, BC=1.063e+11, IC=4.243e+03) | w_data=1.0e+00, w_pde=1.0e-12, w_bc=1.0e-12, w_ic=6.4e-03
2025-12-16 06:12:23,262 - MainThread - INFO - [800_2] Epoch 40/250 | Avg Total: 1.8208e+04 | Val Data: 2.5552e+03 | Avg(Data=3.784e+03, PDE=1.440e+16, BC=1.664e+11, IC=2.051e+03) | w_data=1.0e+00, w_pde=1.0e-12, w_bc=1.0e-12, w_ic=1.3e-02
2025-12-16 06:12:23,263 - MainThread - INFO - [800_2] Reducing LR 2.50e-05 → 1.25e-05
2025-12-16 06:17:46,266 - MainThread - INFO - [800_2] Epoch 50/250 | Avg Total: 1.6921e+04 | Val Data: 2.5681e+03 | Avg(Data=3.549e+03, PDE=1.336e+16, BC=1.923e+11, IC=2.521e+03) | w_data=1.0e+00, w_pde=1.0e-12, w_bc=1.0e-12, w_ic=2.9e-03
2025-12-16 06:19:59,212 - MainThread - INFO - [800_2] Early stopping at epoch 54. Best val data loss: 1.2570e+01
2025-12-16 06:19:59,216 - MainThread - WARNING - You are saving your model as an HDF5 file via `model.save()` or `keras.saving.save_model(model)`. This file format is considered legacy. We recommend using instead the native Keras format, e.g. `model.save('my_model.keras')` or `keras.saving.save_model(model, 'my_model.keras')`. 
2025-12-16 06:34:03,275 - MainThread - INFO - 
=== Training Evaluation Metrics for experiment 800_2 ===
2025-12-16 06:34:03,276 - MainThread - INFO - RMSE: 3.5568
2025-12-16 06:34:03,276 - MainThread - INFO - MAE: 1.4553
2025-12-16 06:34:03,277 - MainThread - INFO - R²: 0.9988
2025-12-16 06:34:03,277 - MainThread - INFO - Pearson Correlation: 0.9994
2025-12-16 06:38:12,666 - MainThread - INFO - 
=== Validation Evaluation Metrics for experiment 800_2 ===
2025-12-16 06:38:12,667 - MainThread - INFO - RMSE: 3.5454
2025-12-16 06:38:12,667 - MainThread - INFO - MAE: 1.4570
2025-12-16 06:38:12,667 - MainThread - INFO - R²: 0.9988
2025-12-16 06:38:12,667 - MainThread - INFO - Pearson Correlation: 0.9994
2025-12-16 06:40:16,221 - MainThread - INFO - 
=== Test Evaluation Metrics for experiment 800_2 ===
2025-12-16 06:40:16,221 - MainThread - INFO - RMSE: 3.5295
2025-12-16 06:40:16,221 - MainThread - INFO - MAE: 1.4555
2025-12-16 06:40:16,221 - MainThread - INFO - R²: 0.9988
2025-12-16 06:40:16,221 - MainThread - INFO - Pearson Correlation: 0.9994
2025-12-16 06:42:00,615 - MainThread - INFO - Completed experiment 800_2
------------------------------------------------------------
2025-12-16 06:42:00,616 - MainThread - INFO - 
=== Experiment 17/25: 800_4 ===
2025-12-16 06:42:00,811 - MainThread - INFO - Loaded data shape: X=(10554662, 4), y=(10554662, 1)
2025-12-16 06:42:00,850 - MainThread - INFO - [800_4] Data-derived initial temperature T_initial = 293.150 K
2025-12-16 06:42:22,854 - MainThread - INFO - Input scaler for 800_4 - mins: [0.         0.0149951  0.16491048 0.004     ], scales: [7.5691901e+02 2.0000981e-01 5.1790476e-03 3.2060756e-03]
2025-12-16 06:42:24,106 - MainThread - INFO - [800_4] Starting Stage 1 (data-only) training for 100 epochs...
2025-12-16 06:53:19,212 - MainThread - INFO - [800_4] Stage 1 (data-only) training complete.
2025-12-16 06:53:51,328 - MainThread - INFO - [800_4] Epoch 1/250 | Avg Total: 2.5616e+02 | Val Data: 4.8562e+01 | Avg(Data=2.562e+02, PDE=2.023e+18, BC=1.746e+12, IC=6.007e+01) | w_data=1.0e+00, w_pde=0.0e+00, w_bc=0.0e+00, w_ic=0.0e+00
2025-12-16 06:58:23,280 - MainThread - INFO - [800_4] Epoch 10/250 | Avg Total: 1.0804e+02 | Val Data: 6.6000e+01 | Avg(Data=1.080e+02, PDE=1.975e+18, BC=1.847e+12, IC=3.811e+01) | w_data=1.0e+00, w_pde=0.0e+00, w_bc=0.0e+00, w_ic=0.0e+00
2025-12-16 07:03:43,815 - MainThread - INFO - [800_4] Epoch 20/250 | Avg Total: 8.0966e+01 | Val Data: 8.7972e+01 | Avg(Data=8.097e+01, PDE=2.055e+18, BC=1.808e+12, IC=3.851e+01) | w_data=1.0e+00, w_pde=0.0e+00, w_bc=0.0e+00, w_ic=0.0e+00
2025-12-16 07:03:43,815 - MainThread - INFO - [800_4] Reducing LR 5.00e-05 → 2.50e-05
2025-12-16 07:09:27,585 - MainThread - INFO - [800_4] Epoch 30/250 | Avg Total: 1.1679e+05 | Val Data: 8.7603e+03 | Avg(Data=9.158e+03, PDE=1.076e+17, BC=1.744e+12, IC=4.849e+03) | w_data=1.0e+00, w_pde=1.0e-12, w_bc=1.0e-12, w_ic=1.1e-02
2025-12-16 07:14:44,128 - MainThread - INFO - [800_4] Epoch 40/250 | Avg Total: 5.4572e+04 | Val Data: 6.4920e+03 | Avg(Data=8.221e+03, PDE=4.631e+16, BC=1.021e+12, IC=8.899e+03) | w_data=1.0e+00, w_pde=1.0e-12, w_bc=1.0e-12, w_ic=4.7e-03
2025-12-16 07:14:44,128 - MainThread - INFO - [800_4] Reducing LR 2.50e-05 → 1.25e-05
2025-12-16 07:19:53,887 - MainThread - INFO - [800_4] Epoch 50/250 | Avg Total: 4.9632e+04 | Val Data: 5.7713e+03 | Avg(Data=7.295e+03, PDE=4.231e+16, BC=1.742e+12, IC=7.951e+03) | w_data=1.0e+00, w_pde=1.0e-12, w_bc=1.0e-12, w_ic=3.7e-03
2025-12-16 07:21:24,769 - MainThread - INFO - [800_4] Early stopping at epoch 53. Best val data loss: 4.7504e+01
2025-12-16 07:21:24,774 - MainThread - WARNING - You are saving your model as an HDF5 file via `model.save()` or `keras.saving.save_model(model)`. This file format is considered legacy. We recommend using instead the native Keras format, e.g. `model.save('my_model.keras')` or `keras.saving.save_model(model, 'my_model.keras')`. 
2025-12-16 07:35:36,589 - MainThread - INFO - 
=== Training Evaluation Metrics for experiment 800_4 ===
2025-12-16 07:35:36,591 - MainThread - INFO - RMSE: 6.8762
2025-12-16 07:35:36,592 - MainThread - INFO - MAE: 2.6827
2025-12-16 07:35:36,593 - MainThread - INFO - R²: 0.9987
2025-12-16 07:35:36,594 - MainThread - INFO - Pearson Correlation: 0.9994
2025-12-16 07:39:00,337 - MainThread - INFO - 
=== Validation Evaluation Metrics for experiment 800_4 ===
2025-12-16 07:39:00,337 - MainThread - INFO - RMSE: 6.8923
2025-12-16 07:39:00,337 - MainThread - INFO - MAE: 2.6856
2025-12-16 07:39:00,338 - MainThread - INFO - R²: 0.9987
2025-12-16 07:39:00,338 - MainThread - INFO - Pearson Correlation: 0.9994
2025-12-16 07:40:57,764 - MainThread - INFO - 
=== Test Evaluation Metrics for experiment 800_4 ===
2025-12-16 07:40:57,768 - MainThread - INFO - RMSE: 6.8649
2025-12-16 07:40:57,768 - MainThread - INFO - MAE: 2.6827
2025-12-16 07:40:57,768 - MainThread - INFO - R²: 0.9987
2025-12-16 07:40:57,768 - MainThread - INFO - Pearson Correlation: 0.9994
2025-12-16 07:42:41,529 - MainThread - INFO - Completed experiment 800_4
------------------------------------------------------------
2025-12-16 07:42:41,529 - MainThread - INFO - 
=== Experiment 18/25: 800_6 ===
2025-12-16 07:42:41,809 - MainThread - INFO - Loaded data shape: X=(10031874, 4), y=(10031874, 1)
2025-12-16 07:42:41,858 - MainThread - INFO - [800_6] Data-derived initial temperature T_initial = 293.150 K
2025-12-16 07:42:52,125 - MainThread - INFO - Input scaler for 800_6 - mins: [0.         0.0149951  0.16491048 0.004     ], scales: [8.4599701e+02 2.0000981e-01 5.1790476e-03 3.2060756e-03]
2025-12-16 07:42:52,992 - MainThread - INFO - [800_6] Starting Stage 1 (data-only) training for 100 epochs...
2025-12-16 07:53:02,574 - MainThread - INFO - [800_6] Stage 1 (data-only) training complete.
2025-12-16 07:53:31,229 - MainThread - INFO - [800_6] Epoch 1/250 | Avg Total: 3.7426e+02 | Val Data: 2.1669e+02 | Avg(Data=3.743e+02, PDE=3.254e+18, BC=6.417e+12, IC=3.352e+02) | w_data=1.0e+00, w_pde=0.0e+00, w_bc=0.0e+00, w_ic=0.0e+00
2025-12-16 07:57:52,878 - MainThread - INFO - [800_6] Epoch 10/250 | Avg Total: 2.3580e+02 | Val Data: 1.2857e+02 | Avg(Data=2.358e+02, PDE=3.546e+18, BC=6.722e+12, IC=1.895e+02) | w_data=1.0e+00, w_pde=0.0e+00, w_bc=0.0e+00, w_ic=0.0e+00
2025-12-16 08:02:38,391 - MainThread - INFO - [800_6] Epoch 20/250 | Avg Total: 1.9859e+02 | Val Data: 2.0235e+02 | Avg(Data=1.986e+02, PDE=3.475e+18, BC=6.685e+12, IC=2.358e+02) | w_data=1.0e+00, w_pde=0.0e+00, w_bc=0.0e+00, w_ic=0.0e+00
2025-12-16 08:02:38,392 - MainThread - INFO - [800_6] Reducing LR 5.00e-05 → 2.50e-05
2025-12-16 08:08:12,367 - MainThread - INFO - [800_6] Epoch 30/250 | Avg Total: 1.1428e+05 | Val Data: 1.1514e+04 | Avg(Data=1.280e+04, PDE=1.014e+17, BC=3.655e+12, IC=6.566e+03) | w_data=1.0e+00, w_pde=1.0e-12, w_bc=1.0e-12, w_ic=5.1e-03
2025-12-16 08:13:34,772 - MainThread - INFO - [800_6] Epoch 40/250 | Avg Total: 9.1230e+04 | Val Data: 1.4098e+04 | Avg(Data=1.491e+04, PDE=7.630e+16, BC=3.901e+12, IC=2.809e+03) | w_data=1.0e+00, w_pde=1.0e-12, w_bc=1.0e-12, w_ic=5.5e-03
2025-12-16 08:13:34,772 - MainThread - INFO - [800_6] Reducing LR 2.50e-05 → 1.25e-05
2025-12-16 08:18:36,357 - MainThread - INFO - [800_6] Epoch 50/250 | Avg Total: 1.4017e+05 | Val Data: 1.0833e+04 | Avg(Data=1.207e+04, PDE=1.281e+17, BC=4.286e+12, IC=5.732e+03) | w_data=1.0e+00, w_pde=1.0e-12, w_bc=1.0e-12, w_ic=7.3e-03
2025-12-16 08:18:36,357 - MainThread - INFO - [800_6] Early stopping at epoch 50. Best val data loss: 1.2857e+02
2025-12-16 08:18:36,360 - MainThread - WARNING - You are saving your model as an HDF5 file via `model.save()` or `keras.saving.save_model(model)`. This file format is considered legacy. We recommend using instead the native Keras format, e.g. `model.save('my_model.keras')` or `keras.saving.save_model(model, 'my_model.keras')`. 
2025-12-16 08:31:23,005 - MainThread - INFO - 
=== Training Evaluation Metrics for experiment 800_6 ===
2025-12-16 08:31:23,006 - MainThread - INFO - RMSE: 11.3200
2025-12-16 08:31:23,006 - MainThread - INFO - MAE: 4.4302
2025-12-16 08:31:23,006 - MainThread - INFO - R²: 0.9984
2025-12-16 08:31:23,007 - MainThread - INFO - Pearson Correlation: 0.9992
2025-12-16 08:35:23,157 - MainThread - INFO - 
=== Validation Evaluation Metrics for experiment 800_6 ===
2025-12-16 08:35:23,157 - MainThread - INFO - RMSE: 11.3389
2025-12-16 08:35:23,158 - MainThread - INFO - MAE: 4.4252
2025-12-16 08:35:23,158 - MainThread - INFO - R²: 0.9983
2025-12-16 08:35:23,158 - MainThread - INFO - Pearson Correlation: 0.9992
2025-12-16 08:37:06,129 - MainThread - INFO - 
=== Test Evaluation Metrics for experiment 800_6 ===
2025-12-16 08:37:06,130 - MainThread - INFO - RMSE: 11.3763
2025-12-16 08:37:06,130 - MainThread - INFO - MAE: 4.4342
2025-12-16 08:37:06,130 - MainThread - INFO - R²: 0.9983
2025-12-16 08:37:06,130 - MainThread - INFO - Pearson Correlation: 0.9992
2025-12-16 08:38:31,805 - MainThread - INFO - Completed experiment 800_6
------------------------------------------------------------
2025-12-16 08:38:31,805 - MainThread - INFO - 
=== Experiment 19/25: 800_8 ===
2025-12-16 08:38:32,168 - MainThread - INFO - Loaded data shape: X=(9915198, 4), y=(9915198, 1)
2025-12-16 08:38:32,210 - MainThread - INFO - [800_8] Data-derived initial temperature T_initial = 293.150 K
2025-12-16 08:39:03,794 - MainThread - INFO - Input scaler for 800_8 - mins: [0.         0.0149951  0.16491048 0.004     ], scales: [9.9334900e+02 2.0000981e-01 5.1790476e-03 3.2060756e-03]
2025-12-16 08:39:05,497 - MainThread - INFO - [800_8] Starting Stage 1 (data-only) training for 100 epochs...
2025-12-16 08:49:12,617 - MainThread - INFO - [800_8] Stage 1 (data-only) training complete.
2025-12-16 08:49:42,843 - MainThread - INFO - [800_8] Epoch 1/250 | Avg Total: 8.8574e+02 | Val Data: 3.3264e+02 | Avg(Data=8.857e+02, PDE=4.715e+18, BC=1.118e+13, IC=6.351e+02) | w_data=1.0e+00, w_pde=0.0e+00, w_bc=0.0e+00, w_ic=0.0e+00
2025-12-16 08:54:05,736 - MainThread - INFO - [800_8] Epoch 10/250 | Avg Total: 4.0392e+02 | Val Data: 3.5775e+02 | Avg(Data=4.039e+02, PDE=4.799e+18, BC=1.139e+13, IC=3.286e+02) | w_data=1.0e+00, w_pde=0.0e+00, w_bc=0.0e+00, w_ic=0.0e+00
2025-12-16 08:58:56,595 - MainThread - INFO - [800_8] Epoch 20/250 | Avg Total: 3.8559e+02 | Val Data: 2.9405e+02 | Avg(Data=3.856e+02, PDE=4.754e+18, BC=1.166e+13, IC=3.851e+02) | w_data=1.0e+00, w_pde=0.0e+00, w_bc=0.0e+00, w_ic=0.0e+00
2025-12-16 08:58:56,596 - MainThread - INFO - [800_8] Reducing LR 5.00e-05 → 2.50e-05
2025-12-16 09:03:54,615 - MainThread - INFO - [800_8] Epoch 30/250 | Avg Total: 1.8003e+05 | Val Data: 1.7056e+04 | Avg(Data=1.767e+04, PDE=1.623e+17, BC=5.001e+12, IC=7.176e+03) | w_data=1.0e+00, w_pde=1.0e-12, w_bc=1.0e-12, w_ic=5.4e-03
2025-12-16 09:08:49,769 - MainThread - INFO - [800_8] Epoch 40/250 | Avg Total: 1.6416e+05 | Val Data: 1.5581e+04 | Avg(Data=1.620e+04, PDE=1.479e+17, BC=5.283e+12, IC=8.410e+03) | w_data=1.0e+00, w_pde=1.0e-12, w_bc=1.0e-12, w_ic=7.1e-03
2025-12-16 09:08:49,769 - MainThread - INFO - [800_8] Reducing LR 2.50e-05 → 1.25e-05
2025-12-16 09:09:46,856 - MainThread - INFO - [800_8] Early stopping at epoch 42. Best val data loss: 1.9956e+02
2025-12-16 09:09:46,859 - MainThread - WARNING - You are saving your model as an HDF5 file via `model.save()` or `keras.saving.save_model(model)`. This file format is considered legacy. We recommend using instead the native Keras format, e.g. `model.save('my_model.keras')` or `keras.saving.save_model(model, 'my_model.keras')`. 
2025-12-16 09:21:55,158 - MainThread - INFO - 
=== Training Evaluation Metrics for experiment 800_8 ===
2025-12-16 09:21:55,159 - MainThread - INFO - RMSE: 14.0816
2025-12-16 09:21:55,159 - MainThread - INFO - MAE: 6.6585
2025-12-16 09:21:55,160 - MainThread - INFO - R²: 0.9986
2025-12-16 09:21:55,160 - MainThread - INFO - Pearson Correlation: 0.9993
2025-12-16 09:25:11,525 - MainThread - INFO - 
=== Validation Evaluation Metrics for experiment 800_8 ===
2025-12-16 09:25:11,525 - MainThread - INFO - RMSE: 14.1266
2025-12-16 09:25:11,525 - MainThread - INFO - MAE: 6.6783
2025-12-16 09:25:11,525 - MainThread - INFO - R²: 0.9986
2025-12-16 09:25:11,525 - MainThread - INFO - Pearson Correlation: 0.9993
2025-12-16 09:26:53,237 - MainThread - INFO - 
=== Test Evaluation Metrics for experiment 800_8 ===
2025-12-16 09:26:53,237 - MainThread - INFO - RMSE: 14.2233
2025-12-16 09:26:53,237 - MainThread - INFO - MAE: 6.6802
2025-12-16 09:26:53,237 - MainThread - INFO - R²: 0.9986
2025-12-16 09:26:53,237 - MainThread - INFO - Pearson Correlation: 0.9993
2025-12-16 09:28:21,097 - MainThread - INFO - Completed experiment 800_8
------------------------------------------------------------
2025-12-16 09:28:21,097 - MainThread - INFO - 
=== Experiment 20/25: 800_10 ===
2025-12-16 09:28:21,510 - MainThread - INFO - Loaded data shape: X=(9799948, 4), y=(9799948, 1)
2025-12-16 09:28:21,561 - MainThread - INFO - [800_10] Data-derived initial temperature T_initial = 293.150 K
2025-12-16 09:28:24,793 - MainThread - INFO - Input scaler for 800_10 - mins: [0.         0.0149951  0.16491048 0.004     ], scales: [1.0408900e+03 2.0000981e-01 5.1790476e-03 3.2060756e-03]
2025-12-16 09:28:25,559 - MainThread - INFO - [800_10] Starting Stage 1 (data-only) training for 100 epochs...
2025-12-16 09:38:43,517 - MainThread - INFO - [800_10] Stage 1 (data-only) training complete.
2025-12-16 09:39:12,068 - MainThread - INFO - [800_10] Epoch 1/250 | Avg Total: 1.6285e+03 | Val Data: 5.2782e+02 | Avg(Data=1.628e+03, PDE=7.150e+18, BC=2.176e+13, IC=1.646e+03) | w_data=1.0e+00, w_pde=0.0e+00, w_bc=0.0e+00, w_ic=0.0e+00
2025-12-16 09:43:31,472 - MainThread - INFO - [800_10] Epoch 10/250 | Avg Total: 8.2124e+02 | Val Data: 9.8060e+02 | Avg(Data=8.212e+02, PDE=7.755e+18, BC=2.202e+13, IC=9.527e+02) | w_data=1.0e+00, w_pde=0.0e+00, w_bc=0.0e+00, w_ic=0.0e+00
2025-12-16 09:48:15,321 - MainThread - INFO - [800_10] Epoch 20/250 | Avg Total: 1.0713e+03 | Val Data: 8.6084e+02 | Avg(Data=1.071e+03, PDE=7.574e+18, BC=2.220e+13, IC=9.836e+02) | w_data=1.0e+00, w_pde=0.0e+00, w_bc=0.0e+00, w_ic=0.0e+00
2025-12-16 09:48:15,321 - MainThread - INFO - [800_10] Reducing LR 5.00e-05 → 2.50e-05
2025-12-16 09:53:09,716 - MainThread - INFO - [800_10] Epoch 30/250 | Avg Total: 1.9389e+05 | Val Data: 3.1848e+04 | Avg(Data=3.225e+04, PDE=1.615e+17, BC=5.601e+12, IC=1.895e+04) | w_data=1.0e+00, w_pde=1.0e-12, w_bc=1.0e-12, w_ic=8.9e-03
2025-12-16 09:57:55,257 - MainThread - INFO - [800_10] Epoch 40/250 | Avg Total: 2.4420e+05 | Val Data: 2.6094e+04 | Avg(Data=2.702e+04, PDE=2.171e+17, BC=1.056e+13, IC=1.123e+04) | w_data=1.0e+00, w_pde=1.0e-12, w_bc=1.0e-12, w_ic=5.9e-03
2025-12-16 09:57:55,257 - MainThread - INFO - [800_10] Reducing LR 2.50e-05 → 1.25e-05
2025-12-16 09:58:27,206 - MainThread - INFO - [800_10] Early stopping at epoch 41. Best val data loss: 5.2782e+02
2025-12-16 09:58:27,209 - MainThread - WARNING - You are saving your model as an HDF5 file via `model.save()` or `keras.saving.save_model(model)`. This file format is considered legacy. We recommend using instead the native Keras format, e.g. `model.save('my_model.keras')` or `keras.saving.save_model(model, 'my_model.keras')`. 
2025-12-16 10:12:29,552 - MainThread - INFO - 
=== Training Evaluation Metrics for experiment 800_10 ===
2025-12-16 10:12:29,552 - MainThread - INFO - RMSE: 22.9472
2025-12-16 10:12:29,553 - MainThread - INFO - MAE: 9.4878
2025-12-16 10:12:29,554 - MainThread - INFO - R²: 0.9975
2025-12-16 10:12:29,554 - MainThread - INFO - Pearson Correlation: 0.9988
2025-12-16 10:16:34,111 - MainThread - INFO - 
=== Validation Evaluation Metrics for experiment 800_10 ===
2025-12-16 10:16:34,112 - MainThread - INFO - RMSE: 22.9742
2025-12-16 10:16:34,112 - MainThread - INFO - MAE: 9.4894
2025-12-16 10:16:34,112 - MainThread - INFO - R²: 0.9975
2025-12-16 10:16:34,112 - MainThread - INFO - Pearson Correlation: 0.9988
2025-12-16 10:18:37,423 - MainThread - INFO - 
=== Test Evaluation Metrics for experiment 800_10 ===
2025-12-16 10:18:37,423 - MainThread - INFO - RMSE: 22.9321
2025-12-16 10:18:37,423 - MainThread - INFO - MAE: 9.4696
2025-12-16 10:18:37,423 - MainThread - INFO - R²: 0.9975
2025-12-16 10:18:37,424 - MainThread - INFO - Pearson Correlation: 0.9988
2025-12-16 10:20:12,305 - MainThread - INFO - Completed experiment 800_10
------------------------------------------------------------
2025-12-16 10:20:12,305 - MainThread - INFO - 
=== Experiment 21/25: 1000_2 ===
2025-12-16 10:20:12,714 - MainThread - INFO - Loaded data shape: X=(11194698, 4), y=(11194698, 1)
2025-12-16 10:20:12,754 - MainThread - INFO - [1000_2] Data-derived initial temperature T_initial = 293.150 K
2025-12-16 10:21:29,471 - MainThread - INFO - Input scaler for 1000_2 - mins: [0.         0.0149951  0.16491048 0.004     ], scales: [5.1391302e+02 2.0000981e-01 5.1790476e-03 3.2060756e-03]
2025-12-16 10:21:34,610 - MainThread - INFO - [1000_2] Starting Stage 1 (data-only) training for 100 epochs...
2025-12-16 10:33:24,543 - MainThread - INFO - [1000_2] Stage 1 (data-only) training complete.
2025-12-16 10:33:58,566 - MainThread - INFO - [1000_2] Epoch 1/250 | Avg Total: 1.6355e+02 | Val Data: 7.2777e+00 | Avg(Data=1.636e+02, PDE=7.653e+17, BC=6.674e+11, IC=2.118e+01) | w_data=1.0e+00, w_pde=0.0e+00, w_bc=0.0e+00, w_ic=0.0e+00
2025-12-16 10:38:39,094 - MainThread - INFO - [1000_2] Epoch 10/250 | Avg Total: 1.9101e+01 | Val Data: 6.6047e+00 | Avg(Data=1.910e+01, PDE=8.137e+17, BC=6.801e+11, IC=9.026e+00) | w_data=1.0e+00, w_pde=0.0e+00, w_bc=0.0e+00, w_ic=0.0e+00
2025-12-16 10:44:06,598 - MainThread - INFO - [1000_2] Epoch 20/250 | Avg Total: 2.1366e+01 | Val Data: 7.6930e+00 | Avg(Data=2.137e+01, PDE=7.987e+17, BC=6.772e+11, IC=8.766e+00) | w_data=1.0e+00, w_pde=0.0e+00, w_bc=0.0e+00, w_ic=0.0e+00
2025-12-16 10:44:06,599 - MainThread - INFO - [1000_2] Reducing LR 5.00e-05 → 2.50e-05
2025-12-16 10:52:11,283 - MainThread - INFO - [1000_2] Epoch 30/250 | Avg Total: 2.2978e+04 | Val Data: 1.8179e+03 | Avg(Data=2.952e+03, PDE=1.999e+16, BC=1.133e+12, IC=4.372e+03) | w_data=1.0e+00, w_pde=1.0e-12, w_bc=1.0e-12, w_ic=6.9e-03
2025-12-16 10:58:06,732 - MainThread - INFO - [1000_2] Epoch 40/250 | Avg Total: 1.5298e+04 | Val Data: 1.3916e+03 | Avg(Data=2.207e+03, PDE=1.308e+16, BC=7.238e+11, IC=1.695e+03) | w_data=1.0e+00, w_pde=1.0e-12, w_bc=1.0e-12, w_ic=4.4e-03
2025-12-16 10:58:06,733 - MainThread - INFO - [1000_2] Reducing LR 2.50e-05 → 1.25e-05
2025-12-16 10:59:44,903 - MainThread - INFO - [1000_2] Early stopping at epoch 43. Best val data loss: 6.2291e+00
2025-12-16 10:59:44,907 - MainThread - WARNING - You are saving your model as an HDF5 file via `model.save()` or `keras.saving.save_model(model)`. This file format is considered legacy. We recommend using instead the native Keras format, e.g. `model.save('my_model.keras')` or `keras.saving.save_model(model, 'my_model.keras')`. 
2025-12-16 11:17:18,638 - MainThread - INFO - 
=== Training Evaluation Metrics for experiment 1000_2 ===
2025-12-16 11:17:18,639 - MainThread - INFO - RMSE: 2.4927
2025-12-16 11:17:18,639 - MainThread - INFO - MAE: 1.1495
2025-12-16 11:17:18,639 - MainThread - INFO - R²: 0.9992
2025-12-16 11:17:18,640 - MainThread - INFO - Pearson Correlation: 0.9996
2025-12-16 11:21:47,369 - MainThread - INFO - 
=== Validation Evaluation Metrics for experiment 1000_2 ===
2025-12-16 11:21:47,369 - MainThread - INFO - RMSE: 2.4958
2025-12-16 11:21:47,369 - MainThread - INFO - MAE: 1.1492
2025-12-16 11:21:47,369 - MainThread - INFO - R²: 0.9992
2025-12-16 11:21:47,369 - MainThread - INFO - Pearson Correlation: 0.9996
2025-12-16 11:23:50,475 - MainThread - INFO - 
=== Test Evaluation Metrics for experiment 1000_2 ===
2025-12-16 11:23:50,475 - MainThread - INFO - RMSE: 2.5289
2025-12-16 11:23:50,475 - MainThread - INFO - MAE: 1.1511
2025-12-16 11:23:50,475 - MainThread - INFO - R²: 0.9992
2025-12-16 11:23:50,475 - MainThread - INFO - Pearson Correlation: 0.9996
2025-12-16 11:25:40,553 - MainThread - INFO - Completed experiment 1000_2
------------------------------------------------------------
2025-12-16 11:25:40,553 - MainThread - INFO - 
=== Experiment 22/25: 1000_4 ===
2025-12-16 11:25:40,910 - MainThread - INFO - Loaded data shape: X=(10728542, 4), y=(10728542, 1)
2025-12-16 11:25:40,961 - MainThread - INFO - [1000_4] Data-derived initial temperature T_initial = 293.150 K
2025-12-16 11:26:16,145 - MainThread - INFO - Input scaler for 1000_4 - mins: [0.         0.0149951  0.16491048 0.004     ], scales: [6.9391302e+02 2.0000981e-01 5.1790476e-03 3.2060756e-03]
2025-12-16 11:26:17,059 - MainThread - INFO - [1000_4] Starting Stage 1 (data-only) training for 100 epochs...
2025-12-16 11:37:02,173 - MainThread - INFO - [1000_4] Stage 1 (data-only) training complete.
2025-12-16 11:37:32,726 - MainThread - INFO - [1000_4] Epoch 1/250 | Avg Total: 1.5583e+02 | Val Data: 4.4161e+01 | Avg(Data=1.558e+02, PDE=2.445e+18, BC=1.883e+12, IC=1.180e+02) | w_data=1.0e+00, w_pde=0.0e+00, w_bc=0.0e+00, w_ic=0.0e+00
2025-12-16 11:42:06,634 - MainThread - INFO - [1000_4] Epoch 10/250 | Avg Total: 7.8383e+01 | Val Data: 7.4638e+01 | Avg(Data=7.838e+01, PDE=2.384e+18, BC=2.051e+12, IC=9.493e+01) | w_data=1.0e+00, w_pde=0.0e+00, w_bc=0.0e+00, w_ic=0.0e+00
2025-12-16 11:47:15,922 - MainThread - INFO - [1000_4] Epoch 20/250 | Avg Total: 1.6002e+02 | Val Data: 1.4610e+02 | Avg(Data=1.600e+02, PDE=2.305e+18, BC=2.030e+12, IC=7.603e+01) | w_data=1.0e+00, w_pde=0.0e+00, w_bc=0.0e+00, w_ic=0.0e+00
2025-12-16 11:47:15,922 - MainThread - INFO - [1000_4] Reducing LR 5.00e-05 → 2.50e-05
2025-12-16 11:52:21,102 - MainThread - INFO - [1000_4] Epoch 30/250 | Avg Total: 6.2040e+04 | Val Data: 1.5415e+04 | Avg(Data=1.962e+04, PDE=4.236e+16, BC=8.628e+11, IC=1.754e+04) | w_data=1.0e+00, w_pde=1.0e-12, w_bc=1.0e-12, w_ic=3.2e-03
2025-12-16 11:57:29,736 - MainThread - INFO - [1000_4] Epoch 40/250 | Avg Total: 1.9721e+04 | Val Data: 9.4625e+03 | Avg(Data=1.195e+04, PDE=7.736e+15, BC=1.317e+12, IC=1.306e+04) | w_data=1.0e+00, w_pde=1.0e-12, w_bc=1.0e-12, w_ic=2.4e-03
2025-12-16 11:57:29,736 - MainThread - INFO - [1000_4] Reducing LR 2.50e-05 → 1.25e-05
2025-12-16 12:00:03,755 - MainThread - INFO - [1000_4] Early stopping at epoch 45. Best val data loss: 3.7272e+01
2025-12-16 12:00:03,759 - MainThread - WARNING - You are saving your model as an HDF5 file via `model.save()` or `keras.saving.save_model(model)`. This file format is considered legacy. We recommend using instead the native Keras format, e.g. `model.save('my_model.keras')` or `keras.saving.save_model(model, 'my_model.keras')`. 
2025-12-16 12:11:33,057 - MainThread - INFO - 
=== Training Evaluation Metrics for experiment 1000_4 ===
2025-12-16 12:11:33,058 - MainThread - INFO - RMSE: 6.1581
2025-12-16 12:11:33,058 - MainThread - INFO - MAE: 2.6334
2025-12-16 12:11:33,058 - MainThread - INFO - R²: 0.9987
2025-12-16 12:11:33,058 - MainThread - INFO - Pearson Correlation: 0.9993
2025-12-16 12:15:19,104 - MainThread - INFO - 
=== Validation Evaluation Metrics for experiment 1000_4 ===
2025-12-16 12:15:19,104 - MainThread - INFO - RMSE: 6.1051
2025-12-16 12:15:19,104 - MainThread - INFO - MAE: 2.6317
2025-12-16 12:15:19,104 - MainThread - INFO - R²: 0.9987
2025-12-16 12:15:19,104 - MainThread - INFO - Pearson Correlation: 0.9994
2025-12-16 12:17:14,122 - MainThread - INFO - 
=== Test Evaluation Metrics for experiment 1000_4 ===
2025-12-16 12:17:14,122 - MainThread - INFO - RMSE: 6.0999
2025-12-16 12:17:14,122 - MainThread - INFO - MAE: 2.6324
2025-12-16 12:17:14,122 - MainThread - INFO - R²: 0.9987
2025-12-16 12:17:14,122 - MainThread - INFO - Pearson Correlation: 0.9994
2025-12-16 12:18:56,018 - MainThread - INFO - Completed experiment 1000_4
------------------------------------------------------------
2025-12-16 12:18:56,018 - MainThread - INFO - 
=== Experiment 23/25: 1000_6 ===
2025-12-16 12:18:56,266 - MainThread - INFO - Loaded data shape: X=(10437696, 4), y=(10437696, 1)
2025-12-16 12:18:56,299 - MainThread - INFO - [1000_6] Data-derived initial temperature T_initial = 293.150 K
2025-12-16 12:19:00,420 - MainThread - INFO - Input scaler for 1000_6 - mins: [0.         0.0149951  0.16491048 0.004     ], scales: [7.9473102e+02 2.0000981e-01 5.1790476e-03 3.2060756e-03]
2025-12-16 12:19:01,458 - MainThread - INFO - [1000_6] Starting Stage 1 (data-only) training for 100 epochs...
2025-12-16 12:28:27,533 - MainThread - INFO - [1000_6] Stage 1 (data-only) training complete.
2025-12-16 12:28:57,857 - MainThread - INFO - [1000_6] Epoch 1/250 | Avg Total: 2.5909e+02 | Val Data: 4.2899e+01 | Avg(Data=2.591e+02, PDE=5.056e+18, BC=6.876e+12, IC=4.038e+01) | w_data=1.0e+00, w_pde=0.0e+00, w_bc=0.0e+00, w_ic=0.0e+00
2025-12-16 12:33:24,478 - MainThread - INFO - [1000_6] Epoch 10/250 | Avg Total: 6.7083e+01 | Val Data: 1.0109e+02 | Avg(Data=6.708e+01, PDE=5.165e+18, BC=7.257e+12, IC=3.438e+01) | w_data=1.0e+00, w_pde=0.0e+00, w_bc=0.0e+00, w_ic=0.0e+00
2025-12-16 12:38:21,924 - MainThread - INFO - [1000_6] Epoch 20/250 | Avg Total: 5.0510e+01 | Val Data: 4.6282e+01 | Avg(Data=5.051e+01, PDE=4.992e+18, BC=7.295e+12, IC=2.424e+01) | w_data=1.0e+00, w_pde=0.0e+00, w_bc=0.0e+00, w_ic=0.0e+00
2025-12-16 12:38:21,925 - MainThread - INFO - [1000_6] Reducing LR 5.00e-05 → 2.50e-05
2025-12-16 12:46:25,489 - MainThread - INFO - [1000_6] Epoch 30/250 | Avg Total: 4.0017e+04 | Val Data: 2.0036e+04 | Avg(Data=2.329e+04, PDE=1.669e+16, BC=2.672e+11, IC=2.119e+04) | w_data=1.0e+00, w_pde=1.0e-12, w_bc=1.0e-12, w_ic=1.7e-03
2025-12-16 12:52:24,805 - MainThread - INFO - [1000_6] Epoch 40/250 | Avg Total: 3.5602e+04 | Val Data: 2.1543e+04 | Avg(Data=2.428e+04, PDE=1.130e+16, BC=3.504e+11, IC=1.669e+04) | w_data=1.0e+00, w_pde=1.0e-12, w_bc=1.0e-12, w_ic=1.1e-03
2025-12-16 12:52:24,805 - MainThread - INFO - [1000_6] Reducing LR 2.50e-05 → 1.25e-05
2025-12-16 12:53:26,435 - MainThread - INFO - [1000_6] Early stopping at epoch 42. Best val data loss: 3.1171e+01
2025-12-16 12:53:26,439 - MainThread - WARNING - You are saving your model as an HDF5 file via `model.save()` or `keras.saving.save_model(model)`. This file format is considered legacy. We recommend using instead the native Keras format, e.g. `model.save('my_model.keras')` or `keras.saving.save_model(model, 'my_model.keras')`. 
2025-12-16 13:06:06,075 - MainThread - INFO - 
=== Training Evaluation Metrics for experiment 1000_6 ===
2025-12-16 13:06:06,076 - MainThread - INFO - RMSE: 5.6063
2025-12-16 13:06:06,076 - MainThread - INFO - MAE: 2.3104
2025-12-16 13:06:06,076 - MainThread - INFO - R²: 0.9995
2025-12-16 13:06:06,076 - MainThread - INFO - Pearson Correlation: 0.9998
2025-12-16 13:09:43,589 - MainThread - INFO - 
=== Validation Evaluation Metrics for experiment 1000_6 ===
2025-12-16 13:09:43,589 - MainThread - INFO - RMSE: 5.5831
2025-12-16 13:09:43,589 - MainThread - INFO - MAE: 2.3125
2025-12-16 13:09:43,589 - MainThread - INFO - R²: 0.9995
2025-12-16 13:09:43,589 - MainThread - INFO - Pearson Correlation: 0.9998
2025-12-16 13:11:31,311 - MainThread - INFO - 
=== Test Evaluation Metrics for experiment 1000_6 ===
2025-12-16 13:11:31,311 - MainThread - INFO - RMSE: 5.6618
2025-12-16 13:11:31,311 - MainThread - INFO - MAE: 2.3122
2025-12-16 13:11:31,311 - MainThread - INFO - R²: 0.9995
2025-12-16 13:11:31,311 - MainThread - INFO - Pearson Correlation: 0.9998
2025-12-16 13:13:06,848 - MainThread - INFO - Completed experiment 1000_6
------------------------------------------------------------
2025-12-16 13:13:06,848 - MainThread - INFO - 
=== Experiment 24/25: 1000_8 ===
2025-12-16 13:13:07,108 - MainThread - INFO - Loaded data shape: X=(10031306, 4), y=(10031306, 1)
2025-12-16 13:13:07,144 - MainThread - INFO - [1000_8] Data-derived initial temperature T_initial = 293.150 K
2025-12-16 13:13:11,385 - MainThread - INFO - Input scaler for 1000_8 - mins: [0.         0.0149951  0.16491048 0.004     ], scales: [9.3174799e+02 2.0000981e-01 5.1790476e-03 3.2060756e-03]
2025-12-16 13:13:12,111 - MainThread - INFO - [1000_8] Starting Stage 1 (data-only) training for 100 epochs...
2025-12-16 13:23:30,752 - MainThread - INFO - [1000_8] Stage 1 (data-only) training complete.
2025-12-16 13:24:01,563 - MainThread - INFO - [1000_8] Epoch 1/250 | Avg Total: 3.0665e+02 | Val Data: 1.5799e+02 | Avg(Data=3.067e+02, PDE=6.550e+18, BC=8.043e+12, IC=1.403e+02) | w_data=1.0e+00, w_pde=0.0e+00, w_bc=0.0e+00, w_ic=0.0e+00
2025-12-16 13:28:22,258 - MainThread - INFO - [1000_8] Epoch 10/250 | Avg Total: 3.9522e+02 | Val Data: 1.4552e+02 | Avg(Data=3.952e+02, PDE=6.992e+18, BC=8.765e+12, IC=9.740e+01) | w_data=1.0e+00, w_pde=0.0e+00, w_bc=0.0e+00, w_ic=0.0e+00
2025-12-16 13:33:11,066 - MainThread - INFO - [1000_8] Epoch 20/250 | Avg Total: 1.5485e+02 | Val Data: 1.1892e+02 | Avg(Data=1.549e+02, PDE=6.824e+18, BC=9.200e+12, IC=9.706e+01) | w_data=1.0e+00, w_pde=0.0e+00, w_bc=0.0e+00, w_ic=0.0e+00
2025-12-16 13:33:11,067 - MainThread - INFO - [1000_8] Reducing LR 5.00e-05 → 2.50e-05
2025-12-16 13:38:12,896 - MainThread - INFO - [1000_8] Epoch 30/250 | Avg Total: 1.8510e+05 | Val Data: 2.3503e+04 | Avg(Data=2.950e+04, PDE=1.552e+17, BC=1.721e+12, IC=2.308e+04) | w_data=1.0e+00, w_pde=1.0e-12, w_bc=1.0e-12, w_ic=1.9e-02
2025-12-16 13:43:12,286 - MainThread - INFO - [1000_8] Epoch 40/250 | Avg Total: 2.0107e+05 | Val Data: 1.9723e+04 | Avg(Data=2.639e+04, PDE=1.743e+17, BC=4.255e+12, IC=1.641e+04) | w_data=1.0e+00, w_pde=1.0e-12, w_bc=1.0e-12, w_ic=2.1e-02
2025-12-16 13:43:12,286 - MainThread - INFO - [1000_8] Reducing LR 2.50e-05 → 1.25e-05
2025-12-16 13:48:08,625 - MainThread - INFO - [1000_8] Epoch 50/250 | Avg Total: 1.5951e+05 | Val Data: 2.0551e+04 | Avg(Data=2.447e+04, PDE=1.348e+17, BC=4.287e+12, IC=1.054e+04) | w_data=1.0e+00, w_pde=1.0e-12, w_bc=1.0e-12, w_ic=2.7e-02
2025-12-16 13:49:41,345 - MainThread - INFO - [1000_8] Early stopping at epoch 53. Best val data loss: 8.1747e+01
2025-12-16 13:49:41,349 - MainThread - WARNING - You are saving your model as an HDF5 file via `model.save()` or `keras.saving.save_model(model)`. This file format is considered legacy. We recommend using instead the native Keras format, e.g. `model.save('my_model.keras')` or `keras.saving.save_model(model, 'my_model.keras')`. 
2025-12-16 14:01:27,060 - MainThread - INFO - 
=== Training Evaluation Metrics for experiment 1000_8 ===
2025-12-16 14:01:27,061 - MainThread - INFO - RMSE: 8.9636
2025-12-16 14:01:27,062 - MainThread - INFO - MAE: 3.3684
2025-12-16 14:01:27,062 - MainThread - INFO - R²: 0.9993
2025-12-16 14:01:27,063 - MainThread - INFO - Pearson Correlation: 0.9997
2025-12-16 14:05:05,028 - MainThread - INFO - 
=== Validation Evaluation Metrics for experiment 1000_8 ===
2025-12-16 14:05:05,028 - MainThread - INFO - RMSE: 9.0414
2025-12-16 14:05:05,028 - MainThread - INFO - MAE: 3.3764
2025-12-16 14:05:05,028 - MainThread - INFO - R²: 0.9993
2025-12-16 14:05:05,028 - MainThread - INFO - Pearson Correlation: 0.9997
2025-12-16 14:06:51,170 - MainThread - INFO - 
=== Test Evaluation Metrics for experiment 1000_8 ===
2025-12-16 14:06:51,170 - MainThread - INFO - RMSE: 9.0553
2025-12-16 14:06:51,170 - MainThread - INFO - MAE: 3.3732
2025-12-16 14:06:51,170 - MainThread - INFO - R²: 0.9993
2025-12-16 14:06:51,170 - MainThread - INFO - Pearson Correlation: 0.9997
2025-12-16 14:08:31,657 - MainThread - INFO - Completed experiment 1000_8
------------------------------------------------------------
2025-12-16 14:08:31,657 - MainThread - INFO - 
=== Experiment 25/25: 1000_10 ===
2025-12-16 14:08:31,856 - MainThread - INFO - Loaded data shape: X=(9973256, 4), y=(9973256, 1)
2025-12-16 14:08:31,895 - MainThread - INFO - [1000_10] Data-derived initial temperature T_initial = 293.150 K
2025-12-16 14:08:35,321 - MainThread - INFO - Input scaler for 1000_10 - mins: [0.         0.0149951  0.16491048 0.004     ], scales: [1.0098800e+03 2.0000981e-01 5.1790476e-03 3.2060756e-03]
2025-12-16 14:08:36,051 - MainThread - INFO - [1000_10] Starting Stage 1 (data-only) training for 100 epochs...
2025-12-16 14:18:46,310 - MainThread - INFO - [1000_10] Stage 1 (data-only) training complete.
2025-12-16 14:19:15,524 - MainThread - INFO - [1000_10] Epoch 1/250 | Avg Total: 1.1711e+03 | Val Data: 4.1704e+02 | Avg(Data=1.171e+03, PDE=8.620e+18, BC=1.517e+13, IC=5.166e+02) | w_data=1.0e+00, w_pde=0.0e+00, w_bc=0.0e+00, w_ic=0.0e+00
2025-12-16 14:23:40,609 - MainThread - INFO - [1000_10] Epoch 10/250 | Avg Total: 4.0562e+02 | Val Data: 2.7425e+02 | Avg(Data=4.056e+02, PDE=8.722e+18, BC=1.643e+13, IC=3.409e+02) | w_data=1.0e+00, w_pde=0.0e+00, w_bc=0.0e+00, w_ic=0.0e+00
2025-12-16 14:28:40,104 - MainThread - INFO - [1000_10] Epoch 20/250 | Avg Total: 3.9435e+02 | Val Data: 2.8247e+02 | Avg(Data=3.943e+02, PDE=8.947e+18, BC=1.725e+13, IC=3.525e+02) | w_data=1.0e+00, w_pde=0.0e+00, w_bc=0.0e+00, w_ic=0.0e+00
2025-12-16 14:28:40,105 - MainThread - INFO - [1000_10] Reducing LR 5.00e-05 → 2.50e-05
2025-12-16 14:35:33,838 - MainThread - INFO - [1000_10] Epoch 30/250 | Avg Total: 1.5511e+05 | Val Data: 3.2473e+04 | Avg(Data=4.460e+04, PDE=1.099e+17, BC=2.936e+12, IC=5.351e+04) | w_data=1.0e+00, w_pde=1.0e-12, w_bc=1.0e-12, w_ic=1.1e-02
2025-12-16 14:41:04,107 - MainThread - INFO - [1000_10] Epoch 40/250 | Avg Total: 2.1428e+05 | Val Data: 2.4502e+04 | Avg(Data=2.850e+04, PDE=1.855e+17, BC=5.521e+12, IC=3.448e+04) | w_data=1.0e+00, w_pde=1.0e-12, w_bc=1.0e-12, w_ic=8.2e-03
2025-12-16 14:41:04,107 - MainThread - INFO - [1000_10] Reducing LR 2.50e-05 → 1.25e-05
2025-12-16 14:43:12,659 - MainThread - INFO - [1000_10] Early stopping at epoch 44. Best val data loss: 2.7328e+02
2025-12-16 14:43:12,662 - MainThread - WARNING - You are saving your model as an HDF5 file via `model.save()` or `keras.saving.save_model(model)`. This file format is considered legacy. We recommend using instead the native Keras format, e.g. `model.save('my_model.keras')` or `keras.saving.save_model(model, 'my_model.keras')`. 
2025-12-16 14:57:50,528 - MainThread - INFO - 
=== Training Evaluation Metrics for experiment 1000_10 ===
2025-12-16 14:57:50,529 - MainThread - INFO - RMSE: 16.7158
2025-12-16 14:57:50,530 - MainThread - INFO - MAE: 7.4456
2025-12-16 14:57:50,530 - MainThread - INFO - R²: 0.9984
2025-12-16 14:57:50,531 - MainThread - INFO - Pearson Correlation: 0.9992
2025-12-16 15:01:50,750 - MainThread - INFO - 
=== Validation Evaluation Metrics for experiment 1000_10 ===
2025-12-16 15:01:50,750 - MainThread - INFO - RMSE: 16.5312
2025-12-16 15:01:50,750 - MainThread - INFO - MAE: 7.4418
2025-12-16 15:01:50,751 - MainThread - INFO - R²: 0.9984
2025-12-16 15:01:50,751 - MainThread - INFO - Pearson Correlation: 0.9992
2025-12-16 15:03:42,403 - MainThread - INFO - 
=== Test Evaluation Metrics for experiment 1000_10 ===
2025-12-16 15:03:42,403 - MainThread - INFO - RMSE: 16.7811
2025-12-16 15:03:42,403 - MainThread - INFO - MAE: 7.4517
2025-12-16 15:03:42,403 - MainThread - INFO - R²: 0.9984
2025-12-16 15:03:42,403 - MainThread - INFO - Pearson Correlation: 0.9992
2025-12-16 15:05:20,326 - MainThread - INFO - Completed experiment 1000_10
------------------------------------------------------------
2025-12-16 15:05:20,326 - MainThread - INFO - 
=== Training Complete ===
2025-12-16 15:05:20,326 - MainThread - INFO - Trained 25 models successfully!
2025-12-16 15:05:20,326 - MainThread - INFO - All models saved in 'trained_models_PINNS/' directory
2025-12-16 15:05:20,326 - MainThread - INFO - Evaluation metrics saved in 'evaluation_results_PINNS/' directory
2025-12-16 15:05:20,326 - MainThread - INFO - Training plots saved in 'training_plots_PINNS/' directory
2025-12-16 15:05:20,326 - MainThread - INFO - Temp-vs-time plots saved in 'evaluation_plots_PINNS/' directory
2025-12-16 15:05:20,327 - MainThread - INFO - === Summary of Test Results Across All Experiments ===
2025-12-16 15:05:20,328 - MainThread - INFO - Average RMSE: 10.8754 ± 6.3996
2025-12-16 15:05:20,328 - MainThread - INFO - Average MAE: 4.1252 ± 2.2701
2025-12-16 15:05:20,329 - MainThread - INFO - Average R²: 0.9989 ± 0.0006
2025-12-16 15:05:20,329 - MainThread - INFO - Average Pearson Correlation: 0.9995 ± 0.0003
2025-12-16 15:05:20,331 - MainThread - INFO - 
Best performing experiment: 200_10 (R² = 0.9997)
2025-12-16 15:05:20,331 - MainThread - INFO - Worst performing experiment: 400_10 (R² = 0.9973)
2025-12-16 15:05:20,368 - MainThread - INFO - Summary results saved to 'evaluation_results_PINNS/all_experiments_test_summary.csv'
2025-12-16 15:05:21,312 - MainThread - INFO - Metrics distribution plots saved to 'evaluation_results_PINNS/metrics_distribution_summary.png'
