2025-12-03 22:33:14,171 - MainThread - INFO - GPU memory growth setting failed: Physical devices cannot be modified after being initialized
2025-12-03 22:33:14,171 - MainThread - INFO - 
=== Experiment 1/1: 200_2 ===
2025-12-03 22:33:14,411 - MainThread - INFO - Loaded data shape: X=(9799368, 4), y=(9799368, 1)
2025-12-03 22:33:14,458 - MainThread - INFO - [200_2] Data-derived initial temperature T_initial = 298.150 K
2025-12-03 22:33:16,949 - MainThread - INFO - Input scaler for 200_2 - mins: [0.         0.0149951  0.16491048 0.004     ], scales: [1.0038600e+03 2.0000981e-01 5.1790476e-03 3.2060756e-03]
2025-12-03 22:33:16,949 - MainThread - INFO - Physics parameters loaded - V: 10.1V, I: 70A, Efficiency: 0.7
2025-12-03 22:33:18,537 - MainThread - INFO - [200_2] Starting Stage 1 (data-only) training for 100 epochs...
2025-12-03 22:45:02,721 - MainThread - INFO - [200_2] Stage 1 (data-only) training complete.
2025-12-03 22:45:02,722 - MainThread - INFO - Model parameters: {'input_dim': 4, 'output_dim': 1, 'layer_sizes': [128, 128, 64, 64, 32, 16, 1], 'activation': 'relu', 'w_data': 0.001, 'w_pde': 1e-10, 'w_bc': 1e-08, 'w_ic': 0.0001}
2025-12-03 22:45:02,723 - MainThread - INFO - Training parameters (PINN stage): {'epochs_data_only': 100, 'epochs_pinn': 250, 'batch_size': 8192, 'learning_rate': 5e-05, 'early_stopping_patience': 40, 'lr_reduce_patience': 20, 'lr_reduce_factor': 0.5, 'min_lr': 1e-06, 'pde_warmup_epochs': 20, 'max_grad_norm': 1.0, 'bc_batch_size': 2048, 'ic_batch_size': 2048, 'max_batches_per_epoch': 60, 'physics_batch_size': 2048}
2025-12-03 22:45:02,723 - MainThread - INFO - Starting PINN training for experiment: 200_2
2025-12-03 22:45:02,723 - MainThread - INFO - Configuration - Epochs: 250, Data Batch Size: 8192, Physics Batch Size: 2048
2025-12-03 22:45:02,725 - MainThread - INFO - Dataset sizes - Train: 7055544, Validation: 1763887, Test: 979937
2025-12-03 22:45:02,725 - MainThread - INFO - PDE domain size (X_all): 9799368 points
2025-12-03 22:45:32,047 - MainThread - INFO - [200_2] Epoch 1/250 | Avg Total Loss: 8.9900e+01 | Val Data Loss: 6.3640e+01 | (Data=6.130e+01, PDE=2.211e+17, BC=2.262e+12, IC=7.363e+00) | w_data=1.0e+00, w_pde=0.0e+00, w_bc=0.0e+00, w_ic=1.0e-01
2025-12-03 22:49:14,812 - MainThread - INFO - [200_2] Epoch 10/250 | Avg Total Loss: 6.8442e+01 | Val Data Loss: 5.5058e+01 | (Data=5.925e+01, PDE=2.064e+17, BC=2.526e+12, IC=4.596e+00) | w_data=1.0e+00, w_pde=0.0e+00, w_bc=0.0e+00, w_ic=1.0e-01
2025-12-03 22:53:21,983 - MainThread - INFO - [200_2] Epoch 20/250 | Avg Total Loss: 6.3567e+01 | Val Data Loss: 5.7513e+01 | (Data=8.559e+01, PDE=1.536e+17, BC=2.319e+12, IC=3.187e+00) | w_data=1.0e+00, w_pde=0.0e+00, w_bc=0.0e+00, w_ic=1.0e-01
2025-12-03 22:53:21,984 - MainThread - INFO - [200_2] Reducing learning rate from 5.00e-05 to 2.50e-05 after 20 epochs without sufficient improvement.
2025-12-03 22:57:28,809 - MainThread - INFO - [200_2] Epoch 30/250 | Avg Total Loss: 7.9824e+08 | Val Data Loss: 2.3416e+05 | (Data=5.722e+05, PDE=6.694e+15, BC=1.687e+11, IC=1.627e+04) | w_data=1.0e+00, w_pde=1.1e-07, w_bc=2.0e-06, w_ic=1.0e-01
2025-12-03 23:01:34,827 - MainThread - INFO - [200_2] Epoch 40/250 | Avg Total Loss: 1.7615e+08 | Val Data Loss: 2.1092e+05 | (Data=4.282e+05, PDE=1.253e+15, BC=8.849e+10, IC=3.701e+03) | w_data=1.0e+00, w_pde=1.2e-07, w_bc=2.4e-06, w_ic=1.0e-01
2025-12-03 23:01:34,828 - MainThread - INFO - [200_2] Reducing learning rate from 2.50e-05 to 1.25e-05 after 20 epochs without sufficient improvement.
2025-12-03 23:05:41,313 - MainThread - INFO - [200_2] Epoch 50/250 | Avg Total Loss: 8.4631e+07 | Val Data Loss: 2.3915e+05 | (Data=5.081e+05, PDE=6.223e+14, BC=5.939e+10, IC=1.145e+04) | w_data=1.0e+00, w_pde=1.3e-07, w_bc=2.8e-06, w_ic=1.0e-01
2025-12-03 23:07:45,078 - MainThread - INFO - [200_2] Early stopping in PINN stage at epoch 55. Best validation data loss: 5.3004e+01
2025-12-03 23:07:45,082 - MainThread - WARNING - You are saving your model as an HDF5 file via `model.save()` or `keras.saving.save_model(model)`. This file format is considered legacy. We recommend using instead the native Keras format, e.g. `model.save('my_model.keras')` or `keras.saving.save_model(model, 'my_model.keras')`. 
2025-12-03 23:07:45,107 - MainThread - INFO - Model saved: model_200_2.h5
2025-12-03 23:07:45,107 - MainThread - INFO - Input scaler saved: input_scaler_200_2.npz
2025-12-03 23:07:46,167 - MainThread - INFO - PINN training plot saved for 200_2
2025-12-03 23:07:46,167 - MainThread - INFO - Starting final evaluation for 200_2
2025-12-03 23:21:24,448 - MainThread - INFO - 
=== Training Evaluation Metrics for experiment 200_2 ===
2025-12-03 23:21:24,448 - MainThread - INFO - RMSE: 7.2716
2025-12-03 23:21:24,448 - MainThread - INFO - MAE: 2.5253
2025-12-03 23:21:24,448 - MainThread - INFO - R²: 0.9990
2025-12-03 23:21:24,448 - MainThread - INFO - Pearson Correlation: 0.9995
