2025-12-03 23:23:46,812 - MainThread - INFO - GPU memory growth setting failed: Physical devices cannot be modified after being initialized
2025-12-03 23:23:46,813 - MainThread - INFO - 
=== Experiment 1/1: 200_2 ===
2025-12-03 23:23:46,989 - MainThread - INFO - Loaded data shape: X=(9799368, 4), y=(9799368, 1)
2025-12-03 23:23:47,023 - MainThread - INFO - [200_2] Mean initial temperature at t0 = 298.150 K
2025-12-03 23:23:49,507 - MainThread - INFO - Input scaler for 200_2 - mins: [0.         0.0149951  0.16491048 0.004     ], scales: [1.0038600e+03 2.0000981e-01 5.1790476e-03 3.2060756e-03]
2025-12-03 23:23:49,508 - MainThread - INFO - Physics parameters loaded - V: 10.1V, I: 70A, Efficiency: 0.7
2025-12-03 23:23:50,833 - MainThread - INFO - [200_2] Starting Stage 1 (data-only) training for 100 epochs...
2025-12-03 23:35:33,488 - MainThread - INFO - [200_2] Stage 1 (data-only) training complete.
2025-12-03 23:35:33,489 - MainThread - INFO - Model parameters: {'input_dim': 4, 'output_dim': 1, 'layer_sizes': [128, 128, 64, 64, 32, 16, 1], 'activation': 'relu', 'w_data': 0.001, 'w_pde': 1e-10, 'w_bc': 1e-08, 'w_ic': 0.0001}
2025-12-03 23:35:33,489 - MainThread - INFO - Training parameters (PINN stage): {'epochs_data_only': 100, 'epochs_pinn': 250, 'batch_size': 8192, 'learning_rate': 5e-05, 'early_stopping_patience': 40, 'lr_reduce_patience': 20, 'lr_reduce_factor': 0.5, 'min_lr': 1e-06, 'pde_warmup_epochs': 20, 'max_grad_norm': 1.0, 'bc_batch_size': 2048, 'ic_batch_size': 2048, 'max_batches_per_epoch': 60, 'physics_batch_size': 2048}
2025-12-03 23:35:33,489 - MainThread - INFO - Starting PINN training for experiment: 200_2
2025-12-03 23:35:33,489 - MainThread - INFO - Configuration - Epochs: 250, Data Batch Size: 8192, Physics Batch Size: 2048
2025-12-03 23:35:33,492 - MainThread - INFO - Dataset sizes - Train: 7055544, Validation: 1763887, Test: 979937
2025-12-03 23:35:33,492 - MainThread - INFO - PDE domain size (X_all): 9799368 points
2025-12-03 23:36:02,585 - MainThread - INFO - [200_2] Epoch 1/250 | Avg Total Loss: 2.0541e+02 | Val Data Loss: 5.9286e+01 | (Data=1.134e+02, PDE=2.630e+25, BC=6.159e+10, IC=7.387e-04) | w_data=1.0e+00, w_pde=0.0e+00, w_bc=0.0e+00, w_ic=0.0e+00
2025-12-03 23:39:46,347 - MainThread - INFO - [200_2] Epoch 10/250 | Avg Total Loss: 8.8336e+01 | Val Data Loss: 5.3962e+01 | (Data=5.499e+01, PDE=1.444e+25, BC=6.244e+10, IC=2.709e-04) | w_data=1.0e+00, w_pde=0.0e+00, w_bc=0.0e+00, w_ic=0.0e+00
2025-12-03 23:43:54,691 - MainThread - INFO - [200_2] Epoch 20/250 | Avg Total Loss: 9.2960e+01 | Val Data Loss: 5.7276e+01 | (Data=1.115e+02, PDE=2.051e+25, BC=6.033e+10, IC=2.972e-04) | w_data=1.0e+00, w_pde=0.0e+00, w_bc=0.0e+00, w_ic=0.0e+00
2025-12-03 23:43:54,692 - MainThread - INFO - [200_2] Reducing learning rate from 5.00e-05 to 2.50e-05 after 20 epochs without sufficient improvement.
2025-12-03 23:48:02,974 - MainThread - INFO - [200_2] Epoch 30/250 | Avg Total Loss: 1.3837e+14 | Val Data Loss: 5.0244e+05 | (Data=2.552e+06, PDE=5.604e+21, BC=6.689e+09, IC=1.286e-01) | w_data=1.0e+00, w_pde=1.6e-09, w_bc=1.4e-07, w_ic=9.1e-03
2025-12-03 23:52:09,343 - MainThread - INFO - [200_2] Epoch 40/250 | Avg Total Loss: 1.1027e+14 | Val Data Loss: 2.2242e+05 | (Data=3.709e+05, PDE=1.988e+21, BC=1.015e+09, IC=1.720e-01) | w_data=1.0e+00, w_pde=3.8e-09, w_bc=2.5e-07, w_ic=8.7e-03
2025-12-03 23:52:09,344 - MainThread - INFO - [200_2] Reducing learning rate from 2.50e-05 to 1.25e-05 after 20 epochs without sufficient improvement.
2025-12-03 23:55:50,779 - MainThread - INFO - [200_2] Early stopping in PINN stage at epoch 49. Best validation data loss: 5.3669e+01
2025-12-03 23:55:50,782 - MainThread - WARNING - You are saving your model as an HDF5 file via `model.save()` or `keras.saving.save_model(model)`. This file format is considered legacy. We recommend using instead the native Keras format, e.g. `model.save('my_model.keras')` or `keras.saving.save_model(model, 'my_model.keras')`. 
2025-12-03 23:55:50,808 - MainThread - INFO - Model saved: model_200_2.h5
2025-12-03 23:55:50,808 - MainThread - INFO - Input scaler saved: input_scaler_200_2.npz
2025-12-03 23:55:51,469 - MainThread - INFO - PINN training plot saved for 200_2
2025-12-03 23:55:51,469 - MainThread - INFO - Starting final evaluation for 200_2
2025-12-04 00:09:23,431 - MainThread - INFO - 
=== Training Evaluation Metrics for experiment 200_2 ===
2025-12-04 00:09:23,431 - MainThread - INFO - RMSE: 7.3137
2025-12-04 00:09:23,431 - MainThread - INFO - MAE: 2.8552
2025-12-04 00:09:23,431 - MainThread - INFO - R²: 0.9990
2025-12-04 00:09:23,431 - MainThread - INFO - Pearson Correlation: 0.9995
2025-12-04 00:12:31,808 - MainThread - INFO - 
=== Validation Evaluation Metrics for experiment 200_2 ===
2025-12-04 00:12:31,808 - MainThread - INFO - RMSE: 7.3259
2025-12-04 00:12:31,808 - MainThread - INFO - MAE: 2.8552
2025-12-04 00:12:31,808 - MainThread - INFO - R²: 0.9990
2025-12-04 00:12:31,808 - MainThread - INFO - Pearson Correlation: 0.9995
2025-12-04 00:13:51,475 - MainThread - INFO - 
=== Test Evaluation Metrics for experiment 200_2 ===
2025-12-04 00:13:51,475 - MainThread - INFO - RMSE: 7.2732
2025-12-04 00:13:51,475 - MainThread - INFO - MAE: 2.8543
2025-12-04 00:13:51,475 - MainThread - INFO - R²: 0.9990
2025-12-04 00:13:51,475 - MainThread - INFO - Pearson Correlation: 0.9995
2025-12-04 00:14:03,504 - MainThread - INFO - Completed training and evaluation for 200_2
2025-12-04 00:14:03,504 - MainThread - INFO - Test Metrics - RMSE: 7.2732, R²: 0.9990
2025-12-04 00:14:03,506 - MainThread - INFO - Completed experiment 200_2
------------------------------------------------------------
2025-12-04 00:14:03,506 - MainThread - INFO - 
=== Training Complete ===
2025-12-04 00:14:03,506 - MainThread - INFO - Trained 1 models successfully!
2025-12-04 00:14:03,506 - MainThread - INFO - All models saved in 'trained_models_PINNS/' directory
2025-12-04 00:14:03,506 - MainThread - INFO - Evaluation metrics saved in 'evaluation_results_PINNS/' directory
2025-12-04 00:14:03,506 - MainThread - INFO - Training plots saved in 'training_plots_PINNS/' directory
2025-12-04 00:14:03,507 - MainThread - INFO - === Summary of Test Results Across All Experiments ===
2025-12-04 00:14:03,507 - MainThread - INFO - Average RMSE: 7.2732 ± nan
2025-12-04 00:14:03,507 - MainThread - INFO - Average MAE: 2.8543 ± nan
2025-12-04 00:14:03,507 - MainThread - INFO - Average R²: 0.9990 ± nan
2025-12-04 00:14:03,508 - MainThread - INFO - Average Pearson Correlation: 0.9995 ± nan
2025-12-04 00:14:03,508 - MainThread - INFO - 
Best performing experiment (highest R²): 200_2 (R² = 0.9990)
2025-12-04 00:14:03,508 - MainThread - INFO - Worst performing experiment (lowest R²): 200_2 (R² = 0.9990)
2025-12-04 00:14:03,509 - MainThread - INFO - Summary results saved to 'evaluation_results_PINNS/all_experiments_test_summary.csv'
2025-12-04 00:14:04,200 - MainThread - INFO - Metrics distribution plots saved to 'evaluation_results_PINNS/metrics_distribution_summary.png'
